#
# There is insufficient memory for the Java Runtime Environment to continue.
# Native memory allocation (malloc) failed to allocate 2097152 bytes for AllocateHeap
# Possible reasons:
#   The system is out of physical RAM or swap space
#   The process is running with CompressedOops enabled, and the Java Heap may be blocking the growth of the native heap
# Possible solutions:
#   Reduce memory load on the system
#   Increase physical memory or swap space
#   Check if swap backing store is full
#   Decrease Java heap size (-Xmx/-Xms)
#   Decrease number of Java threads
#   Decrease Java thread stack sizes (-Xss)
#   Set larger code cache with -XX:ReservedCodeCacheSize=
#   JVM is running with Unscaled Compressed Oops mode in which the Java heap is
#     placed in the first 4GB address space. The Java Heap base address is the
#     maximum limit for the native heap growth. Please use -XX:HeapBaseMinAddress
#     to set the Java Heap base and to place the Java Heap above 4GB virtual address.
# This output file may be truncated or incomplete.
#
#  Out of Memory Error (allocation.cpp:44), pid=16048, tid=14932
#
# JRE version: OpenJDK Runtime Environment Temurin-17.0.4.1+1 (17.0.4.1+1) (build 17.0.4.1+1)
# Java VM: OpenJDK 64-Bit Server VM Temurin-17.0.4.1+1 (17.0.4.1+1, mixed mode, emulated-client, tiered, compressed oops, compressed class ptrs, g1 gc, windows-amd64)
# No core dump will be written. Minidumps are not enabled by default on client versions of Windows
#

---------------  S U M M A R Y ------------

Command Line: -Dsts.lsp.client=vscode -Dsts.log.file=/dev/null -XX:TieredStopAtLevel=1 -Xlog:jni+resolve=off -Dspring.config.location=file:c:\Users\DELL\.vscode\extensions\pivotal.vscode-spring-boot-1.39.0\language-server\BOOT-INF\classes\application.properties org.springframework.ide.vscode.boot.app.BootLanguageServerBootApp

Host: AMD Ryzen 3 3250U with Radeon Graphics         , 4 cores, 3G,  Windows 11 , 64 bit Build 22000 (10.0.22000.708)
Time: Tue Oct 11 14:47:55 2022 India Standard Time elapsed time: 2386.184031 seconds (0d 0h 39m 46s)

---------------  T H R E A D  ---------------

Current thread (0x0000026dadf26c70):  VMThread "VM Thread" [stack: 0x000000d633a00000,0x000000d633b00000] [id=14932]

Stack: [0x000000d633a00000,0x000000d633b00000]
Native frames: (J=compiled Java code, j=interpreted, Vv=VM code, C=native code)
V  [jvm.dll+0x67731a]
V  [jvm.dll+0x832284]
V  [jvm.dll+0x833a2e]
V  [jvm.dll+0x834093]
V  [jvm.dll+0x245775]
V  [jvm.dll+0xa6393]
V  [jvm.dll+0x2f59c1]
V  [jvm.dll+0x2f1640]
V  [jvm.dll+0x2d9d27]
V  [jvm.dll+0x31ce37]
V  [jvm.dll+0x83853b]
V  [jvm.dll+0x839274]
V  [jvm.dll+0x83978c]
V  [jvm.dll+0x839b64]
V  [jvm.dll+0x839c30]
V  [jvm.dll+0x7e240a]
V  [jvm.dll+0x6761a5]
C  [ucrtbase.dll+0x26c0c]
C  [KERNEL32.DLL+0x154e0]
C  [ntdll.dll+0x485b]

VM_Operation (0x000000d6355fee00): G1CollectFull, mode: safepoint, requested by thread 0x0000026db05a73d0


---------------  P R O C E S S  ---------------

Threads class SMR info:
_java_thread_list=0x0000026db0a13bb0, length=22, elements={
0x0000026dadf3d3a0, 0x0000026dadf3de60, 0x0000026dadf7e130, 0x0000026dadf7e9f0,
0x0000026dadf7f2b0, 0x0000026dadf7fb70, 0x0000026dadf82440, 0x0000026dadf834e0,
0x0000026daea98900, 0x0000026daeaa7940, 0x0000026db04e5170, 0x0000026db05a73d0,
0x0000026db05a6090, 0x0000026db05a6a30, 0x0000026db05a6560, 0x0000026db05a6f00,
0x0000026db2415130, 0x0000026db2416470, 0x0000026db2419960, 0x0000026db2419490,
0x0000026db2415600, 0x0000026db241aca0
}

Java Threads: ( => current thread )
  0x0000026dadf3d3a0 JavaThread "Reference Handler" daemon [_thread_blocked, id=11444, stack(0x000000d633b00000,0x000000d633c00000)]
  0x0000026dadf3de60 JavaThread "Finalizer" daemon [_thread_blocked, id=8964, stack(0x000000d633c00000,0x000000d633d00000)]
  0x0000026dadf7e130 JavaThread "Signal Dispatcher" daemon [_thread_blocked, id=11932, stack(0x000000d633d00000,0x000000d633e00000)]
  0x0000026dadf7e9f0 JavaThread "Attach Listener" daemon [_thread_blocked, id=16000, stack(0x000000d633e00000,0x000000d633f00000)]
  0x0000026dadf7f2b0 JavaThread "Service Thread" daemon [_thread_blocked, id=10196, stack(0x000000d633f00000,0x000000d634000000)]
  0x0000026dadf7fb70 JavaThread "Monitor Deflation Thread" daemon [_thread_blocked, id=3928, stack(0x000000d634000000,0x000000d634100000)]
  0x0000026dadf82440 JavaThread "C1 CompilerThread0" daemon [_thread_blocked, id=7000, stack(0x000000d634100000,0x000000d634200000)]
  0x0000026dadf834e0 JavaThread "Sweeper thread" daemon [_thread_blocked, id=14420, stack(0x000000d634200000,0x000000d634300000)]
  0x0000026daea98900 JavaThread "Notification Thread" daemon [_thread_blocked, id=9344, stack(0x000000d634400000,0x000000d634500000)]
  0x0000026daeaa7940 JavaThread "Common-Cleaner" daemon [_thread_blocked, id=14928, stack(0x000000d634600000,0x000000d634700000)]
  0x0000026db04e5170 JavaThread "boundedElastic-evictor-1" daemon [_thread_blocked, id=8824, stack(0x000000d634a00000,0x000000d634b00000)]
  0x0000026db05a73d0 JavaThread "pool-9-thread-1" [_thread_blocked, id=12720, stack(0x000000d635500000,0x000000d635600000)]
  0x0000026db05a6090 JavaThread "LanguageServerApp-lifecycle" [_thread_blocked, id=15212, stack(0x000000d635600000,0x000000d635700000)]
  0x0000026db05a6a30 JavaThread "DestroyJavaVM" [_thread_blocked, id=6524, stack(0x000000d633400000,0x000000d633500000)]
  0x0000026db05a6560 JavaThread "pool-10-thread-1" [_thread_in_native, id=12968, stack(0x000000d635800000,0x000000d635900000)]
  0x0000026db05a6f00 JavaThread "Simple-Language-Server main thread" daemon [_thread_blocked, id=11356, stack(0x000000d635a00000,0x000000d635b00000)]
  0x0000026db2415130 JavaThread "parallel-1" daemon [_thread_blocked, id=11716, stack(0x000000d635b00000,0x000000d635c00000)]
  0x0000026db2416470 JavaThread "parallel-2" daemon [_thread_blocked, id=8316, stack(0x000000d635c00000,0x000000d635d00000)]
  0x0000026db2419960 JavaThread "Reconciler-1" daemon [_thread_blocked, id=12176, stack(0x000000d635d00000,0x000000d635e00000)]
  0x0000026db2419490 JavaThread "parallel-3" daemon [_thread_blocked, id=4760, stack(0x000000d634300000,0x000000d634400000)]
  0x0000026db2415600 JavaThread "pool-5-thread-1" [_thread_blocked, id=13992, stack(0x000000d633200000,0x000000d633300000)]
  0x0000026db241aca0 JavaThread "parallel-4" daemon [_thread_blocked, id=11316, stack(0x000000d634d00000,0x000000d634e00000)]

Other Threads:
=>0x0000026dadf26c70 VMThread "VM Thread" [stack: 0x000000d633a00000,0x000000d633b00000] [id=14932]
  0x0000026daea98dd0 WatcherThread [stack: 0x000000d634500000,0x000000d634600000] [id=7920]
  0x0000026da3fb1de0 GCTaskThread "GC Thread#0" [stack: 0x000000d633500000,0x000000d633600000] [id=14808]
  0x0000026daf2c5ad0 GCTaskThread "GC Thread#1" [stack: 0x000000d634700000,0x000000d634800000] [id=3096]
  0x0000026daf2e7d10 GCTaskThread "GC Thread#2" [stack: 0x000000d634800000,0x000000d634900000] [id=14040]
  0x0000026daf3f25f0 GCTaskThread "GC Thread#3" [stack: 0x000000d634900000,0x000000d634a00000] [id=14504]
  0x0000026da3fbb8d0 ConcurrentGCThread "G1 Main Marker" [stack: 0x000000d633600000,0x000000d633700000] [id=11112]
  0x0000026da3fbd360 ConcurrentGCThread "G1 Conc#0" [stack: 0x000000d633700000,0x000000d633800000] [id=6952]
  0x0000026da3ff8290 ConcurrentGCThread "G1 Refine#0" [stack: 0x000000d633800000,0x000000d633900000] [id=12832]
  0x0000026db09bae50 ConcurrentGCThread "G1 Refine#1" [stack: 0x000000d635700000,0x000000d635800000] [id=10840]
  0x0000026db02ef3f0 ConcurrentGCThread "G1 Refine#2" [stack: 0x000000d635900000,0x000000d635a00000] [id=12884]
  0x0000026db247b770 ConcurrentGCThread "G1 Refine#3" [stack: 0x000000d634b00000,0x000000d634c00000] [id=9176]
  0x0000026da3ff8bc0 ConcurrentGCThread "G1 Service" [stack: 0x000000d633900000,0x000000d633a00000] [id=13504]

Threads with active compile tasks:

VM state: at safepoint (normal execution)

VM Mutex/Monitor currently owned by a thread:  ([mutex/lock_event])
[0x0000026da1d59700] Threads_lock - owner thread: 0x0000026dadf26c70
[0x0000026da3f79fc0] Heap_lock - owner thread: 0x0000026db05a73d0

Heap address: 0x00000000c9c00000, size: 868 MB, Compressed Oops mode: 32-bit

CDS archive(s) not mapped
Compressed class space mapped at: 0x0000000100000000-0x0000000140000000, reserved size: 1073741824
Narrow klass base: 0x0000000000000000, Narrow klass shift: 3, Narrow klass range: 0x140000000

GC Precious Log:
 CPUs: 4 total, 4 available
 Memory: 3470M
 Large Page Support: Disabled
 NUMA Support: Disabled
 Compressed Oops: Enabled (32-bit)
 Heap Region Size: 1M
 Heap Min Capacity: 8M
 Heap Initial Capacity: 56M
 Heap Max Capacity: 868M
 Pre-touch: Disabled
 Parallel Workers: 4
 Concurrent Workers: 1
 Concurrent Refinement Workers: 4
 Periodic GC: Disabled

Heap:
 garbage-first heap   total 157696K, used 46046K [0x00000000c9c00000, 0x0000000100000000)
  region size 1024K, 1 young (1024K), 0 survivors (0K)
 Metaspace       used 52545K, committed 52864K, reserved 1097728K
  class space    used 6948K, committed 7104K, reserved 1048576K

Heap Regions: E=young(eden), S=young(survivor), O=old, HS=humongous(starts), HC=humongous(continues), CS=collection set, F=free, OA=open archive, CA=closed archive, TAMS=top-at-mark-start (previous, next)
|   0|0x00000000c9c00000, 0x00000000c9cfe5e0, 0x00000000c9d00000| 99%| O|  |TAMS 0x00000000c9cfe5e0, 0x00000000c9c00000| Untracked 
|   1|0x00000000c9d00000, 0x00000000c9e00000, 0x00000000c9e00000|100%| O|  |TAMS 0x00000000c9e00000, 0x00000000c9d00000| Untracked 
|   2|0x00000000c9e00000, 0x00000000c9f00000, 0x00000000c9f00000|100%| O|  |TAMS 0x00000000c9f00000, 0x00000000c9e00000| Untracked 
|   3|0x00000000c9f00000, 0x00000000ca000000, 0x00000000ca000000|100%| O|  |TAMS 0x00000000ca000000, 0x00000000c9f00000| Untracked 
|   4|0x00000000ca000000, 0x00000000ca0fffd8, 0x00000000ca100000| 99%| O|  |TAMS 0x00000000ca0fffd8, 0x00000000ca000000| Untracked 
|   5|0x00000000ca100000, 0x00000000ca200000, 0x00000000ca200000|100%| O|  |TAMS 0x00000000ca200000, 0x00000000ca100000| Untracked 
|   6|0x00000000ca200000, 0x00000000ca2fbec0, 0x00000000ca300000| 98%| O|  |TAMS 0x00000000ca2fbec0, 0x00000000ca200000| Untracked 
|   7|0x00000000ca300000, 0x00000000ca3fe850, 0x00000000ca400000| 99%| O|  |TAMS 0x00000000ca3fe850, 0x00000000ca300000| Untracked 
|   8|0x00000000ca400000, 0x00000000ca4fffd8, 0x00000000ca500000| 99%| O|  |TAMS 0x00000000ca4fffd8, 0x00000000ca400000| Untracked 
|   9|0x00000000ca500000, 0x00000000ca600000, 0x00000000ca600000|100%| O|  |TAMS 0x00000000ca600000, 0x00000000ca500000| Untracked 
|  10|0x00000000ca600000, 0x00000000ca6fffd8, 0x00000000ca700000| 99%| O|  |TAMS 0x00000000ca6fffd8, 0x00000000ca600000| Untracked 
|  11|0x00000000ca700000, 0x00000000ca7fdf48, 0x00000000ca800000| 99%| O|  |TAMS 0x00000000ca7fdf48, 0x00000000ca700000| Untracked 
|  12|0x00000000ca800000, 0x00000000ca8ffff0, 0x00000000ca900000| 99%| O|  |TAMS 0x00000000ca8ffff0, 0x00000000ca800000| Untracked 
|  13|0x00000000ca900000, 0x00000000ca9fffc0, 0x00000000caa00000| 99%| O|  |TAMS 0x00000000ca9fffc0, 0x00000000ca900000| Untracked 
|  14|0x00000000caa00000, 0x00000000cab00000, 0x00000000cab00000|100%| O|  |TAMS 0x00000000cab00000, 0x00000000caa00000| Untracked 
|  15|0x00000000cab00000, 0x00000000cabfffc8, 0x00000000cac00000| 99%| O|  |TAMS 0x00000000cabfffc8, 0x00000000cab00000| Untracked 
|  16|0x00000000cac00000, 0x00000000cacffff8, 0x00000000cad00000| 99%| O|  |TAMS 0x00000000cacffff8, 0x00000000cac00000| Untracked 
|  17|0x00000000cad00000, 0x00000000cae00000, 0x00000000cae00000|100%| O|  |TAMS 0x00000000cae00000, 0x00000000cad00000| Untracked 
|  18|0x00000000cae00000, 0x00000000caeffff8, 0x00000000caf00000| 99%| O|  |TAMS 0x00000000caeffff8, 0x00000000cae00000| Untracked 
|  19|0x00000000caf00000, 0x00000000caffaaa8, 0x00000000cb000000| 97%| O|  |TAMS 0x00000000caffaaa8, 0x00000000caf00000| Untracked 
|  20|0x00000000cb000000, 0x00000000cb0fffd0, 0x00000000cb100000| 99%| O|  |TAMS 0x00000000cb0fffd0, 0x00000000cb000000| Untracked 
|  21|0x00000000cb100000, 0x00000000cb200000, 0x00000000cb200000|100%|HS|  |TAMS 0x00000000cb200000, 0x00000000cb100000| Untracked 
|  22|0x00000000cb200000, 0x00000000cb2ffff8, 0x00000000cb300000| 99%| O|  |TAMS 0x00000000cb2ffff8, 0x00000000cb200000| Untracked 
|  23|0x00000000cb300000, 0x00000000cb3f9f90, 0x00000000cb400000| 97%| O|  |TAMS 0x00000000cb3f9f90, 0x00000000cb300000| Untracked 
|  24|0x00000000cb400000, 0x00000000cb500000, 0x00000000cb500000|100%|HS|  |TAMS 0x00000000cb500000, 0x00000000cb400000| Untracked 
|  25|0x00000000cb500000, 0x00000000cb600000, 0x00000000cb600000|100%|HC|  |TAMS 0x00000000cb600000, 0x00000000cb500000| Untracked 
|  26|0x00000000cb600000, 0x00000000cb700000, 0x00000000cb700000|100%|HS|  |TAMS 0x00000000cb700000, 0x00000000cb600000| Untracked 
|  27|0x00000000cb700000, 0x00000000cb800000, 0x00000000cb800000|100%|HS|  |TAMS 0x00000000cb800000, 0x00000000cb700000| Untracked 
|  28|0x00000000cb800000, 0x00000000cb8fae60, 0x00000000cb900000| 98%| O|  |TAMS 0x00000000cb8fae60, 0x00000000cb800000| Untracked 
|  29|0x00000000cb900000, 0x00000000cb9ffff0, 0x00000000cba00000| 99%| O|  |TAMS 0x00000000cb9ffff0, 0x00000000cb900000| Untracked 
|  30|0x00000000cba00000, 0x00000000cbafbf78, 0x00000000cbb00000| 98%| O|  |TAMS 0x00000000cbafbf78, 0x00000000cba00000| Untracked 
|  31|0x00000000cbb00000, 0x00000000cbbfc420, 0x00000000cbc00000| 98%| O|  |TAMS 0x00000000cbbfc420, 0x00000000cbb00000| Untracked 
|  32|0x00000000cbc00000, 0x00000000cbcfffd8, 0x00000000cbd00000| 99%| O|  |TAMS 0x00000000cbcfffd8, 0x00000000cbc00000| Untracked 
|  33|0x00000000cbd00000, 0x00000000cbdffff0, 0x00000000cbe00000| 99%| O|  |TAMS 0x00000000cbdffff0, 0x00000000cbd00000| Untracked 
|  34|0x00000000cbe00000, 0x00000000cbef76e0, 0x00000000cbf00000| 96%| O|  |TAMS 0x00000000cbef76e0, 0x00000000cbe00000| Untracked 
|  35|0x00000000cbf00000, 0x00000000cbff9200, 0x00000000cc000000| 97%| O|  |TAMS 0x00000000cbff9200, 0x00000000cbf00000| Untracked 
|  36|0x00000000cc000000, 0x00000000cc0ff100, 0x00000000cc100000| 99%| O|  |TAMS 0x00000000cc0ff100, 0x00000000cc000000| Untracked 
|  37|0x00000000cc100000, 0x00000000cc1fed60, 0x00000000cc200000| 99%| O|  |TAMS 0x00000000cc1fed60, 0x00000000cc100000| Untracked 
|  38|0x00000000cc200000, 0x00000000cc2fa300, 0x00000000cc300000| 97%| O|  |TAMS 0x00000000cc2fa300, 0x00000000cc200000| Untracked 
|  39|0x00000000cc300000, 0x00000000cc323fc0, 0x00000000cc400000| 14%| O|  |TAMS 0x00000000cc300000, 0x00000000cc300000| Untracked 
|  40|0x00000000cc400000, 0x00000000cc40d428, 0x00000000cc500000|  5%| O|  |TAMS 0x00000000cc400000, 0x00000000cc400000| Untracked 
|  41|0x00000000cc500000, 0x00000000cc500000, 0x00000000cc600000|  0%| F|  |TAMS 0x00000000cc500000, 0x00000000cc500000| Untracked 
|  42|0x00000000cc600000, 0x00000000cc600000, 0x00000000cc700000|  0%| F|  |TAMS 0x00000000cc600000, 0x00000000cc600000| Untracked 
|  43|0x00000000cc700000, 0x00000000cc7ffff0, 0x00000000cc800000| 99%| O|  |TAMS 0x00000000cc7ffff0, 0x00000000cc700000| Untracked 
|  44|0x00000000cc800000, 0x00000000cc800000, 0x00000000cc900000|  0%| F|  |TAMS 0x00000000cc800000, 0x00000000cc800000| Untracked 
|  45|0x00000000cc900000, 0x00000000cc900000, 0x00000000cca00000|  0%| F|  |TAMS 0x00000000cc900000, 0x00000000cc900000| Untracked 
|  46|0x00000000cca00000, 0x00000000cca00000, 0x00000000ccb00000|  0%| F|  |TAMS 0x00000000cca00000, 0x00000000cca00000| Untracked 
|  47|0x00000000ccb00000, 0x00000000ccb00000, 0x00000000ccc00000|  0%| F|  |TAMS 0x00000000ccb00000, 0x00000000ccb00000| Untracked 
|  48|0x00000000ccc00000, 0x00000000ccc00000, 0x00000000ccd00000|  0%| F|  |TAMS 0x00000000ccc00000, 0x00000000ccc00000| Untracked 
|  49|0x00000000ccd00000, 0x00000000ccd00000, 0x00000000cce00000|  0%| F|  |TAMS 0x00000000ccd00000, 0x00000000ccd00000| Untracked 
|  50|0x00000000cce00000, 0x00000000cce00000, 0x00000000ccf00000|  0%| F|  |TAMS 0x00000000cce00000, 0x00000000cce00000| Untracked 
|  51|0x00000000ccf00000, 0x00000000ccf00000, 0x00000000cd000000|  0%| F|  |TAMS 0x00000000ccf00000, 0x00000000ccf00000| Untracked 
|  52|0x00000000cd000000, 0x00000000cd000000, 0x00000000cd100000|  0%| F|  |TAMS 0x00000000cd000000, 0x00000000cd000000| Untracked 
|  53|0x00000000cd100000, 0x00000000cd100000, 0x00000000cd200000|  0%| F|  |TAMS 0x00000000cd100000, 0x00000000cd100000| Untracked 
|  54|0x00000000cd200000, 0x00000000cd200000, 0x00000000cd300000|  0%| F|  |TAMS 0x00000000cd200000, 0x00000000cd200000| Untracked 
|  55|0x00000000cd300000, 0x00000000cd300000, 0x00000000cd400000|  0%| F|  |TAMS 0x00000000cd300000, 0x00000000cd300000| Untracked 
|  56|0x00000000cd400000, 0x00000000cd400000, 0x00000000cd500000|  0%| F|  |TAMS 0x00000000cd400000, 0x00000000cd400000| Untracked 
|  57|0x00000000cd500000, 0x00000000cd500000, 0x00000000cd600000|  0%| F|  |TAMS 0x00000000cd500000, 0x00000000cd500000| Untracked 
|  58|0x00000000cd600000, 0x00000000cd600000, 0x00000000cd700000|  0%| F|  |TAMS 0x00000000cd600000, 0x00000000cd600000| Untracked 
|  59|0x00000000cd700000, 0x00000000cd7ff3a8, 0x00000000cd800000| 99%| O|  |TAMS 0x00000000cd7ff3a8, 0x00000000cd700000| Untracked 
|  60|0x00000000cd800000, 0x00000000cd800000, 0x00000000cd900000|  0%| F|  |TAMS 0x00000000cd800000, 0x00000000cd800000| Untracked 
|  61|0x00000000cd900000, 0x00000000cd900000, 0x00000000cda00000|  0%| F|  |TAMS 0x00000000cd900000, 0x00000000cd900000| Untracked 
|  62|0x00000000cda00000, 0x00000000cda00000, 0x00000000cdb00000|  0%| F|  |TAMS 0x00000000cda00000, 0x00000000cda00000| Untracked 
|  63|0x00000000cdb00000, 0x00000000cdb00000, 0x00000000cdc00000|  0%| F|  |TAMS 0x00000000cdb00000, 0x00000000cdb00000| Untracked 
|  64|0x00000000cdc00000, 0x00000000cdc00000, 0x00000000cdd00000|  0%| F|  |TAMS 0x00000000cdc00000, 0x00000000cdc00000| Untracked 
|  65|0x00000000cdd00000, 0x00000000cdd00000, 0x00000000cde00000|  0%| F|  |TAMS 0x00000000cdd00000, 0x00000000cdd00000| Untracked 
|  66|0x00000000cde00000, 0x00000000cde00000, 0x00000000cdf00000|  0%| F|  |TAMS 0x00000000cde00000, 0x00000000cde00000| Untracked 
|  67|0x00000000cdf00000, 0x00000000cdf00000, 0x00000000ce000000|  0%| F|  |TAMS 0x00000000cdf00000, 0x00000000cdf00000| Untracked 
|  68|0x00000000ce000000, 0x00000000ce000000, 0x00000000ce100000|  0%| F|  |TAMS 0x00000000ce000000, 0x00000000ce000000| Untracked 
|  69|0x00000000ce100000, 0x00000000ce100000, 0x00000000ce200000|  0%| F|  |TAMS 0x00000000ce100000, 0x00000000ce100000| Untracked 
|  70|0x00000000ce200000, 0x00000000ce200000, 0x00000000ce300000|  0%| F|  |TAMS 0x00000000ce200000, 0x00000000ce200000| Untracked 
|  71|0x00000000ce300000, 0x00000000ce300000, 0x00000000ce400000|  0%| F|  |TAMS 0x00000000ce300000, 0x00000000ce300000| Untracked 
|  72|0x00000000ce400000, 0x00000000ce400000, 0x00000000ce500000|  0%| F|  |TAMS 0x00000000ce400000, 0x00000000ce400000| Untracked 
|  73|0x00000000ce500000, 0x00000000ce500000, 0x00000000ce600000|  0%| F|  |TAMS 0x00000000ce500000, 0x00000000ce500000| Untracked 
|  74|0x00000000ce600000, 0x00000000ce600000, 0x00000000ce700000|  0%| F|  |TAMS 0x00000000ce600000, 0x00000000ce600000| Untracked 
|  75|0x00000000ce700000, 0x00000000ce700000, 0x00000000ce800000|  0%| F|  |TAMS 0x00000000ce700000, 0x00000000ce700000| Untracked 
|  76|0x00000000ce800000, 0x00000000ce800000, 0x00000000ce900000|  0%| F|  |TAMS 0x00000000ce800000, 0x00000000ce800000| Untracked 
|  77|0x00000000ce900000, 0x00000000ce900000, 0x00000000cea00000|  0%| F|  |TAMS 0x00000000ce900000, 0x00000000ce900000| Untracked 
|  78|0x00000000cea00000, 0x00000000cea00000, 0x00000000ceb00000|  0%| F|  |TAMS 0x00000000cea00000, 0x00000000cea00000| Untracked 
|  79|0x00000000ceb00000, 0x00000000ceb00000, 0x00000000cec00000|  0%| F|  |TAMS 0x00000000ceb00000, 0x00000000ceb00000| Untracked 
|  80|0x00000000cec00000, 0x00000000cec00000, 0x00000000ced00000|  0%| F|  |TAMS 0x00000000cec00000, 0x00000000cec00000| Untracked 
|  81|0x00000000ced00000, 0x00000000ced00000, 0x00000000cee00000|  0%| F|  |TAMS 0x00000000ced00000, 0x00000000ced00000| Untracked 
|  82|0x00000000cee00000, 0x00000000cee00000, 0x00000000cef00000|  0%| F|  |TAMS 0x00000000cee00000, 0x00000000cee00000| Untracked 
|  83|0x00000000cef00000, 0x00000000cef00000, 0x00000000cf000000|  0%| F|  |TAMS 0x00000000cef00000, 0x00000000cef00000| Untracked 
|  84|0x00000000cf000000, 0x00000000cf000000, 0x00000000cf100000|  0%| F|  |TAMS 0x00000000cf000000, 0x00000000cf000000| Untracked 
|  85|0x00000000cf100000, 0x00000000cf100000, 0x00000000cf200000|  0%| F|  |TAMS 0x00000000cf100000, 0x00000000cf100000| Untracked 
|  86|0x00000000cf200000, 0x00000000cf200000, 0x00000000cf300000|  0%| F|  |TAMS 0x00000000cf200000, 0x00000000cf200000| Untracked 
|  87|0x00000000cf300000, 0x00000000cf300000, 0x00000000cf400000|  0%| F|  |TAMS 0x00000000cf300000, 0x00000000cf300000| Untracked 
|  88|0x00000000cf400000, 0x00000000cf400000, 0x00000000cf500000|  0%| F|  |TAMS 0x00000000cf400000, 0x00000000cf400000| Untracked 
|  89|0x00000000cf500000, 0x00000000cf500000, 0x00000000cf600000|  0%| F|  |TAMS 0x00000000cf500000, 0x00000000cf500000| Untracked 
|  90|0x00000000cf600000, 0x00000000cf700000, 0x00000000cf700000|100%| O|  |TAMS 0x00000000cf700000, 0x00000000cf600000| Untracked 
|  91|0x00000000cf700000, 0x00000000cf700000, 0x00000000cf800000|  0%| F|  |TAMS 0x00000000cf700000, 0x00000000cf700000| Untracked 
|  92|0x00000000cf800000, 0x00000000cf900000, 0x00000000cf900000|100%| O|  |TAMS 0x00000000cf900000, 0x00000000cf800000| Untracked 
|  93|0x00000000cf900000, 0x00000000cfa00000, 0x00000000cfa00000|100%| O|  |TAMS 0x00000000cfa00000, 0x00000000cf900000| Untracked 
|  94|0x00000000cfa00000, 0x00000000cfa00000, 0x00000000cfb00000|  0%| F|  |TAMS 0x00000000cfa00000, 0x00000000cfa00000| Untracked 
|  95|0x00000000cfb00000, 0x00000000cfc00000, 0x00000000cfc00000|100%| O|  |TAMS 0x00000000cfc00000, 0x00000000cfb00000| Untracked 
|  96|0x00000000cfc00000, 0x00000000cfc00000, 0x00000000cfd00000|  0%| F|  |TAMS 0x00000000cfc00000, 0x00000000cfc00000| Untracked 
|  97|0x00000000cfd00000, 0x00000000cfd00000, 0x00000000cfe00000|  0%| F|  |TAMS 0x00000000cfd00000, 0x00000000cfd00000| Untracked 
|  98|0x00000000cfe00000, 0x00000000cfe00000, 0x00000000cff00000|  0%| F|  |TAMS 0x00000000cfe00000, 0x00000000cfe00000| Untracked 
|  99|0x00000000cff00000, 0x00000000cff00000, 0x00000000d0000000|  0%| F|  |TAMS 0x00000000cff00000, 0x00000000cff00000| Untracked 
| 100|0x00000000d0000000, 0x00000000d0000000, 0x00000000d0100000|  0%| F|  |TAMS 0x00000000d0000000, 0x00000000d0000000| Untracked 
| 101|0x00000000d0100000, 0x00000000d0100000, 0x00000000d0200000|  0%| F|  |TAMS 0x00000000d0100000, 0x00000000d0100000| Untracked 
| 102|0x00000000d0200000, 0x00000000d0200000, 0x00000000d0300000|  0%| F|  |TAMS 0x00000000d0200000, 0x00000000d0200000| Untracked 
| 103|0x00000000d0300000, 0x00000000d0300000, 0x00000000d0400000|  0%| F|  |TAMS 0x00000000d0300000, 0x00000000d0300000| Untracked 
| 104|0x00000000d0400000, 0x00000000d0400000, 0x00000000d0500000|  0%| F|  |TAMS 0x00000000d0400000, 0x00000000d0400000| Untracked 
| 105|0x00000000d0500000, 0x00000000d0500000, 0x00000000d0600000|  0%| F|  |TAMS 0x00000000d0500000, 0x00000000d0500000| Untracked 
| 106|0x00000000d0600000, 0x00000000d0600000, 0x00000000d0700000|  0%| F|  |TAMS 0x00000000d0600000, 0x00000000d0600000| Untracked 
| 107|0x00000000d0700000, 0x00000000d0700000, 0x00000000d0800000|  0%| F|  |TAMS 0x00000000d0700000, 0x00000000d0700000| Untracked 
| 108|0x00000000d0800000, 0x00000000d0800000, 0x00000000d0900000|  0%| F|  |TAMS 0x00000000d0800000, 0x00000000d0800000| Untracked 
| 109|0x00000000d0900000, 0x00000000d0900000, 0x00000000d0a00000|  0%| F|  |TAMS 0x00000000d0900000, 0x00000000d0900000| Untracked 
| 110|0x00000000d0a00000, 0x00000000d0a00000, 0x00000000d0b00000|  0%| F|  |TAMS 0x00000000d0a00000, 0x00000000d0a00000| Untracked 
| 111|0x00000000d0b00000, 0x00000000d0b00000, 0x00000000d0c00000|  0%| F|  |TAMS 0x00000000d0b00000, 0x00000000d0b00000| Untracked 
| 112|0x00000000d0c00000, 0x00000000d0c00000, 0x00000000d0d00000|  0%| F|  |TAMS 0x00000000d0c00000, 0x00000000d0c00000| Untracked 
| 113|0x00000000d0d00000, 0x00000000d0d00000, 0x00000000d0e00000|  0%| F|  |TAMS 0x00000000d0d00000, 0x00000000d0d00000| Untracked 
| 114|0x00000000d0e00000, 0x00000000d0e00000, 0x00000000d0f00000|  0%| F|  |TAMS 0x00000000d0e00000, 0x00000000d0e00000| Untracked 
| 115|0x00000000d0f00000, 0x00000000d0f00000, 0x00000000d1000000|  0%| F|  |TAMS 0x00000000d0f00000, 0x00000000d0f00000| Untracked 
| 116|0x00000000d1000000, 0x00000000d1000000, 0x00000000d1100000|  0%| F|  |TAMS 0x00000000d1000000, 0x00000000d1000000| Untracked 
| 117|0x00000000d1100000, 0x00000000d1100000, 0x00000000d1200000|  0%| F|  |TAMS 0x00000000d1100000, 0x00000000d1100000| Untracked 
| 118|0x00000000d1200000, 0x00000000d1200000, 0x00000000d1300000|  0%| F|  |TAMS 0x00000000d1200000, 0x00000000d1200000| Untracked 
| 119|0x00000000d1300000, 0x00000000d1300000, 0x00000000d1400000|  0%| F|  |TAMS 0x00000000d1300000, 0x00000000d1300000| Untracked 
| 120|0x00000000d1400000, 0x00000000d1400000, 0x00000000d1500000|  0%| F|  |TAMS 0x00000000d1400000, 0x00000000d1400000| Untracked 
| 121|0x00000000d1500000, 0x00000000d1500000, 0x00000000d1600000|  0%| F|  |TAMS 0x00000000d1500000, 0x00000000d1500000| Untracked 
| 122|0x00000000d1600000, 0x00000000d1600000, 0x00000000d1700000|  0%| F|  |TAMS 0x00000000d1600000, 0x00000000d1600000| Untracked 
| 123|0x00000000d1700000, 0x00000000d1700000, 0x00000000d1800000|  0%| F|  |TAMS 0x00000000d1700000, 0x00000000d1700000| Untracked 
| 124|0x00000000d1800000, 0x00000000d1800000, 0x00000000d1900000|  0%| F|  |TAMS 0x00000000d1800000, 0x00000000d1800000| Untracked 
| 125|0x00000000d1900000, 0x00000000d1900000, 0x00000000d1a00000|  0%| F|  |TAMS 0x00000000d1900000, 0x00000000d1900000| Untracked 
| 126|0x00000000d1a00000, 0x00000000d1a00000, 0x00000000d1b00000|  0%| F|  |TAMS 0x00000000d1a00000, 0x00000000d1a00000| Untracked 
| 127|0x00000000d1b00000, 0x00000000d1b00000, 0x00000000d1c00000|  0%| F|  |TAMS 0x00000000d1b00000, 0x00000000d1b00000| Untracked 
| 128|0x00000000d1c00000, 0x00000000d1c00000, 0x00000000d1d00000|  0%| F|  |TAMS 0x00000000d1c00000, 0x00000000d1c00000| Untracked 
| 129|0x00000000d1d00000, 0x00000000d1d00000, 0x00000000d1e00000|  0%| F|  |TAMS 0x00000000d1d00000, 0x00000000d1d00000| Untracked 
| 130|0x00000000d1e00000, 0x00000000d1e00000, 0x00000000d1f00000|  0%| F|  |TAMS 0x00000000d1e00000, 0x00000000d1e00000| Untracked 
| 131|0x00000000d1f00000, 0x00000000d1f00000, 0x00000000d2000000|  0%| F|  |TAMS 0x00000000d1f00000, 0x00000000d1f00000| Untracked 
| 132|0x00000000d2000000, 0x00000000d2000000, 0x00000000d2100000|  0%| F|  |TAMS 0x00000000d2000000, 0x00000000d2000000| Untracked 
| 133|0x00000000d2100000, 0x00000000d2100000, 0x00000000d2200000|  0%| F|  |TAMS 0x00000000d2100000, 0x00000000d2100000| Untracked 
| 134|0x00000000d2200000, 0x00000000d2200000, 0x00000000d2300000|  0%| F|  |TAMS 0x00000000d2200000, 0x00000000d2200000| Untracked 
| 135|0x00000000d2300000, 0x00000000d2300000, 0x00000000d2400000|  0%| F|  |TAMS 0x00000000d2300000, 0x00000000d2300000| Untracked 
| 136|0x00000000d2400000, 0x00000000d2400000, 0x00000000d2500000|  0%| F|  |TAMS 0x00000000d2400000, 0x00000000d2400000| Untracked 
| 137|0x00000000d2500000, 0x00000000d2500000, 0x00000000d2600000|  0%| F|  |TAMS 0x00000000d2500000, 0x00000000d2500000| Untracked 
| 138|0x00000000d2600000, 0x00000000d2600000, 0x00000000d2700000|  0%| F|  |TAMS 0x00000000d2600000, 0x00000000d2600000| Untracked 
| 139|0x00000000d2700000, 0x00000000d2700000, 0x00000000d2800000|  0%| F|  |TAMS 0x00000000d2700000, 0x00000000d2700000| Untracked 
| 140|0x00000000d2800000, 0x00000000d2800000, 0x00000000d2900000|  0%| F|  |TAMS 0x00000000d2800000, 0x00000000d2800000| Untracked 
| 141|0x00000000d2900000, 0x00000000d2900000, 0x00000000d2a00000|  0%| F|  |TAMS 0x00000000d2900000, 0x00000000d2900000| Untracked 
| 142|0x00000000d2a00000, 0x00000000d2a00000, 0x00000000d2b00000|  0%| F|  |TAMS 0x00000000d2a00000, 0x00000000d2a00000| Untracked 
| 143|0x00000000d2b00000, 0x00000000d2b00000, 0x00000000d2c00000|  0%| F|  |TAMS 0x00000000d2b00000, 0x00000000d2b00000| Untracked 
| 144|0x00000000d2c00000, 0x00000000d2c00000, 0x00000000d2d00000|  0%| F|  |TAMS 0x00000000d2c00000, 0x00000000d2c00000| Untracked 
| 145|0x00000000d2d00000, 0x00000000d2d00000, 0x00000000d2e00000|  0%| F|  |TAMS 0x00000000d2d00000, 0x00000000d2d00000| Untracked 
| 146|0x00000000d2e00000, 0x00000000d2e00000, 0x00000000d2f00000|  0%| F|  |TAMS 0x00000000d2e00000, 0x00000000d2e00000| Untracked 
| 147|0x00000000d2f00000, 0x00000000d2f00000, 0x00000000d3000000|  0%| F|  |TAMS 0x00000000d2f00000, 0x00000000d2f00000| Untracked 
| 148|0x00000000d3000000, 0x00000000d3000000, 0x00000000d3100000|  0%| F|  |TAMS 0x00000000d3000000, 0x00000000d3000000| Untracked 
| 149|0x00000000d3100000, 0x00000000d3100000, 0x00000000d3200000|  0%| F|  |TAMS 0x00000000d3100000, 0x00000000d3100000| Untracked 
| 150|0x00000000d3200000, 0x00000000d3200000, 0x00000000d3300000|  0%| F|  |TAMS 0x00000000d3200000, 0x00000000d3200000| Untracked 
| 151|0x00000000d3300000, 0x00000000d3300000, 0x00000000d3400000|  0%| F|  |TAMS 0x00000000d3300000, 0x00000000d3300000| Untracked 
| 152|0x00000000d3400000, 0x00000000d3400000, 0x00000000d3500000|  0%| F|  |TAMS 0x00000000d3400000, 0x00000000d3400000| Untracked 
| 153|0x00000000d3500000, 0x00000000d3531600, 0x00000000d3600000| 19%| E|  |TAMS 0x00000000d3500000, 0x00000000d3500000| Complete 

Card table byte_map: [0x0000026da9c10000,0x0000026da9dd0000] _byte_map_base: 0x0000026da95c2000

Marking Bits (Prev, Next): (CMBitMap*) 0x0000026da3fb4320, (CMBitMap*) 0x0000026da3fb4360
 Prev Bits: [0x0000026da9f90000, 0x0000026daad20000)
 Next Bits: [0x0000026daad20000, 0x0000026dabab0000)

Polling page: 0x0000026da1f70000

Metaspace:

Usage:
  Non-class:     44.53 MB used.
      Class:      6.79 MB used.
       Both:     51.31 MB used.

Virtual space:
  Non-class space:       48.00 MB reserved,      44.69 MB ( 93%) committed,  6 nodes.
      Class space:        1.00 GB reserved,       6.94 MB ( <1%) committed,  1 nodes.
             Both:        1.05 GB reserved,      51.62 MB (  5%) committed. 

Chunk freelists:
   Non-Class:  3.33 MB
       Class:  1018.00 KB
        Both:  4.32 MB

MaxMetaspaceSize: unlimited
CompressedClassSpaceSize: 1.00 GB
Initial GC threshold: 21.00 MB
Current GC threshold: 85.94 MB
CDS: off
MetaspaceReclaimPolicy: balanced
 - commit_granule_bytes: 65536.
 - commit_granule_words: 8192.
 - virtual_space_node_default_size: 1048576.
 - enlarge_chunks_in_place: 1.
 - new_chunks_are_fully_committed: 0.
 - uncommit_free_chunks: 1.
 - use_allocation_guard: 0.
 - handle_deallocations: 1.


Internal statistics:

num_allocs_failed_limit: 5.
num_arena_births: 534.
num_arena_deaths: 178.
num_vsnodes_births: 7.
num_vsnodes_deaths: 0.
num_space_committed: 826.
num_space_uncommitted: 0.
num_chunks_returned_to_freelist: 199.
num_chunks_taken_from_freelist: 2187.
num_chunk_merges: 67.
num_chunk_splits: 1552.
num_chunks_enlarged: 1248.
num_purges: 10.
num_inconsistent_stats: 0.

CodeCache: size=49152Kb used=14236Kb max_used=14236Kb free=34915Kb
 bounds [0x0000026da6c10000, 0x0000026da7a00000, 0x0000026da9c10000]
 total_blobs=8045 nmethods=7445 adapters=527
 compilation: enabled
              stopped_count=0, restarted_count=0
 full_count=0

Compilation events (20 events):
Event: 2156.248 Thread 0x0000026dadf82440 7443   !   1       com.google.gson.Gson::fromJson (163 bytes)
Event: 2156.251 Thread 0x0000026dadf82440 nmethod 7443 0x0000026da79f2f10 code [0x0000026da79f31c0, 0x0000026da79f3b88]
Event: 2156.251 Thread 0x0000026dadf82440 7444       1       java.io.FileDescriptor$1::getAppend (5 bytes)
Event: 2156.251 Thread 0x0000026dadf82440 nmethod 7444 0x0000026da79f4410 code [0x0000026da79f45a0, 0x0000026da79f4678]
Event: 2302.089 Thread 0x0000026dadf82440 7445       1       java.lang.Throwable::getMessage (5 bytes)
Event: 2302.093 Thread 0x0000026dadf82440 nmethod 7445 0x0000026da79f4710 code [0x0000026da79f48a0, 0x0000026da79f4978]
Event: 2319.655 Thread 0x0000026dadf82440 7446       1       java.util.stream.AbstractPipeline::evaluateToArrayNode (78 bytes)
Event: 2319.669 Thread 0x0000026dadf82440 nmethod 7446 0x0000026da79f4a10 code [0x0000026da79f4c00, 0x0000026da79f4eb8]
Event: 2319.669 Thread 0x0000026dadf82440 7447       1       java.util.stream.AbstractPipeline::evaluate (44 bytes)
Event: 2319.676 Thread 0x0000026dadf82440 nmethod 7447 0x0000026da79f5010 code [0x0000026da79f5200, 0x0000026da79f5568]
Event: 2331.956 Thread 0x0000026dadf82440 7448       1       java.util.stream.ReferencePipeline::toArray (18 bytes)
Event: 2331.960 Thread 0x0000026dadf82440 nmethod 7448 0x0000026da79f5790 code [0x0000026da79f5940, 0x0000026da79f5a68]
Event: 2331.960 Thread 0x0000026dadf82440 7449       1       java.util.stream.ReferencePipeline::makeNodeBuilder (6 bytes)
Event: 2331.965 Thread 0x0000026dadf82440 nmethod 7449 0x0000026da79f5b10 code [0x0000026da79f5cc0, 0x0000026da79f5fa8]
Event: 2331.965 Thread 0x0000026dadf82440 7450       1       java.util.stream.Nodes::builder (30 bytes)
Event: 2331.966 Thread 0x0000026dadf82440 nmethod 7450 0x0000026da79f6110 code [0x0000026da79f62c0, 0x0000026da79f6588]
Event: 2332.304 Thread 0x0000026dadf82440 7451       1       ch.qos.logback.classic.spi.ThrowableProxy::getCommonFrames (5 bytes)
Event: 2332.305 Thread 0x0000026dadf82440 nmethod 7451 0x0000026da79f6690 code [0x0000026da79f6820, 0x0000026da79f68f8]
Event: 2339.800 Thread 0x0000026dadf82440 7452       1       java.util.concurrent.ConcurrentLinkedDeque::first (65 bytes)
Event: 2339.832 Thread 0x0000026dadf82440 nmethod 7452 0x0000026da79f6990 code [0x0000026da79f6b80, 0x0000026da79f7078]

GC Heap History (20 events):
Event: 2100.091 GC heap before
{Heap before GC invocations=233 (full 181):
 garbage-first heap   total 157696K, used 45918K [0x00000000c9c00000, 0x0000000100000000)
  region size 1024K, 1 young (1024K), 0 survivors (0K)
 Metaspace       used 52340K, committed 52800K, reserved 1097728K
  class space    used 6912K, committed 7104K, reserved 1048576K
}
Event: 2100.130 GC heap after
{Heap after GC invocations=234 (full 182):
 garbage-first heap   total 157696K, used 45918K [0x00000000c9c00000, 0x0000000100000000)
  region size 1024K, 0 young (0K), 0 survivors (0K)
 Metaspace       used 52340K, committed 52800K, reserved 1097728K
  class space    used 6912K, committed 7104K, reserved 1048576K
}
Event: 2110.435 GC heap before
{Heap before GC invocations=234 (full 182):
 garbage-first heap   total 157696K, used 45918K [0x00000000c9c00000, 0x0000000100000000)
  region size 1024K, 1 young (1024K), 0 survivors (0K)
 Metaspace       used 52340K, committed 52800K, reserved 1097728K
  class space    used 6912K, committed 7104K, reserved 1048576K
}
Event: 2110.479 GC heap after
{Heap after GC invocations=235 (full 183):
 garbage-first heap   total 157696K, used 45918K [0x00000000c9c00000, 0x0000000100000000)
  region size 1024K, 0 young (0K), 0 survivors (0K)
 Metaspace       used 52340K, committed 52800K, reserved 1097728K
  class space    used 6912K, committed 7104K, reserved 1048576K
}
Event: 2226.105 GC heap before
{Heap before GC invocations=235 (full 183):
 garbage-first heap   total 157696K, used 50014K [0x00000000c9c00000, 0x0000000100000000)
  region size 1024K, 5 young (5120K), 0 survivors (0K)
 Metaspace       used 52540K, committed 52864K, reserved 1097728K
  class space    used 6948K, committed 7104K, reserved 1048576K
}
Event: 2226.452 GC heap after
{Heap after GC invocations=236 (full 184):
 garbage-first heap   total 157696K, used 46372K [0x00000000c9c00000, 0x0000000100000000)
  region size 1024K, 0 young (0K), 0 survivors (0K)
 Metaspace       used 52540K, committed 52864K, reserved 1097728K
  class space    used 6948K, committed 7104K, reserved 1048576K
}
Event: 2238.041 GC heap before
{Heap before GC invocations=236 (full 184):
 garbage-first heap   total 157696K, used 46372K [0x00000000c9c00000, 0x0000000100000000)
  region size 1024K, 1 young (1024K), 0 survivors (0K)
 Metaspace       used 52540K, committed 52864K, reserved 1097728K
  class space    used 6948K, committed 7104K, reserved 1048576K
}
Event: 2238.663 GC heap after
{Heap after GC invocations=237 (full 185):
 garbage-first heap   total 157696K, used 46042K [0x00000000c9c00000, 0x0000000100000000)
  region size 1024K, 0 young (0K), 0 survivors (0K)
 Metaspace       used 52535K, committed 52864K, reserved 1097728K
  class space    used 6946K, committed 7104K, reserved 1048576K
}
Event: 2248.885 GC heap before
{Heap before GC invocations=237 (full 185):
 garbage-first heap   total 157696K, used 46042K [0x00000000c9c00000, 0x0000000100000000)
  region size 1024K, 1 young (1024K), 0 survivors (0K)
 Metaspace       used 52535K, committed 52864K, reserved 1097728K
  class space    used 6946K, committed 7104K, reserved 1048576K
}
Event: 2248.933 GC heap after
{Heap after GC invocations=238 (full 186):
 garbage-first heap   total 157696K, used 46042K [0x00000000c9c00000, 0x0000000100000000)
  region size 1024K, 0 young (0K), 0 survivors (0K)
 Metaspace       used 52535K, committed 52864K, reserved 1097728K
  class space    used 6946K, committed 7104K, reserved 1048576K
}
Event: 2259.188 GC heap before
{Heap before GC invocations=238 (full 186):
 garbage-first heap   total 157696K, used 46042K [0x00000000c9c00000, 0x0000000100000000)
  region size 1024K, 1 young (1024K), 0 survivors (0K)
 Metaspace       used 52535K, committed 52864K, reserved 1097728K
  class space    used 6946K, committed 7104K, reserved 1048576K
}
Event: 2259.237 GC heap after
{Heap after GC invocations=239 (full 187):
 garbage-first heap   total 157696K, used 46042K [0x00000000c9c00000, 0x0000000100000000)
  region size 1024K, 0 young (0K), 0 survivors (0K)
 Metaspace       used 52535K, committed 52864K, reserved 1097728K
  class space    used 6946K, committed 7104K, reserved 1048576K
}
Event: 2269.585 GC heap before
{Heap before GC invocations=239 (full 187):
 garbage-first heap   total 157696K, used 46042K [0x00000000c9c00000, 0x0000000100000000)
  region size 1024K, 1 young (1024K), 0 survivors (0K)
 Metaspace       used 52535K, committed 52864K, reserved 1097728K
  class space    used 6946K, committed 7104K, reserved 1048576K
}
Event: 2269.633 GC heap after
{Heap after GC invocations=240 (full 188):
 garbage-first heap   total 157696K, used 46042K [0x00000000c9c00000, 0x0000000100000000)
  region size 1024K, 0 young (0K), 0 survivors (0K)
 Metaspace       used 52535K, committed 52864K, reserved 1097728K
  class space    used 6946K, committed 7104K, reserved 1048576K
}
Event: 2280.165 GC heap before
{Heap before GC invocations=240 (full 188):
 garbage-first heap   total 157696K, used 46042K [0x00000000c9c00000, 0x0000000100000000)
  region size 1024K, 1 young (1024K), 0 survivors (0K)
 Metaspace       used 52535K, committed 52864K, reserved 1097728K
  class space    used 6946K, committed 7104K, reserved 1048576K
}
Event: 2280.212 GC heap after
{Heap after GC invocations=241 (full 189):
 garbage-first heap   total 157696K, used 46042K [0x00000000c9c00000, 0x0000000100000000)
  region size 1024K, 0 young (0K), 0 survivors (0K)
 Metaspace       used 52535K, committed 52864K, reserved 1097728K
  class space    used 6946K, committed 7104K, reserved 1048576K
}
Event: 2292.848 GC heap before
{Heap before GC invocations=241 (full 189):
 garbage-first heap   total 157696K, used 46042K [0x00000000c9c00000, 0x0000000100000000)
  region size 1024K, 1 young (1024K), 0 survivors (0K)
 Metaspace       used 52535K, committed 52864K, reserved 1097728K
  class space    used 6946K, committed 7104K, reserved 1048576K
}
Event: 2292.897 GC heap after
{Heap after GC invocations=242 (full 190):
 garbage-first heap   total 157696K, used 46042K [0x00000000c9c00000, 0x0000000100000000)
  region size 1024K, 0 young (0K), 0 survivors (0K)
 Metaspace       used 52535K, committed 52864K, reserved 1097728K
  class space    used 6946K, committed 7104K, reserved 1048576K
}
Event: 2373.562 GC heap before
{Heap before GC invocations=242 (full 190):
 garbage-first heap   total 157696K, used 46042K [0x00000000c9c00000, 0x0000000100000000)
  region size 1024K, 1 young (1024K), 0 survivors (0K)
 Metaspace       used 52545K, committed 52864K, reserved 1097728K
  class space    used 6948K, committed 7104K, reserved 1048576K
}
Event: 2373.903 GC heap after
{Heap after GC invocations=243 (full 191):
 garbage-first heap   total 157696K, used 46046K [0x00000000c9c00000, 0x0000000100000000)
  region size 1024K, 0 young (0K), 0 survivors (0K)
 Metaspace       used 52545K, committed 52864K, reserved 1097728K
  class space    used 6948K, committed 7104K, reserved 1048576K
}

Deoptimization events (20 events):
Event: 36.577 Thread 0x0000026db02e4420 DEOPT PACKING pc=0x0000026da70361d2 sp=0x000000d634cfd4b0
Event: 36.578 Thread 0x0000026db02e4420 DEOPT UNPACKING pc=0x0000026da6c62b43 sp=0x000000d634cfc9b8 mode 3
Event: 41.639 Thread 0x0000026db02e4420 DEOPT PACKING pc=0x0000026da76c3f74 sp=0x000000d634cfdd20
Event: 41.639 Thread 0x0000026db02e4420 DEOPT UNPACKING pc=0x0000026da6c62b43 sp=0x000000d634cfd218 mode 0
Event: 41.640 Thread 0x0000026db02e4420 DEOPT PACKING pc=0x0000026da767aff4 sp=0x000000d634cfddf0
Event: 41.640 Thread 0x0000026db02e4420 DEOPT UNPACKING pc=0x0000026da6c62b43 sp=0x000000d634cfd2c8 mode 0
Event: 41.640 Thread 0x0000026db02e4420 DEOPT PACKING pc=0x0000026da7677924 sp=0x000000d634cfdea0
Event: 41.640 Thread 0x0000026db02e4420 DEOPT UNPACKING pc=0x0000026da6c62b43 sp=0x000000d634cfd420 mode 0
Event: 41.641 Thread 0x0000026db02e4420 DEOPT PACKING pc=0x0000026da76ab62c sp=0x000000d634cfe1a0
Event: 41.641 Thread 0x0000026db02e4420 DEOPT UNPACKING pc=0x0000026da6c62b43 sp=0x000000d634cfd630 mode 0
Event: 122.296 Thread 0x0000026db05a6560 DEOPT PACKING pc=0x0000026da718bbd4 sp=0x000000d6358feb70
Event: 122.299 Thread 0x0000026db05a6560 DEOPT UNPACKING pc=0x0000026da6c62b43 sp=0x000000d6358fe018 mode 0
Event: 129.702 Thread 0x0000026db2415600 DEOPT PACKING pc=0x0000026da779a76e sp=0x000000d6332fd7c0
Event: 129.703 Thread 0x0000026db2415600 DEOPT UNPACKING pc=0x0000026da6c62b43 sp=0x000000d6332fccb8 mode 3
Event: 131.219 Thread 0x0000026db2415600 DEOPT PACKING pc=0x0000026da7865744 sp=0x000000d6332fe120
Event: 131.219 Thread 0x0000026db2415600 DEOPT UNPACKING pc=0x0000026da6c62b43 sp=0x000000d6332fd610 mode 3
Event: 132.671 Thread 0x0000026db2415600 DEOPT PACKING pc=0x0000026da798a636 sp=0x000000d6332fd8f0
Event: 132.671 Thread 0x0000026db2415600 DEOPT UNPACKING pc=0x0000026da6c62b43 sp=0x000000d6332fcde8 mode 3
Event: 133.386 Thread 0x0000026db2415600 DEOPT PACKING pc=0x0000026da79c1a20 sp=0x000000d6332fdcd0
Event: 133.386 Thread 0x0000026db2415600 DEOPT UNPACKING pc=0x0000026da6c62b43 sp=0x000000d6332fd150 mode 3

Classes unloaded (20 events):
Event: 257.534 Thread 0x0000026dadf26c70 Unloading class 0x00000001006e8400 'java/lang/invoke/LambdaForm$MH+0x00000001006e8400'
Event: 257.534 Thread 0x0000026dadf26c70 Unloading class 0x00000001006e8000 'java/lang/invoke/LambdaForm$MH+0x00000001006e8000'
Event: 257.535 Thread 0x0000026dadf26c70 Unloading class 0x0000000100658800 'java/lang/invoke/LambdaForm$MH+0x0000000100658800'
Event: 257.535 Thread 0x0000026dadf26c70 Unloading class 0x0000000100658400 'java/lang/invoke/LambdaForm$MH+0x0000000100658400'
Event: 257.536 Thread 0x0000026dadf26c70 Unloading class 0x0000000100658000 'java/lang/invoke/LambdaForm$MH+0x0000000100658000'
Event: 257.536 Thread 0x0000026dadf26c70 Unloading class 0x000000010062bc00 'java/lang/invoke/LambdaForm$MH+0x000000010062bc00'
Event: 257.536 Thread 0x0000026dadf26c70 Unloading class 0x00000001000d1000 'java/lang/invoke/LambdaForm$MH+0x00000001000d1000'
Event: 257.536 Thread 0x0000026dadf26c70 Unloading class 0x00000001000d2000 'java/lang/invoke/LambdaForm$MH+0x00000001000d2000'
Event: 257.537 Thread 0x0000026dadf26c70 Unloading class 0x0000000100201800 'java/lang/invoke/LambdaForm$MH+0x0000000100201800'
Event: 257.537 Thread 0x0000026dadf26c70 Unloading class 0x000000010020e400 'java/lang/invoke/LambdaForm$MH+0x000000010020e400'
Event: 257.537 Thread 0x0000026dadf26c70 Unloading class 0x000000010020f000 'java/lang/invoke/LambdaForm$MH+0x000000010020f000'
Event: 257.537 Thread 0x0000026dadf26c70 Unloading class 0x000000010034c000 'java/lang/invoke/LambdaForm$MH+0x000000010034c000'
Event: 257.537 Thread 0x0000026dadf26c70 Unloading class 0x000000010035e000 'java/lang/invoke/LambdaForm$MH+0x000000010035e000'
Event: 257.537 Thread 0x0000026dadf26c70 Unloading class 0x000000010035e800 'java/lang/invoke/LambdaForm$MH+0x000000010035e800'
Event: 257.537 Thread 0x0000026dadf26c70 Unloading class 0x0000000100384800 'java/lang/invoke/LambdaForm$MH+0x0000000100384800'
Event: 257.538 Thread 0x0000026dadf26c70 Unloading class 0x0000000100624400 'java/lang/invoke/LambdaForm$MH+0x0000000100624400'
Event: 257.538 Thread 0x0000026dadf26c70 Unloading class 0x0000000100626800 'java/lang/invoke/LambdaForm$MH+0x0000000100626800'
Event: 2238.198 Thread 0x0000026dadf26c70 Unloading class 0x000000010062bc00 'java/lang/invoke/LambdaForm$MH+0x000000010062bc00'
Event: 2238.199 Thread 0x0000026dadf26c70 Unloading class 0x0000000100658800 'java/lang/invoke/LambdaForm$MH+0x0000000100658800'
Event: 2238.199 Thread 0x0000026dadf26c70 Unloading class 0x00000001006e9c00 'java/lang/invoke/LambdaForm$MH+0x00000001006e9c00'

Classes redefined (0 events):
No events

Internal exceptions (20 events):
Event: 34.450 Thread 0x0000026db2419e30 Exception <a 'sun/nio/fs/WindowsException'{0x00000000dd1113e8}> (0x00000000dd1113e8) 
thrown [s\src\hotspot\share\prims\jni.cpp, line 516]
Event: 34.450 Thread 0x0000026db2419e30 Exception <a 'sun/nio/fs/WindowsException'{0x00000000dd1117c0}> (0x00000000dd1117c0) 
thrown [s\src\hotspot\share\prims\jni.cpp, line 516]
Event: 34.450 Thread 0x0000026db2419e30 Exception <a 'sun/nio/fs/WindowsException'{0x00000000dd1121e8}> (0x00000000dd1121e8) 
thrown [s\src\hotspot\share\prims\jni.cpp, line 516]
Event: 34.451 Thread 0x0000026db2419e30 Exception <a 'sun/nio/fs/WindowsException'{0x00000000dd1125d8}> (0x00000000dd1125d8) 
thrown [s\src\hotspot\share\prims\jni.cpp, line 516]
Event: 34.451 Thread 0x0000026db2419e30 Exception <a 'sun/nio/fs/WindowsException'{0x00000000dd112ff8}> (0x00000000dd112ff8) 
thrown [s\src\hotspot\share\prims\jni.cpp, line 516]
Event: 34.451 Thread 0x0000026db2419e30 Exception <a 'sun/nio/fs/WindowsException'{0x00000000dd1133e0}> (0x00000000dd1133e0) 
thrown [s\src\hotspot\share\prims\jni.cpp, line 516]
Event: 34.464 Thread 0x0000026db2419e30 Exception <a 'java/lang/NoSuchMethodError'{0x00000000dd11b960}: 'java.lang.Object java.lang.invoke.Invokers$Holder.invoke_MT(java.lang.Object, java.lang.Object, java.lang.Object)'> (0x00000000dd11b960) 
thrown [s\src\hotspot\share\interpreter\linkResolver.cpp, line 759]
Event: 93.805 Thread 0x0000026db05a73d0 Exception <a 'java/lang/NoSuchMethodError'{0x00000000e3c76cd0}: 'void java.lang.invoke.DirectMethodHandle$Holder.invokeStatic(java.lang.Object, long)'> (0x00000000e3c76cd0) 
thrown [s\src\hotspot\share\interpreter\linkResolver.cpp, line 759]
Event: 93.847 Thread 0x0000026db05a73d0 Exception <a 'java/lang/NoSuchMethodError'{0x00000000e3c7c078}: 'java.lang.Object java.lang.invoke.DirectMethodHandle$Holder.newInvokeSpecial(java.lang.Object, long)'> (0x00000000e3c7c078) 
thrown [s\src\hotspot\share\interpreter\linkResolver.cpp, line 759]
Event: 93.910 Thread 0x0000026db05a73d0 Exception <a 'java/lang/NoSuchMethodError'{0x00000000e3c82bf0}: 'java.lang.Object java.lang.invoke.DirectMethodHandle$Holder.invokeStatic(java.lang.Object, java.lang.Object, long, java.lang.Object)'> (0x00000000e3c82bf0) 
thrown [s\src\hotspot\share\interpreter\linkResolver.cpp, line 759]
Event: 93.913 Thread 0x0000026db05a73d0 Exception <a 'java/lang/NoSuchMethodError'{0x00000000e3c86688}: 'java.lang.Object java.lang.invoke.DirectMethodHandle$Holder.invokeStaticInit(java.lang.Object, java.lang.Object, long, java.lang.Object)'> (0x00000000e3c86688) 
thrown [s\src\hotspot\share\interpreter\linkResolver.cpp, line 759]
Event: 93.928 Thread 0x0000026db05a73d0 Exception <a 'java/lang/NoSuchMethodError'{0x00000000e3c8c9b8}: 'java.lang.Object java.lang.invoke.DirectMethodHandle$Holder.newInvokeSpecial(java.lang.Object, java.lang.Object, long)'> (0x00000000e3c8c9b8) 
thrown [s\src\hotspot\share\interpreter\linkResolver.cpp, line 759]
Event: 93.982 Thread 0x0000026db05a73d0 Exception <a 'java/lang/NoSuchMethodError'{0x00000000e3c90558}: 'java.lang.Object java.lang.invoke.Invokers$Holder.linkToTargetMethod(java.lang.Object, long, java.lang.Object)'> (0x00000000e3c90558) 
thrown [s\src\hotspot\share\interpreter\linkResolver.cpp, line 759]
Event: 126.858 Thread 0x0000026db05a6f00 Exception <a 'java/lang/NoSuchMethodError'{0x00000000d753ee90}: 'java.lang.Object java.lang.invoke.DirectMethodHandle$Holder.newInvokeSpecial(java.lang.Object, java.lang.Object, int)'> (0x00000000d753ee90) 
thrown [s\src\hotspot\share\interpreter\linkResolver.cpp, line 759]
Event: 128.518 Thread 0x0000026db2415600 Exception <a 'java/lang/IncompatibleClassChangeError'{0x00000000d5bbdfc0}: Found class java.lang.Object, but interface was expected> (0x00000000d5bbdfc0) 
thrown [s\src\hotspot\share\interpreter\linkResolver.cpp, line 826]
Event: 129.701 Thread 0x0000026db2415600 Implicit null exception at 0x0000026da779a544 to 0x0000026da779a769
Event: 131.218 Thread 0x0000026db2415600 Implicit null exception at 0x0000026da7865190 to 0x0000026da786573f
Event: 132.671 Thread 0x0000026db2415600 Implicit null exception at 0x0000026da7989ae2 to 0x0000026da798a631
Event: 133.386 Thread 0x0000026db2415600 Implicit null exception at 0x0000026da79c17da to 0x0000026da79c1a1b
Event: 2114.832 Thread 0x0000026db2415fa0 Exception <a 'java/lang/NoSuchMethodError'{0x00000000d3522fb0}: 'java.lang.Object java.lang.invoke.DirectMethodHandle$Holder.invokeStatic(java.lang.Object, java.lang.Object, java.lang.Object, java.lang.Object, int)'> (0x00000000d3522fb0) 
thrown [s\src\hotspot\share\interpreter\linkResolver.cpp, line 759]

VM Operations (20 events):
Event: 2226.452 Executing VM operation: G1CollectFull done
Event: 2238.032 Executing VM operation: G1CollectFull
Event: 2238.666 Executing VM operation: G1CollectFull done
Event: 2248.885 Executing VM operation: G1CollectFull
Event: 2248.933 Executing VM operation: G1CollectFull done
Event: 2259.187 Executing VM operation: G1CollectFull
Event: 2259.238 Executing VM operation: G1CollectFull done
Event: 2269.585 Executing VM operation: G1CollectFull
Event: 2269.633 Executing VM operation: G1CollectFull done
Event: 2280.165 Executing VM operation: G1CollectFull
Event: 2280.212 Executing VM operation: G1CollectFull done
Event: 2292.847 Executing VM operation: G1CollectFull
Event: 2292.897 Executing VM operation: G1CollectFull done
Event: 2332.169 Executing VM operation: Cleanup
Event: 2332.171 Executing VM operation: Cleanup done
Event: 2333.173 Executing VM operation: Cleanup
Event: 2333.173 Executing VM operation: Cleanup done
Event: 2373.552 Executing VM operation: G1CollectFull
Event: 2373.905 Executing VM operation: G1CollectFull done
Event: 2386.174 Executing VM operation: G1CollectFull

Events (20 events):
Event: 169.321 Thread 0x0000026db2418af0 Thread exited: 0x0000026db2418af0
Event: 330.900 Thread 0x0000026db2413920 Thread added: 0x0000026db2413920
Event: 330.948 Thread 0x0000026db2418fc0 Thread added: 0x0000026db2418fc0
Event: 390.986 Thread 0x0000026db2413920 Thread exited: 0x0000026db2413920
Event: 420.528 Thread 0x0000026db2418fc0 Thread exited: 0x0000026db2418fc0
Event: 2114.687 Thread 0x0000026db2415fa0 Thread added: 0x0000026db2415fa0
Event: 2119.422 Thread 0x0000026db2413df0 Thread added: 0x0000026db2413df0
Event: 2134.631 Thread 0x0000026db241aca0 Thread added: 0x0000026db241aca0
Event: 2144.060 Thread 0x0000026db2418620 Thread added: 0x0000026db2418620
Event: 2147.426 loading class java/util/concurrent/CompletionException
Event: 2147.428 loading class java/util/concurrent/CompletionException done
Event: 2147.438 loading class java/util/logging/LogRecord
Event: 2147.449 loading class java/util/logging/LogRecord done
Event: 2147.469 loading class java/lang/Throwable$WrappedPrintWriter
Event: 2147.470 loading class java/lang/Throwable$PrintStreamOrWriter
Event: 2147.470 loading class java/lang/Throwable$PrintStreamOrWriter done
Event: 2147.470 loading class java/lang/Throwable$WrappedPrintWriter done
Event: 2208.090 Thread 0x0000026db2415fa0 Thread exited: 0x0000026db2415fa0
Event: 2216.526 Thread 0x0000026db2413df0 Thread exited: 0x0000026db2413df0
Event: 2216.552 Thread 0x0000026db2418620 Thread exited: 0x0000026db2418620


Dynamic libraries:
0x00007ff612320000 - 0x00007ff61232e000 	c:\Users\DELL\.vscode\extensions\redhat.java-1.11.0-win32-x64\jre\17.0.4.1-win32-x86_64\bin\java.exe
0x00007fffd1120000 - 0x00007fffd1329000 	C:\WINDOWS\SYSTEM32\ntdll.dll
0x00007fffcfdf0000 - 0x00007fffcfead000 	C:\WINDOWS\System32\KERNEL32.DLL
0x00007fffce9d0000 - 0x00007fffced4c000 	C:\WINDOWS\System32\KERNELBASE.dll
0x00007fffce6d0000 - 0x00007fffce7e1000 	C:\WINDOWS\System32\ucrtbase.dll
0x00007fffc1790000 - 0x00007fffc17a8000 	c:\Users\DELL\.vscode\extensions\redhat.java-1.11.0-win32-x64\jre\17.0.4.1-win32-x86_64\bin\jli.dll
0x00007fffd0b80000 - 0x00007fffd0d2d000 	C:\WINDOWS\System32\USER32.dll
0x00007fffce600000 - 0x00007fffce626000 	C:\WINDOWS\System32\win32u.dll
0x00007fffd0280000 - 0x00007fffd02a9000 	C:\WINDOWS\System32\GDI32.dll
0x00007fffced50000 - 0x00007fffcee69000 	C:\WINDOWS\System32\gdi32full.dll
0x00007fffce630000 - 0x00007fffce6cd000 	C:\WINDOWS\System32\msvcp_win.dll
0x00007fffc1430000 - 0x00007fffc1449000 	c:\Users\DELL\.vscode\extensions\redhat.java-1.11.0-win32-x64\jre\17.0.4.1-win32-x86_64\bin\VCRUNTIME140.dll
0x00007fffbadb0000 - 0x00007fffbb055000 	C:\WINDOWS\WinSxS\amd64_microsoft.windows.common-controls_6595b64144ccf1df_6.0.22000.120_none_9d947278b86cc467\COMCTL32.dll
0x00007fffd0460000 - 0x00007fffd0503000 	C:\WINDOWS\System32\msvcrt.dll
0x00007fffcfa20000 - 0x00007fffcfa51000 	C:\WINDOWS\System32\IMM32.DLL
0x00007fffc8290000 - 0x00007fffc829c000 	c:\Users\DELL\.vscode\extensions\redhat.java-1.11.0-win32-x64\jre\17.0.4.1-win32-x86_64\bin\vcruntime140_1.dll
0x00007fff9feb0000 - 0x00007fff9ff41000 	c:\Users\DELL\.vscode\extensions\redhat.java-1.11.0-win32-x64\jre\17.0.4.1-win32-x86_64\bin\msvcp140.dll
0x00007fff85c60000 - 0x00007fff868a6000 	c:\Users\DELL\.vscode\extensions\redhat.java-1.11.0-win32-x64\jre\17.0.4.1-win32-x86_64\bin\server\jvm.dll
0x00007fffd01d0000 - 0x00007fffd027e000 	C:\WINDOWS\System32\ADVAPI32.dll
0x00007fffcf8a0000 - 0x00007fffcf93e000 	C:\WINDOWS\System32\sechost.dll
0x00007fffd00b0000 - 0x00007fffd01d0000 	C:\WINDOWS\System32\RPCRT4.dll
0x00007fffcfde0000 - 0x00007fffcfde8000 	C:\WINDOWS\System32\PSAPI.DLL
0x00007fff75b70000 - 0x00007fff75b79000 	C:\WINDOWS\SYSTEM32\WSOCK32.dll
0x00007fffd03f0000 - 0x00007fffd045f000 	C:\WINDOWS\System32\WS2_32.dll
0x00007fffc7ed0000 - 0x00007fffc7f03000 	C:\WINDOWS\SYSTEM32\WINMM.dll
0x00007fffc60b0000 - 0x00007fffc60ba000 	C:\WINDOWS\SYSTEM32\VERSION.dll
0x00007fffcd6d0000 - 0x00007fffcd6e8000 	C:\WINDOWS\SYSTEM32\kernel.appcore.dll
0x00007fffc81d0000 - 0x00007fffc81da000 	c:\Users\DELL\.vscode\extensions\redhat.java-1.11.0-win32-x64\jre\17.0.4.1-win32-x86_64\bin\jimage.dll
0x00007fffc3490000 - 0x00007fffc36b1000 	C:\WINDOWS\SYSTEM32\DBGHELP.DLL
0x00007fffbc710000 - 0x00007fffbc741000 	C:\WINDOWS\SYSTEM32\dbgcore.DLL
0x00007fffcef30000 - 0x00007fffcefaf000 	C:\WINDOWS\System32\bcryptPrimitives.dll
0x00007fffc80f0000 - 0x00007fffc8115000 	c:\Users\DELL\.vscode\extensions\redhat.java-1.11.0-win32-x64\jre\17.0.4.1-win32-x86_64\bin\java.dll
0x00007fffc1530000 - 0x00007fffc1548000 	c:\Users\DELL\.vscode\extensions\redhat.java-1.11.0-win32-x64\jre\17.0.4.1-win32-x86_64\bin\zip.dll
0x00007fffcf010000 - 0x00007fffcf7c8000 	C:\WINDOWS\System32\SHELL32.dll
0x00007fffcc720000 - 0x00007fffccf88000 	C:\WINDOWS\SYSTEM32\windows.storage.dll
0x00007fffcfa60000 - 0x00007fffcfdd9000 	C:\WINDOWS\System32\combase.dll
0x00007fffcc5b0000 - 0x00007fffcc716000 	C:\WINDOWS\SYSTEM32\wintypes.dll
0x00007fffcfeb0000 - 0x00007fffcff9a000 	C:\WINDOWS\System32\SHCORE.dll
0x00007fffcefb0000 - 0x00007fffcf00d000 	C:\WINDOWS\System32\shlwapi.dll
0x00007fffce530000 - 0x00007fffce551000 	C:\WINDOWS\SYSTEM32\profapi.dll
0x00007fffc13e0000 - 0x00007fffc13f9000 	C:\Users\DELL\.vscode\extensions\redhat.java-1.11.0-win32-x64\jre\17.0.4.1-win32-x86_64\bin\net.dll
0x00007fffc71f0000 - 0x00007fffc72fc000 	C:\WINDOWS\SYSTEM32\WINHTTP.dll
0x00007fffcdb20000 - 0x00007fffcdb87000 	C:\WINDOWS\system32\mswsock.dll
0x00007fffbd880000 - 0x00007fffbd895000 	C:\Users\DELL\.vscode\extensions\redhat.java-1.11.0-win32-x64\jre\17.0.4.1-win32-x86_64\bin\nio.dll
0x00007fffc80e0000 - 0x00007fffc80f0000 	c:\Users\DELL\.vscode\extensions\redhat.java-1.11.0-win32-x64\jre\17.0.4.1-win32-x86_64\bin\verify.dll
0x00007fffc1520000 - 0x00007fffc1529000 	C:\Users\DELL\.vscode\extensions\redhat.java-1.11.0-win32-x64\jre\17.0.4.1-win32-x86_64\bin\management.dll
0x00007fffc1420000 - 0x00007fffc142b000 	C:\Users\DELL\.vscode\extensions\redhat.java-1.11.0-win32-x64\jre\17.0.4.1-win32-x86_64\bin\management_ext.dll
0x00007fffb1800000 - 0x00007fffb1817000 	C:\WINDOWS\system32\napinsp.dll
0x00007fffb17e0000 - 0x00007fffb17fb000 	C:\WINDOWS\system32\pnrpnsp.dll
0x00007fffcd260000 - 0x00007fffcd348000 	C:\WINDOWS\SYSTEM32\DNSAPI.dll
0x00007fffcd1f0000 - 0x00007fffcd21d000 	C:\WINDOWS\SYSTEM32\IPHLPAPI.DLL
0x00007fffd0b50000 - 0x00007fffd0b59000 	C:\WINDOWS\System32\NSI.dll
0x00007fffb17c0000 - 0x00007fffb17d2000 	C:\WINDOWS\System32\winrnr.dll
0x00007fffb17a0000 - 0x00007fffb17b5000 	C:\WINDOWS\system32\wshbth.dll
0x00007fffb1780000 - 0x00007fffb179f000 	C:\WINDOWS\system32\nlansp_c.dll
0x00007fffc3200000 - 0x00007fffc320a000 	C:\Windows\System32\rasadhlp.dll
0x00007fffc3360000 - 0x00007fffc33e1000 	C:\WINDOWS\System32\fwpuclnt.dll
0x00007fffcdd70000 - 0x00007fffcdd88000 	C:\WINDOWS\SYSTEM32\CRYPTSP.dll
0x00007fffcd620000 - 0x00007fffcd655000 	C:\WINDOWS\system32\rsaenh.dll
0x00007fffcdc10000 - 0x00007fffcdc39000 	C:\WINDOWS\SYSTEM32\USERENV.dll
0x00007fffcdf60000 - 0x00007fffcdf87000 	C:\WINDOWS\SYSTEM32\bcrypt.dll
0x00007fffcdd60000 - 0x00007fffcdd6c000 	C:\WINDOWS\SYSTEM32\CRYPTBASE.dll
0x00007fffc6f40000 - 0x00007fffc6f59000 	C:\WINDOWS\SYSTEM32\dhcpcsvc6.DLL
0x00007fffc7570000 - 0x00007fffc758e000 	C:\WINDOWS\SYSTEM32\dhcpcsvc.DLL

dbghelp: loaded successfully - version: 4.0.5 - missing functions: none
symbol engine: initialized successfully - sym options: 0x614 - pdb path: .;c:\Users\DELL\.vscode\extensions\redhat.java-1.11.0-win32-x64\jre\17.0.4.1-win32-x86_64\bin;C:\WINDOWS\SYSTEM32;C:\WINDOWS\WinSxS\amd64_microsoft.windows.common-controls_6595b64144ccf1df_6.0.22000.120_none_9d947278b86cc467;c:\Users\DELL\.vscode\extensions\redhat.java-1.11.0-win32-x64\jre\17.0.4.1-win32-x86_64\bin\server

VM Arguments:
jvm_args: -Dsts.lsp.client=vscode -Dsts.log.file=/dev/null -XX:TieredStopAtLevel=1 -Xlog:jni+resolve=off -Dspring.config.location=file:c:\Users\DELL\.vscode\extensions\pivotal.vscode-spring-boot-1.39.0\language-server\BOOT-INF\classes\application.properties 
java_command: org.springframework.ide.vscode.boot.app.BootLanguageServerBootApp
java_class_path (initial): c:\Users\DELL\.vscode\extensions\pivotal.vscode-spring-boot-1.39.0\language-server\BOOT-INF\classes;c:\Users\DELL\.vscode\extensions\pivotal.vscode-spring-boot-1.39.0\language-server\BOOT-INF\lib\annotations-23.0.0.jar;c:\Users\DELL\.vscode\extensions\pivotal.vscode-spring-boot-1.39.0\language-server\BOOT-INF\lib\antlr-runtime-3.5.2.jar;c:\Users\DELL\.vscode\extensions\pivotal.vscode-spring-boot-1.39.0\language-server\BOOT-INF\lib\antlr4-4.9.3.jar;c:\Users\DELL\.vscode\extensions\pivotal.vscode-spring-boot-1.39.0\language-server\BOOT-INF\lib\antlr4-runtime-4.9.3.jar;c:\Users\DELL\.vscode\extensions\pivotal.vscode-spring-boot-1.39.0\language-server\BOOT-INF\lib\asm-9.3.jar;c:\Users\DELL\.vscode\extensions\pivotal.vscode-spring-boot-1.39.0\language-server\BOOT-INF\lib\asm-analysis-9.3.jar;c:\Users\DELL\.vscode\extensions\pivotal.vscode-spring-boot-1.39.0\language-server\BOOT-INF\lib\asm-tree-9.3.jar;c:\Users\DELL\.vscode\extensions\pivotal.vscode-spring-boot-1.39.0\language-server\BOOT-INF\lib\asm-util-9.3.jar;c:\Users\DELL\.vscode\extensions\pivotal.vscode-spring-boot-1.39.0\language-server\BOOT-INF\lib\byte-buddy-1.12.13.jar;c:\Users\DELL\.vscode\extensions\pivotal.vscode-spring-boot-1.39.0\language-server\BOOT-INF\lib\caffeine-2.9.3.jar;c:\Users\DELL\.vscode\extensions\pivotal.vscode-spring-boot-1.39.0\language-server\BOOT-INF\lib\checker-qual-3.12.0.jar;c:\Users\DELL\.vscode\extensions\pivotal.vscode-spring-boot-1.39.0\language-server\BOOT-INF\lib\classgraph-4.8.149.jar;c:\Users\DELL\.vscode\extensions\pivotal.vscode-spring-boot-1.39.0\language-server\BOOT-INF\lib\commons-codec-1.15.jar;c:\Users\DELL\.vscode\extensions\pivotal.vscode-spring-boot-1.39.0\language-server\BOOT-INF\lib\commons-compress-1.21.jar;c:\Users\DELL\.vscode\extensions\pivotal.vscode-spring-boot-1.39.0\language-server\BOOT-INF\lib\commons-exec-1.3.jar;c:\Users\DELL\.vscode\extensions\pivotal.vscode-spring-boot-1.39.0\language-server\BOOT-INF\lib\commons-io-2.4.jar;c
Launcher Type: SUN_STANDARD

[Global flags]
     intx CICompilerCount                          = 3                                         {product} {ergonomic}
     uint ConcGCThreads                            = 1                                         {product} {ergonomic}
     uint G1ConcRefinementThreads                  = 4                                         {product} {ergonomic}
   size_t G1HeapRegionSize                         = 1048576                                   {product} {ergonomic}
    uintx GCDrainStackTargetSize                   = 64                                        {product} {ergonomic}
   size_t InitialHeapSize                          = 58720256                                  {product} {ergonomic}
   size_t MarkStackSize                            = 4194304                                   {product} {ergonomic}
   size_t MaxHeapSize                              = 910163968                                 {product} {ergonomic}
   size_t MaxNewSize                               = 545259520                                 {product} {ergonomic}
   size_t MinHeapDeltaBytes                        = 1048576                                   {product} {ergonomic}
   size_t MinHeapSize                              = 8388608                                   {product} {ergonomic}
    uintx NonProfiledCodeHeapSize                  = 0                                      {pd product} {ergonomic}
     bool ProfileInterpreter                       = false                                  {pd product} {command line}
    uintx ProfiledCodeHeapSize                     = 0                                      {pd product} {ergonomic}
   size_t SoftMaxHeapSize                          = 910163968                              {manageable} {ergonomic}
     intx TieredStopAtLevel                        = 1                                         {product} {command line}
     bool UseCompressedClassPointers               = true                           {product lp64_product} {ergonomic}
     bool UseCompressedOops                        = true                           {product lp64_product} {ergonomic}
     bool UseG1GC                                  = true                                      {product} {ergonomic}
     bool UseLargePagesIndividualAllocation        = false                                  {pd product} {ergonomic}

Logging:
Log output configuration:
 #0: stdout all=warning,jni+resolve=off uptime,level,tags
 #1: stderr all=off uptime,level,tags

Environment Variables:
JAVA_HOME=C:\Program Files\Java\jdk1.8.0_202
PATH=C:\Program Files\Docker\Docker\resources\bin;C:\Program Files (x86)\Common Files\Oracle\Java\javapath;C:\WINDOWS\system32;C:\WINDOWS;C:\WINDOWS\System32\Wbem;C:\WINDOWS\System32\WindowsPowerShell\v1.0\;C:\WINDOWS\System32\OpenSSH\;C:\Program Files\dotnet\;C:\Program Files\Git\cmd;C:\Program Files\Java\jdk1.8.0_202\bin;C:\Program Files\apache-maven-3.8.6-bin\apache-maven-3.8.6\bin;C:\Program Files\nodejs\;%AppData%\npm;C:\ProgramData\DockerDesktop\version-bin;C:\Program Files\MySQL\MySQL Shell 8.0\bin\;C:\Users\DELL\AppData\Local\Microsoft\WindowsApps;C:\Users\DELL\AppData\Local\Programs\Microsoft VS Code\bin;C:\Users\DELL\AppData\Roaming\npm
USERNAME=DELL
OS=Windows_NT
PROCESSOR_IDENTIFIER=AMD64 Family 23 Model 24 Stepping 1, AuthenticAMD
TMP=C:\Users\DELL\AppData\Local\Temp
TEMP=C:\Users\DELL\AppData\Local\Temp



---------------  S Y S T E M  ---------------

OS:
 Windows 11 , 64 bit Build 22000 (10.0.22000.708)
OS uptime: 0 days 5:02 hours
Hyper-V role detected

CPU: total 4 (initial active 4) (4 cores per cpu, 2 threads per core) family 23 model 24 stepping 1 microcode 0x0, cx8, cmov, fxsr, ht, mmx, 3dnowpref, sse, sse2, sse3, ssse3, sse4a, sse4.1, sse4.2, popcnt, lzcnt, tsc, tscinvbit, avx, avx2, aes, clmul, bmi1, bmi2, adx, sha, fma, vzeroupper, clflush, clflushopt, hv

Memory: 4k page, system-wide physical 3470M (54M free)
TotalPageFile size 14222M (AvailPageFile size 10M)
current process WorkingSet (physical memory assigned to process): 38M, peak: 515M
current process commit charge ("private bytes"): 312M, peak: 623M

vm_info: OpenJDK 64-Bit Server VM (17.0.4.1+1) for windows-amd64 JRE (17.0.4.1+1), built on Aug 17 2022 07:42:43 by "temurin" with MS VC++ 16.7 (VS2019)

END.
