#
# There is insufficient memory for the Java Runtime Environment to continue.
# Native memory allocation (mmap) failed to map 114294784 bytes for G1 virtual space
# Possible reasons:
#   The system is out of physical RAM or swap space
#   The process is running with CompressedOops enabled, and the Java Heap may be blocking the growth of the native heap
# Possible solutions:
#   Reduce memory load on the system
#   Increase physical memory or swap space
#   Check if swap backing store is full
#   Decrease Java heap size (-Xmx/-Xms)
#   Decrease number of Java threads
#   Decrease Java thread stack sizes (-Xss)
#   Set larger code cache with -XX:ReservedCodeCacheSize=
#   JVM is running with Unscaled Compressed Oops mode in which the Java heap is
#     placed in the first 4GB address space. The Java Heap base address is the
#     maximum limit for the native heap growth. Please use -XX:HeapBaseMinAddress
#     to set the Java Heap base and to place the Java Heap above 4GB virtual address.
# This output file may be truncated or incomplete.
#
#  Out of Memory Error (os_windows.cpp:3541), pid=12732, tid=4676
#
# JRE version: OpenJDK Runtime Environment Temurin-17.0.4.1+1 (17.0.4.1+1) (build 17.0.4.1+1)
# Java VM: OpenJDK 64-Bit Server VM Temurin-17.0.4.1+1 (17.0.4.1+1, mixed mode, emulated-client, tiered, compressed oops, compressed class ptrs, g1 gc, windows-amd64)
# No core dump will be written. Minidumps are not enabled by default on client versions of Windows
#

---------------  S U M M A R Y ------------

Command Line: -Dsts.lsp.client=vscode -Dsts.log.file=/dev/null -XX:TieredStopAtLevel=1 -Xlog:jni+resolve=off -Dspring.config.location=file:c:\Users\DELL\.vscode\extensions\pivotal.vscode-spring-boot-1.39.0\language-server\BOOT-INF\classes\application.properties org.springframework.ide.vscode.boot.app.BootLanguageServerBootApp

Host: AMD Ryzen 3 3250U with Radeon Graphics         , 4 cores, 3G,  Windows 11 , 64 bit Build 22000 (10.0.22000.708)
Time: Tue Oct 11 14:48:30 2022 India Standard Time elapsed time: 32.464147 seconds (0d 0h 0m 32s)

---------------  T H R E A D  ---------------

Current thread (0x00000290fdafc5d0):  VMThread "VM Thread" [stack: 0x000000ef39f00000,0x000000ef3a000000] [id=4676]

Stack: [0x000000ef39f00000,0x000000ef3a000000]
Native frames: (J=compiled Java code, j=interpreted, Vv=VM code, C=native code)
V  [jvm.dll+0x67731a]
V  [jvm.dll+0x832284]
V  [jvm.dll+0x833a2e]
V  [jvm.dll+0x834093]
V  [jvm.dll+0x245775]
V  [jvm.dll+0x674209]
V  [jvm.dll+0x668a92]
V  [jvm.dll+0x30471b]
V  [jvm.dll+0x30bc66]
V  [jvm.dll+0x35ba9e]
V  [jvm.dll+0x35bccf]
V  [jvm.dll+0x2db5b8]
V  [jvm.dll+0x2d986c]
V  [jvm.dll+0x2d8e3c]
V  [jvm.dll+0x31cd9b]
V  [jvm.dll+0x83853b]
V  [jvm.dll+0x839274]
V  [jvm.dll+0x83978c]
V  [jvm.dll+0x839b64]
V  [jvm.dll+0x839c30]
V  [jvm.dll+0x7e240a]
V  [jvm.dll+0x6761a5]
C  [ucrtbase.dll+0x26c0c]
C  [KERNEL32.DLL+0x154e0]
C  [ntdll.dll+0x485b]

VM_Operation (0x000000ef3b0fe150): G1CollectForAllocation, mode: safepoint, requested by thread 0x00000290807ac050


---------------  P R O C E S S  ---------------

Threads class SMR info:
_java_thread_list=0x00000290fe5ace10, length=33, elements={
0x00000290fdb4e390, 0x00000290fdb4f5f0, 0x00000290fdb9e130, 0x00000290fdb9e9f0,
0x00000290fdba1a60, 0x00000290fdba2ac0, 0x00000290fdba5b30, 0x00000290fdba7370,
0x00000290fe6bb350, 0x00000290fe6cd010, 0x0000029080506390, 0x00000290806a8050,
0x00000290807ac050, 0x0000029080784720, 0x0000029080784bf0, 0x00000290807872f0,
0x00000290807877c0, 0x0000029080787c90, 0x000002908077d7d0, 0x000002908077c960,
0x000002908077d300, 0x000002908077ce30, 0x000002908077dca0, 0x000002908077c490,
0x0000029080f455c0, 0x0000029080f4bad0, 0x0000029080f4a790, 0x0000029080f44c20,
0x0000029080f49df0, 0x0000029080f4c470, 0x0000029080f46900, 0x0000029080f450f0,
0x0000029080f49450
}

Java Threads: ( => current thread )
  0x00000290fdb4e390 JavaThread "Reference Handler" daemon [_thread_blocked, id=9468, stack(0x000000ef3a000000,0x000000ef3a100000)]
  0x00000290fdb4f5f0 JavaThread "Finalizer" daemon [_thread_blocked, id=13460, stack(0x000000ef3a100000,0x000000ef3a200000)]
  0x00000290fdb9e130 JavaThread "Signal Dispatcher" daemon [_thread_blocked, id=13368, stack(0x000000ef3a200000,0x000000ef3a300000)]
  0x00000290fdb9e9f0 JavaThread "Attach Listener" daemon [_thread_blocked, id=2940, stack(0x000000ef3a300000,0x000000ef3a400000)]
  0x00000290fdba1a60 JavaThread "Service Thread" daemon [_thread_blocked, id=4392, stack(0x000000ef3a400000,0x000000ef3a500000)]
  0x00000290fdba2ac0 JavaThread "Monitor Deflation Thread" daemon [_thread_blocked, id=15492, stack(0x000000ef3a500000,0x000000ef3a600000)]
  0x00000290fdba5b30 JavaThread "C1 CompilerThread0" daemon [_thread_blocked, id=4108, stack(0x000000ef3a600000,0x000000ef3a700000)]
  0x00000290fdba7370 JavaThread "Sweeper thread" daemon [_thread_blocked, id=13340, stack(0x000000ef3a700000,0x000000ef3a800000)]
  0x00000290fe6bb350 JavaThread "Notification Thread" daemon [_thread_blocked, id=5924, stack(0x000000ef3a800000,0x000000ef3a900000)]
  0x00000290fe6cd010 JavaThread "Common-Cleaner" daemon [_thread_blocked, id=13632, stack(0x000000ef3aa00000,0x000000ef3ab00000)]
  0x0000029080506390 JavaThread "boundedElastic-evictor-1" daemon [_thread_blocked, id=12408, stack(0x000000ef3ae00000,0x000000ef3af00000)]
  0x00000290806a8050 JavaThread "ForkJoinPool.commonPool-worker-1" daemon [_thread_blocked, id=14740, stack(0x000000ef3af00000,0x000000ef3b000000)]
  0x00000290807ac050 JavaThread "ClassGraph-worker-0" daemon [_thread_blocked, id=9120, stack(0x000000ef3b000000,0x000000ef3b100000)]
  0x0000029080784720 JavaThread "ClassGraph-worker-1" daemon [_thread_blocked, id=14412, stack(0x000000ef3b100000,0x000000ef3b200000)]
  0x0000029080784bf0 JavaThread "ClassGraph-worker-2" daemon [_thread_blocked, id=12516, stack(0x000000ef3b200000,0x000000ef3b300000)]
  0x00000290807872f0 JavaThread "ClassGraph-worker-3" daemon [_thread_blocked, id=12256, stack(0x000000ef3b300000,0x000000ef3b400000)]
  0x00000290807877c0 JavaThread "ClassGraph-worker-4" daemon [_thread_blocked, id=10116, stack(0x000000ef3b400000,0x000000ef3b500000)]
  0x0000029080787c90 JavaThread "ClassGraph-worker-5" daemon [_thread_blocked, id=16104, stack(0x000000ef3b500000,0x000000ef3b600000)]
  0x000002908077d7d0 JavaThread "ClassGraph-worker-6" daemon [_thread_blocked, id=9564, stack(0x000000ef3b600000,0x000000ef3b700000)]
  0x000002908077c960 JavaThread "ClassGraph-worker-7" daemon [_thread_blocked, id=6544, stack(0x000000ef3b700000,0x000000ef3b800000)]
  0x000002908077d300 JavaThread "pool-9-thread-1" [_thread_blocked, id=1604, stack(0x000000ef3b800000,0x000000ef3b900000)]
  0x000002908077ce30 JavaThread "LanguageServerApp-lifecycle" [_thread_blocked, id=4288, stack(0x000000ef3b900000,0x000000ef3ba00000)]
  0x000002908077dca0 JavaThread "DestroyJavaVM" [_thread_blocked, id=16304, stack(0x000000ef39900000,0x000000ef39a00000)]
  0x000002908077c490 JavaThread "pool-10-thread-1" [_thread_in_native, id=9272, stack(0x000000ef3ba00000,0x000000ef3bb00000)]
  0x0000029080f455c0 JavaThread "Simple-Language-Server main thread" daemon [_thread_blocked, id=13612, stack(0x000000ef3bb00000,0x000000ef3bc00000)]
  0x0000029080f4bad0 JavaThread "parallel-1" daemon [_thread_blocked, id=13704, stack(0x000000ef3bc00000,0x000000ef3bd00000)]
  0x0000029080f4a790 JavaThread "parallel-2" daemon [_thread_blocked, id=2868, stack(0x000000ef3bd00000,0x000000ef3be00000)]
  0x0000029080f44c20 JavaThread "Reconciler-1" daemon [_thread_blocked, id=7968, stack(0x000000ef3be00000,0x000000ef3bf00000)]
  0x0000029080f49df0 JavaThread "parallel-3" daemon [_thread_blocked, id=13588, stack(0x000000ef3bf00000,0x000000ef3c000000)]
  0x0000029080f4c470 JavaThread "pool-4-thread-1" [_thread_blocked, id=11504, stack(0x000000ef3c000000,0x000000ef3c100000)]
  0x0000029080f46900 JavaThread "ForkJoinPool.commonPool-worker-2" daemon [_thread_blocked, id=4988, stack(0x000000ef3c100000,0x000000ef3c200000)]
  0x0000029080f450f0 JavaThread "pool-4-thread-2" [_thread_blocked, id=8760, stack(0x000000ef3c200000,0x000000ef3c300000)]
  0x0000029080f49450 JavaThread "pool-5-thread-1" [_thread_blocked, id=14520, stack(0x000000ef3c300000,0x000000ef3c400000)]

Other Threads:
=>0x00000290fdafc5d0 VMThread "VM Thread" [stack: 0x000000ef39f00000,0x000000ef3a000000] [id=4676]
  0x00000290fe6bb820 WatcherThread [stack: 0x000000ef3a900000,0x000000ef3aa00000] [id=12652]
  0x00000290f1c61eb0 GCTaskThread "GC Thread#0" [stack: 0x000000ef39a00000,0x000000ef39b00000] [id=5856]
  0x00000290feeff530 GCTaskThread "GC Thread#1" [stack: 0x000000ef3ab00000,0x000000ef3ac00000] [id=2912]
  0x00000290fef49b30 GCTaskThread "GC Thread#2" [stack: 0x000000ef3ac00000,0x000000ef3ad00000] [id=14788]
  0x00000290fed85d20 GCTaskThread "GC Thread#3" [stack: 0x000000ef3ad00000,0x000000ef3ae00000] [id=11184]
  0x00000290f1c6b9a0 ConcurrentGCThread "G1 Main Marker" [stack: 0x000000ef39b00000,0x000000ef39c00000] [id=5980]
  0x00000290f1c6d2d0 ConcurrentGCThread "G1 Conc#0" [stack: 0x000000ef39c00000,0x000000ef39d00000] [id=13172]
  0x00000290f1ca8360 ConcurrentGCThread "G1 Refine#0" [stack: 0x000000ef39d00000,0x000000ef39e00000] [id=13076]
  0x00000290f1ca8c90 ConcurrentGCThread "G1 Service" [stack: 0x000000ef39e00000,0x000000ef39f00000] [id=10044]

Threads with active compile tasks:

VM state: at safepoint (normal execution)

VM Mutex/Monitor currently owned by a thread:  ([mutex/lock_event])
[0x00000290f1a59870] Threads_lock - owner thread: 0x00000290fdafc5d0
[0x00000290f1c28590] Heap_lock - owner thread: 0x00000290807ac050

Heap address: 0x00000000c9c00000, size: 868 MB, Compressed Oops mode: 32-bit

CDS archive(s) not mapped
Compressed class space mapped at: 0x0000000100000000-0x0000000140000000, reserved size: 1073741824
Narrow klass base: 0x0000000000000000, Narrow klass shift: 3, Narrow klass range: 0x140000000

GC Precious Log:
 CPUs: 4 total, 4 available
 Memory: 3470M
 Large Page Support: Disabled
 NUMA Support: Disabled
 Compressed Oops: Enabled (32-bit)
 Heap Region Size: 1M
 Heap Min Capacity: 8M
 Heap Initial Capacity: 56M
 Heap Max Capacity: 868M
 Pre-touch: Disabled
 Parallel Workers: 4
 Concurrent Workers: 1
 Concurrent Refinement Workers: 4
 Periodic GC: Disabled

Heap:
 garbage-first heap   total 432128K, used 210936K [0x00000000c9c00000, 0x0000000100000000)
  region size 1024K, 9 young (9216K), 9 survivors (9216K)
 Metaspace       used 45815K, committed 46144K, reserved 1089536K
  class space    used 5664K, committed 5824K, reserved 1048576K

Heap Regions: E=young(eden), S=young(survivor), O=old, HS=humongous(starts), HC=humongous(continues), CS=collection set, F=free, OA=open archive, CA=closed archive, TAMS=top-at-mark-start (previous, next)
|   0|0x00000000c9c00000, 0x00000000c9d00000, 0x00000000c9d00000|100%| O|  |TAMS 0x00000000c9d00000, 0x00000000c9d00000| Untracked 
|   1|0x00000000c9d00000, 0x00000000c9e00000, 0x00000000c9e00000|100%| O|  |TAMS 0x00000000c9e00000, 0x00000000c9e00000| Untracked 
|   2|0x00000000c9e00000, 0x00000000c9f00000, 0x00000000c9f00000|100%| O|  |TAMS 0x00000000c9f00000, 0x00000000c9f00000| Untracked 
|   3|0x00000000c9f00000, 0x00000000ca000000, 0x00000000ca000000|100%| O|  |TAMS 0x00000000ca000000, 0x00000000ca000000| Untracked 
|   4|0x00000000ca000000, 0x00000000ca100000, 0x00000000ca100000|100%| O|  |TAMS 0x00000000ca100000, 0x00000000ca100000| Untracked 
|   5|0x00000000ca100000, 0x00000000ca200000, 0x00000000ca200000|100%| O|  |TAMS 0x00000000ca200000, 0x00000000ca200000| Untracked 
|   6|0x00000000ca200000, 0x00000000ca300000, 0x00000000ca300000|100%| O|  |TAMS 0x00000000ca300000, 0x00000000ca300000| Untracked 
|   7|0x00000000ca300000, 0x00000000ca400000, 0x00000000ca400000|100%| O|  |TAMS 0x00000000ca400000, 0x00000000ca400000| Untracked 
|   8|0x00000000ca400000, 0x00000000ca500000, 0x00000000ca500000|100%| O|  |TAMS 0x00000000ca500000, 0x00000000ca500000| Untracked 
|   9|0x00000000ca500000, 0x00000000ca5f7200, 0x00000000ca600000| 96%| O|  |TAMS 0x00000000ca5f7200, 0x00000000ca5f7200| Untracked 
|  10|0x00000000ca600000, 0x00000000ca700000, 0x00000000ca700000|100%| O|  |TAMS 0x00000000ca700000, 0x00000000ca700000| Untracked 
|  11|0x00000000ca700000, 0x00000000ca800000, 0x00000000ca800000|100%| O|  |TAMS 0x00000000ca800000, 0x00000000ca800000| Untracked 
|  12|0x00000000ca800000, 0x00000000ca900000, 0x00000000ca900000|100%| O|  |TAMS 0x00000000ca900000, 0x00000000ca900000| Untracked 
|  13|0x00000000ca900000, 0x00000000ca900000, 0x00000000caa00000|  0%| F|  |TAMS 0x00000000ca900000, 0x00000000ca900000| Untracked 
|  14|0x00000000caa00000, 0x00000000cab00000, 0x00000000cab00000|100%| O|  |TAMS 0x00000000cab00000, 0x00000000cab00000| Untracked 
|  15|0x00000000cab00000, 0x00000000cac00000, 0x00000000cac00000|100%| O|  |TAMS 0x00000000cac00000, 0x00000000cac00000| Untracked 
|  16|0x00000000cac00000, 0x00000000cad00000, 0x00000000cad00000|100%| O|  |TAMS 0x00000000cad00000, 0x00000000cad00000| Untracked 
|  17|0x00000000cad00000, 0x00000000cae00000, 0x00000000cae00000|100%| O|  |TAMS 0x00000000cae00000, 0x00000000cae00000| Untracked 
|  18|0x00000000cae00000, 0x00000000caf00000, 0x00000000caf00000|100%| O|  |TAMS 0x00000000caf00000, 0x00000000caf00000| Untracked 
|  19|0x00000000caf00000, 0x00000000cb000000, 0x00000000cb000000|100%| O|  |TAMS 0x00000000cb000000, 0x00000000cb000000| Untracked 
|  20|0x00000000cb000000, 0x00000000cb100000, 0x00000000cb100000|100%| O|  |TAMS 0x00000000cb100000, 0x00000000cb100000| Untracked 
|  21|0x00000000cb100000, 0x00000000cb200000, 0x00000000cb200000|100%| O|  |TAMS 0x00000000cb200000, 0x00000000cb200000| Untracked 
|  22|0x00000000cb200000, 0x00000000cb300000, 0x00000000cb300000|100%| O|  |TAMS 0x00000000cb300000, 0x00000000cb300000| Untracked 
|  23|0x00000000cb300000, 0x00000000cb400000, 0x00000000cb400000|100%| O|  |TAMS 0x00000000cb400000, 0x00000000cb400000| Untracked 
|  24|0x00000000cb400000, 0x00000000cb500000, 0x00000000cb500000|100%| O|  |TAMS 0x00000000cb500000, 0x00000000cb500000| Untracked 
|  25|0x00000000cb500000, 0x00000000cb600000, 0x00000000cb600000|100%| O|  |TAMS 0x00000000cb600000, 0x00000000cb600000| Untracked 
|  26|0x00000000cb600000, 0x00000000cb700000, 0x00000000cb700000|100%| O|  |TAMS 0x00000000cb700000, 0x00000000cb700000| Untracked 
|  27|0x00000000cb700000, 0x00000000cb800000, 0x00000000cb800000|100%| O|  |TAMS 0x00000000cb800000, 0x00000000cb800000| Untracked 
|  28|0x00000000cb800000, 0x00000000cb900000, 0x00000000cb900000|100%| O|  |TAMS 0x00000000cb900000, 0x00000000cb900000| Untracked 
|  29|0x00000000cb900000, 0x00000000cba00000, 0x00000000cba00000|100%| O|  |TAMS 0x00000000cba00000, 0x00000000cba00000| Untracked 
|  30|0x00000000cba00000, 0x00000000cbb00000, 0x00000000cbb00000|100%| O|  |TAMS 0x00000000cbb00000, 0x00000000cbb00000| Untracked 
|  31|0x00000000cbb00000, 0x00000000cbc00000, 0x00000000cbc00000|100%| O|  |TAMS 0x00000000cbc00000, 0x00000000cbc00000| Untracked 
|  32|0x00000000cbc00000, 0x00000000cbd00000, 0x00000000cbd00000|100%| O|  |TAMS 0x00000000cbd00000, 0x00000000cbd00000| Untracked 
|  33|0x00000000cbd00000, 0x00000000cbe00000, 0x00000000cbe00000|100%| O|  |TAMS 0x00000000cbe00000, 0x00000000cbe00000| Untracked 
|  34|0x00000000cbe00000, 0x00000000cbf00000, 0x00000000cbf00000|100%| O|  |TAMS 0x00000000cbf00000, 0x00000000cbf00000| Untracked 
|  35|0x00000000cbf00000, 0x00000000cc000000, 0x00000000cc000000|100%| O|  |TAMS 0x00000000cc000000, 0x00000000cc000000| Untracked 
|  36|0x00000000cc000000, 0x00000000cc100000, 0x00000000cc100000|100%| O|  |TAMS 0x00000000cc100000, 0x00000000cc100000| Untracked 
|  37|0x00000000cc100000, 0x00000000cc200000, 0x00000000cc200000|100%| O|  |TAMS 0x00000000cc200000, 0x00000000cc200000| Untracked 
|  38|0x00000000cc200000, 0x00000000cc300000, 0x00000000cc300000|100%|HS|  |TAMS 0x00000000cc300000, 0x00000000cc300000| Complete 
|  39|0x00000000cc300000, 0x00000000cc400000, 0x00000000cc400000|100%| O|  |TAMS 0x00000000cc400000, 0x00000000cc400000| Untracked 
|  40|0x00000000cc400000, 0x00000000cc500000, 0x00000000cc500000|100%| O|  |TAMS 0x00000000cc500000, 0x00000000cc500000| Untracked 
|  41|0x00000000cc500000, 0x00000000cc600000, 0x00000000cc600000|100%| O|  |TAMS 0x00000000cc600000, 0x00000000cc600000| Untracked 
|  42|0x00000000cc600000, 0x00000000cc700000, 0x00000000cc700000|100%| O|  |TAMS 0x00000000cc700000, 0x00000000cc700000| Untracked 
|  43|0x00000000cc700000, 0x00000000cc800000, 0x00000000cc800000|100%| O|  |TAMS 0x00000000cc800000, 0x00000000cc800000| Untracked 
|  44|0x00000000cc800000, 0x00000000cc900000, 0x00000000cc900000|100%| O|  |TAMS 0x00000000cc900000, 0x00000000cc900000| Untracked 
|  45|0x00000000cc900000, 0x00000000cca00000, 0x00000000cca00000|100%| O|  |TAMS 0x00000000cca00000, 0x00000000cca00000| Untracked 
|  46|0x00000000cca00000, 0x00000000ccb00000, 0x00000000ccb00000|100%| O|  |TAMS 0x00000000ccb00000, 0x00000000ccb00000| Untracked 
|  47|0x00000000ccb00000, 0x00000000ccc00000, 0x00000000ccc00000|100%| O|  |TAMS 0x00000000ccc00000, 0x00000000ccc00000| Untracked 
|  48|0x00000000ccc00000, 0x00000000ccd00000, 0x00000000ccd00000|100%| O|  |TAMS 0x00000000ccd00000, 0x00000000ccd00000| Untracked 
|  49|0x00000000ccd00000, 0x00000000cce00000, 0x00000000cce00000|100%| O|  |TAMS 0x00000000cce00000, 0x00000000cce00000| Untracked 
|  50|0x00000000cce00000, 0x00000000ccf00000, 0x00000000ccf00000|100%| O|  |TAMS 0x00000000ccf00000, 0x00000000ccf00000| Untracked 
|  51|0x00000000ccf00000, 0x00000000cd000000, 0x00000000cd000000|100%| O|  |TAMS 0x00000000cd000000, 0x00000000cd000000| Untracked 
|  52|0x00000000cd000000, 0x00000000cd100000, 0x00000000cd100000|100%| O|  |TAMS 0x00000000cd100000, 0x00000000cd100000| Untracked 
|  53|0x00000000cd100000, 0x00000000cd100000, 0x00000000cd200000|  0%| F|  |TAMS 0x00000000cd100000, 0x00000000cd100000| Untracked 
|  54|0x00000000cd200000, 0x00000000cd300000, 0x00000000cd300000|100%| O|  |TAMS 0x00000000cd300000, 0x00000000cd300000| Untracked 
|  55|0x00000000cd300000, 0x00000000cd400000, 0x00000000cd400000|100%| O|  |TAMS 0x00000000cd400000, 0x00000000cd400000| Untracked 
|  56|0x00000000cd400000, 0x00000000cd500000, 0x00000000cd500000|100%| O|  |TAMS 0x00000000cd500000, 0x00000000cd500000| Untracked 
|  57|0x00000000cd500000, 0x00000000cd600000, 0x00000000cd600000|100%| O|  |TAMS 0x00000000cd600000, 0x00000000cd600000| Untracked 
|  58|0x00000000cd600000, 0x00000000cd700000, 0x00000000cd700000|100%| O|  |TAMS 0x00000000cd700000, 0x00000000cd700000| Untracked 
|  59|0x00000000cd700000, 0x00000000cd800000, 0x00000000cd800000|100%| O|  |TAMS 0x00000000cd800000, 0x00000000cd800000| Untracked 
|  60|0x00000000cd800000, 0x00000000cd900000, 0x00000000cd900000|100%| O|  |TAMS 0x00000000cd900000, 0x00000000cd900000| Untracked 
|  61|0x00000000cd900000, 0x00000000cda00000, 0x00000000cda00000|100%| O|  |TAMS 0x00000000cda00000, 0x00000000cda00000| Untracked 
|  62|0x00000000cda00000, 0x00000000cdb00000, 0x00000000cdb00000|100%| O|  |TAMS 0x00000000cdb00000, 0x00000000cdb00000| Untracked 
|  63|0x00000000cdb00000, 0x00000000cdc00000, 0x00000000cdc00000|100%| O|  |TAMS 0x00000000cdc00000, 0x00000000cdc00000| Untracked 
|  64|0x00000000cdc00000, 0x00000000cdd00000, 0x00000000cdd00000|100%| O|  |TAMS 0x00000000cdd00000, 0x00000000cdd00000| Untracked 
|  65|0x00000000cdd00000, 0x00000000cde00000, 0x00000000cde00000|100%| O|  |TAMS 0x00000000cde00000, 0x00000000cde00000| Untracked 
|  66|0x00000000cde00000, 0x00000000cdf00000, 0x00000000cdf00000|100%| O|  |TAMS 0x00000000cdf00000, 0x00000000cdf00000| Untracked 
|  67|0x00000000cdf00000, 0x00000000ce000000, 0x00000000ce000000|100%| O|  |TAMS 0x00000000ce000000, 0x00000000ce000000| Untracked 
|  68|0x00000000ce000000, 0x00000000ce100000, 0x00000000ce100000|100%| O|  |TAMS 0x00000000ce100000, 0x00000000ce100000| Untracked 
|  69|0x00000000ce100000, 0x00000000ce200000, 0x00000000ce200000|100%| O|  |TAMS 0x00000000ce200000, 0x00000000ce200000| Untracked 
|  70|0x00000000ce200000, 0x00000000ce300000, 0x00000000ce300000|100%| O|  |TAMS 0x00000000ce300000, 0x00000000ce300000| Untracked 
|  71|0x00000000ce300000, 0x00000000ce400000, 0x00000000ce400000|100%| O|  |TAMS 0x00000000ce400000, 0x00000000ce400000| Untracked 
|  72|0x00000000ce400000, 0x00000000ce500000, 0x00000000ce500000|100%| O|  |TAMS 0x00000000ce500000, 0x00000000ce500000| Untracked 
|  73|0x00000000ce500000, 0x00000000ce600000, 0x00000000ce600000|100%| O|  |TAMS 0x00000000ce600000, 0x00000000ce600000| Untracked 
|  74|0x00000000ce600000, 0x00000000ce700000, 0x00000000ce700000|100%| O|  |TAMS 0x00000000ce700000, 0x00000000ce700000| Untracked 
|  75|0x00000000ce700000, 0x00000000ce800000, 0x00000000ce800000|100%| O|  |TAMS 0x00000000ce800000, 0x00000000ce800000| Untracked 
|  76|0x00000000ce800000, 0x00000000ce900000, 0x00000000ce900000|100%| O|  |TAMS 0x00000000ce900000, 0x00000000ce900000| Untracked 
|  77|0x00000000ce900000, 0x00000000cea00000, 0x00000000cea00000|100%| O|  |TAMS 0x00000000cea00000, 0x00000000cea00000| Untracked 
|  78|0x00000000cea00000, 0x00000000ceb00000, 0x00000000ceb00000|100%| O|  |TAMS 0x00000000ceb00000, 0x00000000ceb00000| Untracked 
|  79|0x00000000ceb00000, 0x00000000cec00000, 0x00000000cec00000|100%| O|  |TAMS 0x00000000cec00000, 0x00000000cec00000| Untracked 
|  80|0x00000000cec00000, 0x00000000ced00000, 0x00000000ced00000|100%| O|  |TAMS 0x00000000ced00000, 0x00000000ced00000| Untracked 
|  81|0x00000000ced00000, 0x00000000cee00000, 0x00000000cee00000|100%| O|  |TAMS 0x00000000cee00000, 0x00000000cee00000| Untracked 
|  82|0x00000000cee00000, 0x00000000cef00000, 0x00000000cef00000|100%| O|  |TAMS 0x00000000cef00000, 0x00000000cef00000| Untracked 
|  83|0x00000000cef00000, 0x00000000cf000000, 0x00000000cf000000|100%| O|  |TAMS 0x00000000cf000000, 0x00000000cf000000| Untracked 
|  84|0x00000000cf000000, 0x00000000cf000000, 0x00000000cf100000|  0%| F|  |TAMS 0x00000000cf000000, 0x00000000cf000000| Untracked 
|  85|0x00000000cf100000, 0x00000000cf200000, 0x00000000cf200000|100%| O|  |TAMS 0x00000000cf200000, 0x00000000cf200000| Untracked 
|  86|0x00000000cf200000, 0x00000000cf300000, 0x00000000cf300000|100%| O|  |TAMS 0x00000000cf300000, 0x00000000cf300000| Untracked 
|  87|0x00000000cf300000, 0x00000000cf400000, 0x00000000cf400000|100%| O|  |TAMS 0x00000000cf400000, 0x00000000cf400000| Untracked 
|  88|0x00000000cf400000, 0x00000000cf500000, 0x00000000cf500000|100%| O|  |TAMS 0x00000000cf500000, 0x00000000cf500000| Untracked 
|  89|0x00000000cf500000, 0x00000000cf600000, 0x00000000cf600000|100%| O|  |TAMS 0x00000000cf600000, 0x00000000cf600000| Untracked 
|  90|0x00000000cf600000, 0x00000000cf700000, 0x00000000cf700000|100%| O|  |TAMS 0x00000000cf700000, 0x00000000cf700000| Untracked 
|  91|0x00000000cf700000, 0x00000000cf800000, 0x00000000cf800000|100%| O|  |TAMS 0x00000000cf800000, 0x00000000cf800000| Untracked 
|  92|0x00000000cf800000, 0x00000000cf900000, 0x00000000cf900000|100%|HS|  |TAMS 0x00000000cf900000, 0x00000000cf900000| Complete 
|  93|0x00000000cf900000, 0x00000000cfa00000, 0x00000000cfa00000|100%|HC|  |TAMS 0x00000000cfa00000, 0x00000000cfa00000| Complete 
|  94|0x00000000cfa00000, 0x00000000cfb00000, 0x00000000cfb00000|100%|HS|  |TAMS 0x00000000cfb00000, 0x00000000cfb00000| Complete 
|  95|0x00000000cfb00000, 0x00000000cfc00000, 0x00000000cfc00000|100%| O|  |TAMS 0x00000000cfc00000, 0x00000000cfc00000| Untracked 
|  96|0x00000000cfc00000, 0x00000000cfd00000, 0x00000000cfd00000|100%| O|  |TAMS 0x00000000cfd00000, 0x00000000cfd00000| Untracked 
|  97|0x00000000cfd00000, 0x00000000cfe00000, 0x00000000cfe00000|100%| O|  |TAMS 0x00000000cfe00000, 0x00000000cfe00000| Untracked 
|  98|0x00000000cfe00000, 0x00000000cff00000, 0x00000000cff00000|100%| O|  |TAMS 0x00000000cff00000, 0x00000000cff00000| Untracked 
|  99|0x00000000cff00000, 0x00000000d0000000, 0x00000000d0000000|100%| O|  |TAMS 0x00000000d0000000, 0x00000000d0000000| Untracked 
| 100|0x00000000d0000000, 0x00000000d0100000, 0x00000000d0100000|100%| O|  |TAMS 0x00000000d0100000, 0x00000000d0100000| Untracked 
| 101|0x00000000d0100000, 0x00000000d0200000, 0x00000000d0200000|100%|HS|  |TAMS 0x00000000d0200000, 0x00000000d0200000| Complete 
| 102|0x00000000d0200000, 0x00000000d0300000, 0x00000000d0300000|100%| O|  |TAMS 0x00000000d0300000, 0x00000000d0300000| Untracked 
| 103|0x00000000d0300000, 0x00000000d0400000, 0x00000000d0400000|100%| O|  |TAMS 0x00000000d0400000, 0x00000000d0400000| Untracked 
| 104|0x00000000d0400000, 0x00000000d0500000, 0x00000000d0500000|100%| O|  |TAMS 0x00000000d0500000, 0x00000000d0500000| Untracked 
| 105|0x00000000d0500000, 0x00000000d0600000, 0x00000000d0600000|100%| O|  |TAMS 0x00000000d0600000, 0x00000000d0600000| Untracked 
| 106|0x00000000d0600000, 0x00000000d0700000, 0x00000000d0700000|100%| O|  |TAMS 0x00000000d0700000, 0x00000000d0700000| Untracked 
| 107|0x00000000d0700000, 0x00000000d0700000, 0x00000000d0800000|  0%| F|  |TAMS 0x00000000d0700000, 0x00000000d0700000| Untracked 
| 108|0x00000000d0800000, 0x00000000d0900000, 0x00000000d0900000|100%| O|  |TAMS 0x00000000d0900000, 0x00000000d0900000| Untracked 
| 109|0x00000000d0900000, 0x00000000d0a00000, 0x00000000d0a00000|100%| O|  |TAMS 0x00000000d0a00000, 0x00000000d0a00000| Untracked 
| 110|0x00000000d0a00000, 0x00000000d0b00000, 0x00000000d0b00000|100%| O|  |TAMS 0x00000000d0b00000, 0x00000000d0b00000| Untracked 
| 111|0x00000000d0b00000, 0x00000000d0c00000, 0x00000000d0c00000|100%| O|  |TAMS 0x00000000d0c00000, 0x00000000d0c00000| Untracked 
| 112|0x00000000d0c00000, 0x00000000d0d00000, 0x00000000d0d00000|100%| O|  |TAMS 0x00000000d0d00000, 0x00000000d0d00000| Untracked 
| 113|0x00000000d0d00000, 0x00000000d0e00000, 0x00000000d0e00000|100%| O|  |TAMS 0x00000000d0e00000, 0x00000000d0e00000| Untracked 
| 114|0x00000000d0e00000, 0x00000000d0f00000, 0x00000000d0f00000|100%| O|  |TAMS 0x00000000d0f00000, 0x00000000d0f00000| Untracked 
| 115|0x00000000d0f00000, 0x00000000d1000000, 0x00000000d1000000|100%| O|  |TAMS 0x00000000d1000000, 0x00000000d1000000| Untracked 
| 116|0x00000000d1000000, 0x00000000d1100000, 0x00000000d1100000|100%| O|  |TAMS 0x00000000d1100000, 0x00000000d1100000| Untracked 
| 117|0x00000000d1100000, 0x00000000d1200000, 0x00000000d1200000|100%| O|  |TAMS 0x00000000d1200000, 0x00000000d1200000| Untracked 
| 118|0x00000000d1200000, 0x00000000d1300000, 0x00000000d1300000|100%| O|  |TAMS 0x00000000d1300000, 0x00000000d1300000| Untracked 
| 119|0x00000000d1300000, 0x00000000d1400000, 0x00000000d1400000|100%| O|  |TAMS 0x00000000d1400000, 0x00000000d1400000| Untracked 
| 120|0x00000000d1400000, 0x00000000d1500000, 0x00000000d1500000|100%| O|  |TAMS 0x00000000d1500000, 0x00000000d1500000| Untracked 
| 121|0x00000000d1500000, 0x00000000d1600000, 0x00000000d1600000|100%| O|  |TAMS 0x00000000d1600000, 0x00000000d1600000| Untracked 
| 122|0x00000000d1600000, 0x00000000d1700000, 0x00000000d1700000|100%| O|  |TAMS 0x00000000d1700000, 0x00000000d1700000| Untracked 
| 123|0x00000000d1700000, 0x00000000d1800000, 0x00000000d1800000|100%| O|  |TAMS 0x00000000d1800000, 0x00000000d1800000| Untracked 
| 124|0x00000000d1800000, 0x00000000d1900000, 0x00000000d1900000|100%| O|  |TAMS 0x00000000d1900000, 0x00000000d1900000| Untracked 
| 125|0x00000000d1900000, 0x00000000d1a00000, 0x00000000d1a00000|100%| O|  |TAMS 0x00000000d1a00000, 0x00000000d1a00000| Untracked 
| 126|0x00000000d1a00000, 0x00000000d1b00000, 0x00000000d1b00000|100%| O|  |TAMS 0x00000000d1b00000, 0x00000000d1b00000| Untracked 
| 127|0x00000000d1b00000, 0x00000000d1c00000, 0x00000000d1c00000|100%| O|  |TAMS 0x00000000d1c00000, 0x00000000d1c00000| Untracked 
| 128|0x00000000d1c00000, 0x00000000d1d00000, 0x00000000d1d00000|100%| O|  |TAMS 0x00000000d1d00000, 0x00000000d1d00000| Untracked 
| 129|0x00000000d1d00000, 0x00000000d1e00000, 0x00000000d1e00000|100%| O|  |TAMS 0x00000000d1e00000, 0x00000000d1e00000| Untracked 
| 130|0x00000000d1e00000, 0x00000000d1f00000, 0x00000000d1f00000|100%| O|  |TAMS 0x00000000d1f00000, 0x00000000d1f00000| Untracked 
| 131|0x00000000d1f00000, 0x00000000d2000000, 0x00000000d2000000|100%| O|  |TAMS 0x00000000d2000000, 0x00000000d2000000| Untracked 
| 132|0x00000000d2000000, 0x00000000d2100000, 0x00000000d2100000|100%| O|  |TAMS 0x00000000d2100000, 0x00000000d2100000| Untracked 
| 133|0x00000000d2100000, 0x00000000d2200000, 0x00000000d2200000|100%| O|  |TAMS 0x00000000d2200000, 0x00000000d2200000| Untracked 
| 134|0x00000000d2200000, 0x00000000d2300000, 0x00000000d2300000|100%| O|  |TAMS 0x00000000d2300000, 0x00000000d2300000| Untracked 
| 135|0x00000000d2300000, 0x00000000d2400000, 0x00000000d2400000|100%| O|  |TAMS 0x00000000d2400000, 0x00000000d2400000| Untracked 
| 136|0x00000000d2400000, 0x00000000d2500000, 0x00000000d2500000|100%| O|  |TAMS 0x00000000d2500000, 0x00000000d2500000| Untracked 
| 137|0x00000000d2500000, 0x00000000d2600000, 0x00000000d2600000|100%| O|  |TAMS 0x00000000d2600000, 0x00000000d2600000| Untracked 
| 138|0x00000000d2600000, 0x00000000d2700000, 0x00000000d2700000|100%| O|  |TAMS 0x00000000d2700000, 0x00000000d2700000| Untracked 
| 139|0x00000000d2700000, 0x00000000d2800000, 0x00000000d2800000|100%| O|  |TAMS 0x00000000d2800000, 0x00000000d2800000| Untracked 
| 140|0x00000000d2800000, 0x00000000d2900000, 0x00000000d2900000|100%| O|  |TAMS 0x00000000d2900000, 0x00000000d2900000| Untracked 
| 141|0x00000000d2900000, 0x00000000d2a00000, 0x00000000d2a00000|100%| O|  |TAMS 0x00000000d2a00000, 0x00000000d2a00000| Untracked 
| 142|0x00000000d2a00000, 0x00000000d2b00000, 0x00000000d2b00000|100%|HS|  |TAMS 0x00000000d2b00000, 0x00000000d2b00000| Complete 
| 143|0x00000000d2b00000, 0x00000000d2c00000, 0x00000000d2c00000|100%| O|  |TAMS 0x00000000d2c00000, 0x00000000d2c00000| Untracked 
| 144|0x00000000d2c00000, 0x00000000d2d00000, 0x00000000d2d00000|100%| O|  |TAMS 0x00000000d2d00000, 0x00000000d2d00000| Untracked 
| 145|0x00000000d2d00000, 0x00000000d2e00000, 0x00000000d2e00000|100%| O|  |TAMS 0x00000000d2e00000, 0x00000000d2e00000| Untracked 
| 146|0x00000000d2e00000, 0x00000000d2f00000, 0x00000000d2f00000|100%| O|  |TAMS 0x00000000d2f00000, 0x00000000d2f00000| Untracked 
| 147|0x00000000d2f00000, 0x00000000d3000000, 0x00000000d3000000|100%| O|  |TAMS 0x00000000d3000000, 0x00000000d3000000| Untracked 
| 148|0x00000000d3000000, 0x00000000d3100000, 0x00000000d3100000|100%| O|  |TAMS 0x00000000d3100000, 0x00000000d3100000| Untracked 
| 149|0x00000000d3100000, 0x00000000d3200000, 0x00000000d3200000|100%| O|  |TAMS 0x00000000d3200000, 0x00000000d3200000| Untracked 
| 150|0x00000000d3200000, 0x00000000d3300000, 0x00000000d3300000|100%| O|  |TAMS 0x00000000d3300000, 0x00000000d3300000| Untracked 
| 151|0x00000000d3300000, 0x00000000d3400000, 0x00000000d3400000|100%| O|  |TAMS 0x00000000d3400000, 0x00000000d3400000| Untracked 
| 152|0x00000000d3400000, 0x00000000d3500000, 0x00000000d3500000|100%| O|  |TAMS 0x00000000d3500000, 0x00000000d3500000| Untracked 
| 153|0x00000000d3500000, 0x00000000d3600000, 0x00000000d3600000|100%| O|  |TAMS 0x00000000d3600000, 0x00000000d3600000| Untracked 
| 154|0x00000000d3600000, 0x00000000d3700000, 0x00000000d3700000|100%| O|  |TAMS 0x00000000d3700000, 0x00000000d3700000| Untracked 
| 155|0x00000000d3700000, 0x00000000d3800000, 0x00000000d3800000|100%| O|  |TAMS 0x00000000d3800000, 0x00000000d3800000| Untracked 
| 156|0x00000000d3800000, 0x00000000d3900000, 0x00000000d3900000|100%| O|  |TAMS 0x00000000d3900000, 0x00000000d3900000| Untracked 
| 157|0x00000000d3900000, 0x00000000d3a00000, 0x00000000d3a00000|100%| O|  |TAMS 0x00000000d3a00000, 0x00000000d3a00000| Untracked 
| 158|0x00000000d3a00000, 0x00000000d3b00000, 0x00000000d3b00000|100%| O|  |TAMS 0x00000000d3b00000, 0x00000000d3b00000| Untracked 
| 159|0x00000000d3b00000, 0x00000000d3c00000, 0x00000000d3c00000|100%| O|  |TAMS 0x00000000d3c00000, 0x00000000d3c00000| Untracked 
| 160|0x00000000d3c00000, 0x00000000d3d00000, 0x00000000d3d00000|100%| O|  |TAMS 0x00000000d3d00000, 0x00000000d3d00000| Untracked 
| 161|0x00000000d3d00000, 0x00000000d3e00000, 0x00000000d3e00000|100%| O|  |TAMS 0x00000000d3e00000, 0x00000000d3e00000| Untracked 
| 162|0x00000000d3e00000, 0x00000000d3f00000, 0x00000000d3f00000|100%| O|  |TAMS 0x00000000d3f00000, 0x00000000d3f00000| Untracked 
| 163|0x00000000d3f00000, 0x00000000d4000000, 0x00000000d4000000|100%| O|  |TAMS 0x00000000d4000000, 0x00000000d4000000| Untracked 
| 164|0x00000000d4000000, 0x00000000d4100000, 0x00000000d4100000|100%| O|  |TAMS 0x00000000d4100000, 0x00000000d4100000| Untracked 
| 165|0x00000000d4100000, 0x00000000d4200000, 0x00000000d4200000|100%| O|  |TAMS 0x00000000d4200000, 0x00000000d4200000| Untracked 
| 166|0x00000000d4200000, 0x00000000d4300000, 0x00000000d4300000|100%| O|  |TAMS 0x00000000d4300000, 0x00000000d4300000| Untracked 
| 167|0x00000000d4300000, 0x00000000d4400000, 0x00000000d4400000|100%| O|  |TAMS 0x00000000d4400000, 0x00000000d4400000| Untracked 
| 168|0x00000000d4400000, 0x00000000d4500000, 0x00000000d4500000|100%| O|  |TAMS 0x00000000d4500000, 0x00000000d4500000| Untracked 
| 169|0x00000000d4500000, 0x00000000d4600000, 0x00000000d4600000|100%| O|  |TAMS 0x00000000d4600000, 0x00000000d4600000| Untracked 
| 170|0x00000000d4600000, 0x00000000d4700000, 0x00000000d4700000|100%| O|  |TAMS 0x00000000d4700000, 0x00000000d4700000| Untracked 
| 171|0x00000000d4700000, 0x00000000d4800000, 0x00000000d4800000|100%| O|  |TAMS 0x00000000d4789a00, 0x00000000d4800000| Untracked 
| 172|0x00000000d4800000, 0x00000000d4900000, 0x00000000d4900000|100%| O|  |TAMS 0x00000000d4800000, 0x00000000d4900000| Untracked 
| 173|0x00000000d4900000, 0x00000000d4a00000, 0x00000000d4a00000|100%| O|  |TAMS 0x00000000d4900000, 0x00000000d4a00000| Untracked 
| 174|0x00000000d4a00000, 0x00000000d4b00000, 0x00000000d4b00000|100%| O|  |TAMS 0x00000000d4a00000, 0x00000000d4b00000| Untracked 
| 175|0x00000000d4b00000, 0x00000000d4c00000, 0x00000000d4c00000|100%| O|  |TAMS 0x00000000d4b00000, 0x00000000d4c00000| Untracked 
| 176|0x00000000d4c00000, 0x00000000d4d00000, 0x00000000d4d00000|100%| O|  |TAMS 0x00000000d4c00000, 0x00000000d4d00000| Untracked 
| 177|0x00000000d4d00000, 0x00000000d4e00000, 0x00000000d4e00000|100%| O|  |TAMS 0x00000000d4d00000, 0x00000000d4e00000| Untracked 
| 178|0x00000000d4e00000, 0x00000000d4f00000, 0x00000000d4f00000|100%| O|  |TAMS 0x00000000d4e00000, 0x00000000d4f00000| Untracked 
| 179|0x00000000d4f00000, 0x00000000d5000000, 0x00000000d5000000|100%| O|  |TAMS 0x00000000d4f00000, 0x00000000d5000000| Untracked 
| 180|0x00000000d5000000, 0x00000000d5100000, 0x00000000d5100000|100%| O|  |TAMS 0x00000000d5000000, 0x00000000d5100000| Untracked 
| 181|0x00000000d5100000, 0x00000000d5200000, 0x00000000d5200000|100%| O|  |TAMS 0x00000000d5100000, 0x00000000d5200000| Untracked 
| 182|0x00000000d5200000, 0x00000000d5300000, 0x00000000d5300000|100%| O|  |TAMS 0x00000000d5200000, 0x00000000d5300000| Untracked 
| 183|0x00000000d5300000, 0x00000000d5400000, 0x00000000d5400000|100%| O|  |TAMS 0x00000000d5300000, 0x00000000d5400000| Untracked 
| 184|0x00000000d5400000, 0x00000000d5500000, 0x00000000d5500000|100%| O|  |TAMS 0x00000000d5400000, 0x00000000d5500000| Untracked 
| 185|0x00000000d5500000, 0x00000000d5600000, 0x00000000d5600000|100%| O|  |TAMS 0x00000000d5500000, 0x00000000d5600000| Untracked 
| 186|0x00000000d5600000, 0x00000000d5700000, 0x00000000d5700000|100%| O|  |TAMS 0x00000000d5600000, 0x00000000d5700000| Untracked 
| 187|0x00000000d5700000, 0x00000000d5800000, 0x00000000d5800000|100%| O|  |TAMS 0x00000000d5700000, 0x00000000d5800000| Untracked 
| 188|0x00000000d5800000, 0x00000000d5900000, 0x00000000d5900000|100%| O|  |TAMS 0x00000000d5800000, 0x00000000d5900000| Untracked 
| 189|0x00000000d5900000, 0x00000000d5a00000, 0x00000000d5a00000|100%| O|  |TAMS 0x00000000d5900000, 0x00000000d5a00000| Untracked 
| 190|0x00000000d5a00000, 0x00000000d5b00000, 0x00000000d5b00000|100%| O|  |TAMS 0x00000000d5a00000, 0x00000000d5b00000| Untracked 
| 191|0x00000000d5b00000, 0x00000000d5c00000, 0x00000000d5c00000|100%| O|  |TAMS 0x00000000d5b00000, 0x00000000d5c00000| Untracked 
| 192|0x00000000d5c00000, 0x00000000d5d00000, 0x00000000d5d00000|100%| O|  |TAMS 0x00000000d5c00000, 0x00000000d5d00000| Untracked 
| 193|0x00000000d5d00000, 0x00000000d5e00000, 0x00000000d5e00000|100%| O|  |TAMS 0x00000000d5d00000, 0x00000000d5e00000| Untracked 
| 194|0x00000000d5e00000, 0x00000000d5f00000, 0x00000000d5f00000|100%| O|  |TAMS 0x00000000d5e00000, 0x00000000d5f00000| Untracked 
| 195|0x00000000d5f00000, 0x00000000d6000000, 0x00000000d6000000|100%| O|  |TAMS 0x00000000d5f00000, 0x00000000d6000000| Untracked 
| 196|0x00000000d6000000, 0x00000000d6100000, 0x00000000d6100000|100%| O|  |TAMS 0x00000000d6000000, 0x00000000d6100000| Untracked 
| 197|0x00000000d6100000, 0x00000000d6200000, 0x00000000d6200000|100%| O|  |TAMS 0x00000000d6100000, 0x00000000d6200000| Untracked 
| 198|0x00000000d6200000, 0x00000000d6300000, 0x00000000d6300000|100%| O|  |TAMS 0x00000000d6200000, 0x00000000d6300000| Untracked 
| 199|0x00000000d6300000, 0x00000000d6400000, 0x00000000d6400000|100%| O|  |TAMS 0x00000000d6300000, 0x00000000d6400000| Untracked 
| 200|0x00000000d6400000, 0x00000000d6500000, 0x00000000d6500000|100%| O|  |TAMS 0x00000000d6400000, 0x00000000d6500000| Untracked 
| 201|0x00000000d6500000, 0x00000000d6555c00, 0x00000000d6600000| 33%| O|  |TAMS 0x00000000d6500000, 0x00000000d6555c00| Untracked 
| 202|0x00000000d6600000, 0x00000000d6600000, 0x00000000d6700000|  0%| F|  |TAMS 0x00000000d6600000, 0x00000000d6600000| Untracked 
| 203|0x00000000d6700000, 0x00000000d6700000, 0x00000000d6800000|  0%| F|  |TAMS 0x00000000d6700000, 0x00000000d6700000| Untracked 
| 204|0x00000000d6800000, 0x00000000d6800000, 0x00000000d6900000|  0%| F|  |TAMS 0x00000000d6800000, 0x00000000d6800000| Untracked 
| 205|0x00000000d6900000, 0x00000000d6900000, 0x00000000d6a00000|  0%| F|  |TAMS 0x00000000d6900000, 0x00000000d6900000| Untracked 
| 206|0x00000000d6a00000, 0x00000000d6a00000, 0x00000000d6b00000|  0%| F|  |TAMS 0x00000000d6a00000, 0x00000000d6a00000| Untracked 
| 207|0x00000000d6b00000, 0x00000000d6b00000, 0x00000000d6c00000|  0%| F|  |TAMS 0x00000000d6b00000, 0x00000000d6b00000| Untracked 
| 208|0x00000000d6c00000, 0x00000000d6c00000, 0x00000000d6d00000|  0%| F|  |TAMS 0x00000000d6c00000, 0x00000000d6c00000| Untracked 
| 209|0x00000000d6d00000, 0x00000000d6d00000, 0x00000000d6e00000|  0%| F|  |TAMS 0x00000000d6d00000, 0x00000000d6d00000| Untracked 
| 210|0x00000000d6e00000, 0x00000000d6e00000, 0x00000000d6f00000|  0%| F|  |TAMS 0x00000000d6e00000, 0x00000000d6e00000| Untracked 
| 211|0x00000000d6f00000, 0x00000000d6f00000, 0x00000000d7000000|  0%| F|  |TAMS 0x00000000d6f00000, 0x00000000d6f00000| Untracked 
| 212|0x00000000d7000000, 0x00000000d7000000, 0x00000000d7100000|  0%| F|  |TAMS 0x00000000d7000000, 0x00000000d7000000| Untracked 
| 213|0x00000000d7100000, 0x00000000d7100000, 0x00000000d7200000|  0%| F|  |TAMS 0x00000000d7100000, 0x00000000d7100000| Untracked 
| 214|0x00000000d7200000, 0x00000000d7200000, 0x00000000d7300000|  0%| F|  |TAMS 0x00000000d7200000, 0x00000000d7200000| Untracked 
| 215|0x00000000d7300000, 0x00000000d7300000, 0x00000000d7400000|  0%| F|  |TAMS 0x00000000d7300000, 0x00000000d7300000| Untracked 
| 216|0x00000000d7400000, 0x00000000d7400000, 0x00000000d7500000|  0%| F|  |TAMS 0x00000000d7400000, 0x00000000d7400000| Untracked 
| 217|0x00000000d7500000, 0x00000000d7500000, 0x00000000d7600000|  0%| F|  |TAMS 0x00000000d7500000, 0x00000000d7500000| Untracked 
| 218|0x00000000d7600000, 0x00000000d7600000, 0x00000000d7700000|  0%| F|  |TAMS 0x00000000d7600000, 0x00000000d7600000| Untracked 
| 219|0x00000000d7700000, 0x00000000d7700000, 0x00000000d7800000|  0%| F|  |TAMS 0x00000000d7700000, 0x00000000d7700000| Untracked 
| 220|0x00000000d7800000, 0x00000000d7800000, 0x00000000d7900000|  0%| F|  |TAMS 0x00000000d7800000, 0x00000000d7800000| Untracked 
| 221|0x00000000d7900000, 0x00000000d7900000, 0x00000000d7a00000|  0%| F|  |TAMS 0x00000000d7900000, 0x00000000d7900000| Untracked 
| 222|0x00000000d7a00000, 0x00000000d7a00000, 0x00000000d7b00000|  0%| F|  |TAMS 0x00000000d7a00000, 0x00000000d7a00000| Untracked 
| 223|0x00000000d7b00000, 0x00000000d7b00000, 0x00000000d7c00000|  0%| F|  |TAMS 0x00000000d7b00000, 0x00000000d7b00000| Untracked 
| 224|0x00000000d7c00000, 0x00000000d7c00000, 0x00000000d7d00000|  0%| F|  |TAMS 0x00000000d7c00000, 0x00000000d7c00000| Untracked 
| 225|0x00000000d7d00000, 0x00000000d7d00000, 0x00000000d7e00000|  0%| F|  |TAMS 0x00000000d7d00000, 0x00000000d7d00000| Untracked 
| 226|0x00000000d7e00000, 0x00000000d7e00000, 0x00000000d7f00000|  0%| F|  |TAMS 0x00000000d7e00000, 0x00000000d7e00000| Untracked 
| 227|0x00000000d7f00000, 0x00000000d7f00000, 0x00000000d8000000|  0%| F|  |TAMS 0x00000000d7f00000, 0x00000000d7f00000| Untracked 
| 228|0x00000000d8000000, 0x00000000d8000000, 0x00000000d8100000|  0%| F|  |TAMS 0x00000000d8000000, 0x00000000d8000000| Untracked 
| 229|0x00000000d8100000, 0x00000000d8100000, 0x00000000d8200000|  0%| F|  |TAMS 0x00000000d8100000, 0x00000000d8100000| Untracked 
| 230|0x00000000d8200000, 0x00000000d8200000, 0x00000000d8300000|  0%| F|  |TAMS 0x00000000d8200000, 0x00000000d8200000| Untracked 
| 231|0x00000000d8300000, 0x00000000d8300000, 0x00000000d8400000|  0%| F|  |TAMS 0x00000000d8300000, 0x00000000d8300000| Untracked 
| 232|0x00000000d8400000, 0x00000000d8400000, 0x00000000d8500000|  0%| F|  |TAMS 0x00000000d8400000, 0x00000000d8400000| Untracked 
| 233|0x00000000d8500000, 0x00000000d8500000, 0x00000000d8600000|  0%| F|  |TAMS 0x00000000d8500000, 0x00000000d8500000| Untracked 
| 234|0x00000000d8600000, 0x00000000d8600000, 0x00000000d8700000|  0%| F|  |TAMS 0x00000000d8600000, 0x00000000d8600000| Untracked 
| 235|0x00000000d8700000, 0x00000000d8700000, 0x00000000d8800000|  0%| F|  |TAMS 0x00000000d8700000, 0x00000000d8700000| Untracked 
| 236|0x00000000d8800000, 0x00000000d8800000, 0x00000000d8900000|  0%| F|  |TAMS 0x00000000d8800000, 0x00000000d8800000| Untracked 
| 237|0x00000000d8900000, 0x00000000d8900000, 0x00000000d8a00000|  0%| F|  |TAMS 0x00000000d8900000, 0x00000000d8900000| Untracked 
| 238|0x00000000d8a00000, 0x00000000d8a00000, 0x00000000d8b00000|  0%| F|  |TAMS 0x00000000d8a00000, 0x00000000d8a00000| Untracked 
| 239|0x00000000d8b00000, 0x00000000d8b00000, 0x00000000d8c00000|  0%| F|  |TAMS 0x00000000d8b00000, 0x00000000d8b00000| Untracked 
| 240|0x00000000d8c00000, 0x00000000d8c00000, 0x00000000d8d00000|  0%| F|  |TAMS 0x00000000d8c00000, 0x00000000d8c00000| Untracked 
| 241|0x00000000d8d00000, 0x00000000d8d00000, 0x00000000d8e00000|  0%| F|  |TAMS 0x00000000d8d00000, 0x00000000d8d00000| Untracked 
| 242|0x00000000d8e00000, 0x00000000d8e00000, 0x00000000d8f00000|  0%| F|  |TAMS 0x00000000d8e00000, 0x00000000d8e00000| Untracked 
| 243|0x00000000d8f00000, 0x00000000d8f00000, 0x00000000d9000000|  0%| F|  |TAMS 0x00000000d8f00000, 0x00000000d8f00000| Untracked 
| 244|0x00000000d9000000, 0x00000000d9000000, 0x00000000d9100000|  0%| F|  |TAMS 0x00000000d9000000, 0x00000000d9000000| Untracked 
| 245|0x00000000d9100000, 0x00000000d9100000, 0x00000000d9200000|  0%| F|  |TAMS 0x00000000d9100000, 0x00000000d9100000| Untracked 
| 246|0x00000000d9200000, 0x00000000d9200000, 0x00000000d9300000|  0%| F|  |TAMS 0x00000000d9200000, 0x00000000d9200000| Untracked 
| 247|0x00000000d9300000, 0x00000000d9300000, 0x00000000d9400000|  0%| F|  |TAMS 0x00000000d9300000, 0x00000000d9300000| Untracked 
| 248|0x00000000d9400000, 0x00000000d9400000, 0x00000000d9500000|  0%| F|  |TAMS 0x00000000d9400000, 0x00000000d9400000| Untracked 
| 249|0x00000000d9500000, 0x00000000d9500000, 0x00000000d9600000|  0%| F|  |TAMS 0x00000000d9500000, 0x00000000d9500000| Untracked 
| 250|0x00000000d9600000, 0x00000000d9600000, 0x00000000d9700000|  0%| F|  |TAMS 0x00000000d9600000, 0x00000000d9600000| Untracked 
| 251|0x00000000d9700000, 0x00000000d9700000, 0x00000000d9800000|  0%| F|  |TAMS 0x00000000d9700000, 0x00000000d9700000| Untracked 
| 252|0x00000000d9800000, 0x00000000d9800000, 0x00000000d9900000|  0%| F|  |TAMS 0x00000000d9800000, 0x00000000d9800000| Untracked 
| 253|0x00000000d9900000, 0x00000000d9900000, 0x00000000d9a00000|  0%| F|  |TAMS 0x00000000d9900000, 0x00000000d9900000| Untracked 
| 254|0x00000000d9a00000, 0x00000000d9a00000, 0x00000000d9b00000|  0%| F|  |TAMS 0x00000000d9a00000, 0x00000000d9a00000| Untracked 
| 255|0x00000000d9b00000, 0x00000000d9bb15c0, 0x00000000d9c00000| 69%| S|CS|TAMS 0x00000000d9b00000, 0x00000000d9b00000| Complete 
| 256|0x00000000d9c00000, 0x00000000d9d00000, 0x00000000d9d00000|100%| S|CS|TAMS 0x00000000d9c00000, 0x00000000d9c00000| Complete 
| 257|0x00000000d9d00000, 0x00000000d9e00000, 0x00000000d9e00000|100%| S|CS|TAMS 0x00000000d9d00000, 0x00000000d9d00000| Complete 
| 258|0x00000000d9e00000, 0x00000000d9f00000, 0x00000000d9f00000|100%| S|CS|TAMS 0x00000000d9e00000, 0x00000000d9e00000| Complete 
| 259|0x00000000d9f00000, 0x00000000da000000, 0x00000000da000000|100%| S|CS|TAMS 0x00000000d9f00000, 0x00000000d9f00000| Complete 
| 260|0x00000000da000000, 0x00000000da100000, 0x00000000da100000|100%| S|CS|TAMS 0x00000000da000000, 0x00000000da000000| Complete 
| 261|0x00000000da100000, 0x00000000da200000, 0x00000000da200000|100%| S|CS|TAMS 0x00000000da100000, 0x00000000da100000| Complete 
| 262|0x00000000da200000, 0x00000000da300000, 0x00000000da300000|100%| S|CS|TAMS 0x00000000da200000, 0x00000000da200000| Complete 
| 263|0x00000000da300000, 0x00000000da400000, 0x00000000da400000|100%| S|CS|TAMS 0x00000000da300000, 0x00000000da300000| Complete 
| 264|0x00000000da400000, 0x00000000da400000, 0x00000000da500000|  0%| F|  |TAMS 0x00000000da400000, 0x00000000da400000| Untracked 
| 265|0x00000000da500000, 0x00000000da500000, 0x00000000da600000|  0%| F|  |TAMS 0x00000000da500000, 0x00000000da500000| Untracked 
| 266|0x00000000da600000, 0x00000000da600000, 0x00000000da700000|  0%| F|  |TAMS 0x00000000da600000, 0x00000000da600000| Untracked 
| 267|0x00000000da700000, 0x00000000da700000, 0x00000000da800000|  0%| F|  |TAMS 0x00000000da700000, 0x00000000da700000| Untracked 
| 268|0x00000000da800000, 0x00000000da800000, 0x00000000da900000|  0%| F|  |TAMS 0x00000000da800000, 0x00000000da800000| Untracked 
| 269|0x00000000da900000, 0x00000000da900000, 0x00000000daa00000|  0%| F|  |TAMS 0x00000000da900000, 0x00000000da900000| Untracked 
| 270|0x00000000daa00000, 0x00000000daa00000, 0x00000000dab00000|  0%| F|  |TAMS 0x00000000daa00000, 0x00000000daa00000| Untracked 
| 271|0x00000000dab00000, 0x00000000dab00000, 0x00000000dac00000|  0%| F|  |TAMS 0x00000000dab00000, 0x00000000dab00000| Untracked 
| 272|0x00000000dac00000, 0x00000000dac00000, 0x00000000dad00000|  0%| F|  |TAMS 0x00000000dac00000, 0x00000000dac00000| Untracked 
| 273|0x00000000dad00000, 0x00000000dad00000, 0x00000000dae00000|  0%| F|  |TAMS 0x00000000dad00000, 0x00000000dad00000| Untracked 
| 274|0x00000000dae00000, 0x00000000dae00000, 0x00000000daf00000|  0%| F|  |TAMS 0x00000000dae00000, 0x00000000dae00000| Untracked 
| 275|0x00000000daf00000, 0x00000000daf00000, 0x00000000db000000|  0%| F|  |TAMS 0x00000000daf00000, 0x00000000daf00000| Untracked 
| 276|0x00000000db000000, 0x00000000db000000, 0x00000000db100000|  0%| F|  |TAMS 0x00000000db000000, 0x00000000db000000| Untracked 
| 277|0x00000000db100000, 0x00000000db100000, 0x00000000db200000|  0%| F|  |TAMS 0x00000000db100000, 0x00000000db100000| Untracked 
| 278|0x00000000db200000, 0x00000000db200000, 0x00000000db300000|  0%| F|  |TAMS 0x00000000db200000, 0x00000000db200000| Untracked 
| 279|0x00000000db300000, 0x00000000db300000, 0x00000000db400000|  0%| F|  |TAMS 0x00000000db300000, 0x00000000db300000| Untracked 
| 280|0x00000000db400000, 0x00000000db400000, 0x00000000db500000|  0%| F|  |TAMS 0x00000000db400000, 0x00000000db400000| Untracked 
| 281|0x00000000db500000, 0x00000000db500000, 0x00000000db600000|  0%| F|  |TAMS 0x00000000db500000, 0x00000000db500000| Untracked 
| 282|0x00000000db600000, 0x00000000db600000, 0x00000000db700000|  0%| F|  |TAMS 0x00000000db600000, 0x00000000db600000| Untracked 
| 283|0x00000000db700000, 0x00000000db700000, 0x00000000db800000|  0%| F|  |TAMS 0x00000000db700000, 0x00000000db700000| Untracked 
| 284|0x00000000db800000, 0x00000000db800000, 0x00000000db900000|  0%| F|  |TAMS 0x00000000db800000, 0x00000000db800000| Untracked 
| 285|0x00000000db900000, 0x00000000db900000, 0x00000000dba00000|  0%| F|  |TAMS 0x00000000db900000, 0x00000000db900000| Untracked 
| 286|0x00000000dba00000, 0x00000000dba00000, 0x00000000dbb00000|  0%| F|  |TAMS 0x00000000dba00000, 0x00000000dba00000| Untracked 
| 287|0x00000000dbb00000, 0x00000000dbb00000, 0x00000000dbc00000|  0%| F|  |TAMS 0x00000000dbb00000, 0x00000000dbb00000| Untracked 
| 288|0x00000000dbc00000, 0x00000000dbc00000, 0x00000000dbd00000|  0%| F|  |TAMS 0x00000000dbc00000, 0x00000000dbc00000| Untracked 
| 289|0x00000000dbd00000, 0x00000000dbd00000, 0x00000000dbe00000|  0%| F|  |TAMS 0x00000000dbd00000, 0x00000000dbd00000| Untracked 
| 290|0x00000000dbe00000, 0x00000000dbe00000, 0x00000000dbf00000|  0%| F|  |TAMS 0x00000000dbe00000, 0x00000000dbe00000| Untracked 
| 291|0x00000000dbf00000, 0x00000000dbf00000, 0x00000000dc000000|  0%| F|  |TAMS 0x00000000dbf00000, 0x00000000dbf00000| Untracked 
| 292|0x00000000dc000000, 0x00000000dc000000, 0x00000000dc100000|  0%| F|  |TAMS 0x00000000dc000000, 0x00000000dc000000| Untracked 
| 293|0x00000000dc100000, 0x00000000dc100000, 0x00000000dc200000|  0%| F|  |TAMS 0x00000000dc100000, 0x00000000dc100000| Untracked 
| 294|0x00000000dc200000, 0x00000000dc200000, 0x00000000dc300000|  0%| F|  |TAMS 0x00000000dc200000, 0x00000000dc200000| Untracked 
| 295|0x00000000dc300000, 0x00000000dc300000, 0x00000000dc400000|  0%| F|  |TAMS 0x00000000dc300000, 0x00000000dc300000| Untracked 
| 296|0x00000000dc400000, 0x00000000dc400000, 0x00000000dc500000|  0%| F|  |TAMS 0x00000000dc400000, 0x00000000dc400000| Untracked 
| 297|0x00000000dc500000, 0x00000000dc500000, 0x00000000dc600000|  0%| F|  |TAMS 0x00000000dc500000, 0x00000000dc500000| Untracked 
| 298|0x00000000dc600000, 0x00000000dc600000, 0x00000000dc700000|  0%| F|  |TAMS 0x00000000dc600000, 0x00000000dc600000| Untracked 
| 299|0x00000000dc700000, 0x00000000dc700000, 0x00000000dc800000|  0%| F|  |TAMS 0x00000000dc700000, 0x00000000dc700000| Untracked 
| 300|0x00000000dc800000, 0x00000000dc800000, 0x00000000dc900000|  0%| F|  |TAMS 0x00000000dc800000, 0x00000000dc800000| Untracked 
| 301|0x00000000dc900000, 0x00000000dc900000, 0x00000000dca00000|  0%| F|  |TAMS 0x00000000dc900000, 0x00000000dc900000| Untracked 
| 302|0x00000000dca00000, 0x00000000dca00000, 0x00000000dcb00000|  0%| F|  |TAMS 0x00000000dca00000, 0x00000000dca00000| Untracked 
| 303|0x00000000dcb00000, 0x00000000dcb00000, 0x00000000dcc00000|  0%| F|  |TAMS 0x00000000dcb00000, 0x00000000dcb00000| Untracked 
| 304|0x00000000dcc00000, 0x00000000dcc00000, 0x00000000dcd00000|  0%| F|  |TAMS 0x00000000dcc00000, 0x00000000dcc00000| Untracked 
| 305|0x00000000dcd00000, 0x00000000dcd00000, 0x00000000dce00000|  0%| F|  |TAMS 0x00000000dcd00000, 0x00000000dcd00000| Untracked 
| 306|0x00000000dce00000, 0x00000000dce00000, 0x00000000dcf00000|  0%| F|  |TAMS 0x00000000dce00000, 0x00000000dce00000| Untracked 
| 307|0x00000000dcf00000, 0x00000000dcf00000, 0x00000000dd000000|  0%| F|  |TAMS 0x00000000dcf00000, 0x00000000dcf00000| Untracked 
| 308|0x00000000dd000000, 0x00000000dd000000, 0x00000000dd100000|  0%| F|  |TAMS 0x00000000dd000000, 0x00000000dd000000| Untracked 
| 309|0x00000000dd100000, 0x00000000dd100000, 0x00000000dd200000|  0%| F|  |TAMS 0x00000000dd100000, 0x00000000dd100000| Untracked 
| 310|0x00000000dd200000, 0x00000000dd200000, 0x00000000dd300000|  0%| F|  |TAMS 0x00000000dd200000, 0x00000000dd200000| Untracked 
| 311|0x00000000dd300000, 0x00000000dd300000, 0x00000000dd400000|  0%| F|  |TAMS 0x00000000dd300000, 0x00000000dd300000| Untracked 
| 312|0x00000000dd400000, 0x00000000dd400000, 0x00000000dd500000|  0%| F|  |TAMS 0x00000000dd400000, 0x00000000dd400000| Untracked 
| 313|0x00000000dd500000, 0x00000000dd500000, 0x00000000dd600000|  0%| F|  |TAMS 0x00000000dd500000, 0x00000000dd500000| Untracked 
| 314|0x00000000dd600000, 0x00000000dd600000, 0x00000000dd700000|  0%| F|  |TAMS 0x00000000dd600000, 0x00000000dd600000| Untracked 
| 315|0x00000000dd700000, 0x00000000dd700000, 0x00000000dd800000|  0%| F|  |TAMS 0x00000000dd700000, 0x00000000dd700000| Untracked 
| 316|0x00000000dd800000, 0x00000000dd800000, 0x00000000dd900000|  0%| F|  |TAMS 0x00000000dd800000, 0x00000000dd800000| Untracked 
| 317|0x00000000dd900000, 0x00000000dd900000, 0x00000000dda00000|  0%| F|  |TAMS 0x00000000dd900000, 0x00000000dd900000| Untracked 
| 318|0x00000000dda00000, 0x00000000dda00000, 0x00000000ddb00000|  0%| F|  |TAMS 0x00000000dda00000, 0x00000000dda00000| Untracked 
| 319|0x00000000ddb00000, 0x00000000ddb00000, 0x00000000ddc00000|  0%| F|  |TAMS 0x00000000ddb00000, 0x00000000ddb00000| Untracked 
| 320|0x00000000ddc00000, 0x00000000ddc00000, 0x00000000ddd00000|  0%| F|  |TAMS 0x00000000ddc00000, 0x00000000ddc00000| Untracked 
| 321|0x00000000ddd00000, 0x00000000ddd00000, 0x00000000dde00000|  0%| F|  |TAMS 0x00000000ddd00000, 0x00000000ddd00000| Untracked 
| 322|0x00000000dde00000, 0x00000000dde00000, 0x00000000ddf00000|  0%| F|  |TAMS 0x00000000dde00000, 0x00000000dde00000| Untracked 
| 323|0x00000000ddf00000, 0x00000000ddf00000, 0x00000000de000000|  0%| F|  |TAMS 0x00000000ddf00000, 0x00000000ddf00000| Untracked 
| 324|0x00000000de000000, 0x00000000de000000, 0x00000000de100000|  0%| F|  |TAMS 0x00000000de000000, 0x00000000de000000| Untracked 
| 325|0x00000000de100000, 0x00000000de100000, 0x00000000de200000|  0%| F|  |TAMS 0x00000000de100000, 0x00000000de100000| Untracked 
| 326|0x00000000de200000, 0x00000000de200000, 0x00000000de300000|  0%| F|  |TAMS 0x00000000de200000, 0x00000000de200000| Untracked 
| 327|0x00000000de300000, 0x00000000de300000, 0x00000000de400000|  0%| F|  |TAMS 0x00000000de300000, 0x00000000de300000| Untracked 
| 328|0x00000000de400000, 0x00000000de400000, 0x00000000de500000|  0%| F|  |TAMS 0x00000000de400000, 0x00000000de400000| Untracked 
| 329|0x00000000de500000, 0x00000000de500000, 0x00000000de600000|  0%| F|  |TAMS 0x00000000de500000, 0x00000000de500000| Untracked 
| 330|0x00000000de600000, 0x00000000de600000, 0x00000000de700000|  0%| F|  |TAMS 0x00000000de600000, 0x00000000de600000| Untracked 
| 331|0x00000000de700000, 0x00000000de700000, 0x00000000de800000|  0%| F|  |TAMS 0x00000000de700000, 0x00000000de700000| Untracked 
| 332|0x00000000de800000, 0x00000000de800000, 0x00000000de900000|  0%| F|  |TAMS 0x00000000de800000, 0x00000000de800000| Untracked 
| 333|0x00000000de900000, 0x00000000de900000, 0x00000000dea00000|  0%| F|  |TAMS 0x00000000de900000, 0x00000000de900000| Untracked 
| 334|0x00000000dea00000, 0x00000000dea00000, 0x00000000deb00000|  0%| F|  |TAMS 0x00000000dea00000, 0x00000000dea00000| Untracked 
| 335|0x00000000deb00000, 0x00000000deb00000, 0x00000000dec00000|  0%| F|  |TAMS 0x00000000deb00000, 0x00000000deb00000| Untracked 
| 336|0x00000000dec00000, 0x00000000dec00000, 0x00000000ded00000|  0%| F|  |TAMS 0x00000000dec00000, 0x00000000dec00000| Untracked 
| 337|0x00000000ded00000, 0x00000000ded00000, 0x00000000dee00000|  0%| F|  |TAMS 0x00000000ded00000, 0x00000000ded00000| Untracked 
| 338|0x00000000dee00000, 0x00000000dee00000, 0x00000000def00000|  0%| F|  |TAMS 0x00000000dee00000, 0x00000000dee00000| Untracked 
| 339|0x00000000def00000, 0x00000000def00000, 0x00000000df000000|  0%| F|  |TAMS 0x00000000def00000, 0x00000000def00000| Untracked 
| 340|0x00000000df000000, 0x00000000df000000, 0x00000000df100000|  0%| F|  |TAMS 0x00000000df000000, 0x00000000df000000| Untracked 
| 341|0x00000000df100000, 0x00000000df100000, 0x00000000df200000|  0%| F|  |TAMS 0x00000000df100000, 0x00000000df100000| Untracked 
| 342|0x00000000df200000, 0x00000000df200000, 0x00000000df300000|  0%| F|  |TAMS 0x00000000df200000, 0x00000000df200000| Untracked 
| 343|0x00000000df300000, 0x00000000df300000, 0x00000000df400000|  0%| F|  |TAMS 0x00000000df300000, 0x00000000df300000| Untracked 
| 344|0x00000000df400000, 0x00000000df400000, 0x00000000df500000|  0%| F|  |TAMS 0x00000000df400000, 0x00000000df400000| Untracked 
| 345|0x00000000df500000, 0x00000000df500000, 0x00000000df600000|  0%| F|  |TAMS 0x00000000df500000, 0x00000000df500000| Untracked 
| 346|0x00000000df600000, 0x00000000df600000, 0x00000000df700000|  0%| F|  |TAMS 0x00000000df600000, 0x00000000df600000| Untracked 
| 347|0x00000000df700000, 0x00000000df700000, 0x00000000df800000|  0%| F|  |TAMS 0x00000000df700000, 0x00000000df700000| Untracked 
| 348|0x00000000df800000, 0x00000000df800000, 0x00000000df900000|  0%| F|  |TAMS 0x00000000df800000, 0x00000000df800000| Untracked 
| 349|0x00000000df900000, 0x00000000df900000, 0x00000000dfa00000|  0%| F|  |TAMS 0x00000000df900000, 0x00000000df900000| Untracked 
| 350|0x00000000dfa00000, 0x00000000dfa00000, 0x00000000dfb00000|  0%| F|  |TAMS 0x00000000dfa00000, 0x00000000dfa00000| Untracked 
| 351|0x00000000dfb00000, 0x00000000dfb00000, 0x00000000dfc00000|  0%| F|  |TAMS 0x00000000dfb00000, 0x00000000dfb00000| Untracked 
| 352|0x00000000dfc00000, 0x00000000dfc00000, 0x00000000dfd00000|  0%| F|  |TAMS 0x00000000dfc00000, 0x00000000dfc00000| Untracked 
| 353|0x00000000dfd00000, 0x00000000dfd00000, 0x00000000dfe00000|  0%| F|  |TAMS 0x00000000dfd00000, 0x00000000dfd00000| Untracked 
| 354|0x00000000dfe00000, 0x00000000dfe00000, 0x00000000dff00000|  0%| F|  |TAMS 0x00000000dfe00000, 0x00000000dfe00000| Untracked 
| 355|0x00000000dff00000, 0x00000000dff00000, 0x00000000e0000000|  0%| F|  |TAMS 0x00000000dff00000, 0x00000000dff00000| Untracked 
| 356|0x00000000e0000000, 0x00000000e0000000, 0x00000000e0100000|  0%| F|  |TAMS 0x00000000e0000000, 0x00000000e0000000| Untracked 
| 357|0x00000000e0100000, 0x00000000e0100000, 0x00000000e0200000|  0%| F|  |TAMS 0x00000000e0100000, 0x00000000e0100000| Untracked 
| 358|0x00000000e0200000, 0x00000000e0200000, 0x00000000e0300000|  0%| F|  |TAMS 0x00000000e0200000, 0x00000000e0200000| Untracked 
| 359|0x00000000e0300000, 0x00000000e0300000, 0x00000000e0400000|  0%| F|  |TAMS 0x00000000e0300000, 0x00000000e0300000| Untracked 
| 360|0x00000000e0400000, 0x00000000e0400000, 0x00000000e0500000|  0%| F|  |TAMS 0x00000000e0400000, 0x00000000e0400000| Untracked 
| 361|0x00000000e0500000, 0x00000000e0500000, 0x00000000e0600000|  0%| F|  |TAMS 0x00000000e0500000, 0x00000000e0500000| Untracked 
| 362|0x00000000e0600000, 0x00000000e0600000, 0x00000000e0700000|  0%| F|  |TAMS 0x00000000e0600000, 0x00000000e0600000| Untracked 
| 363|0x00000000e0700000, 0x00000000e0700000, 0x00000000e0800000|  0%| F|  |TAMS 0x00000000e0700000, 0x00000000e0700000| Untracked 
| 364|0x00000000e0800000, 0x00000000e0800000, 0x00000000e0900000|  0%| F|  |TAMS 0x00000000e0800000, 0x00000000e0800000| Untracked 
| 365|0x00000000e0900000, 0x00000000e0900000, 0x00000000e0a00000|  0%| F|  |TAMS 0x00000000e0900000, 0x00000000e0900000| Untracked 
| 366|0x00000000e0a00000, 0x00000000e0a00000, 0x00000000e0b00000|  0%| F|  |TAMS 0x00000000e0a00000, 0x00000000e0a00000| Untracked 
| 367|0x00000000e0b00000, 0x00000000e0b00000, 0x00000000e0c00000|  0%| F|  |TAMS 0x00000000e0b00000, 0x00000000e0b00000| Untracked 
| 368|0x00000000e0c00000, 0x00000000e0c00000, 0x00000000e0d00000|  0%| F|  |TAMS 0x00000000e0c00000, 0x00000000e0c00000| Untracked 
| 369|0x00000000e0d00000, 0x00000000e0d00000, 0x00000000e0e00000|  0%| F|  |TAMS 0x00000000e0d00000, 0x00000000e0d00000| Untracked 
| 370|0x00000000e0e00000, 0x00000000e0e00000, 0x00000000e0f00000|  0%| F|  |TAMS 0x00000000e0e00000, 0x00000000e0e00000| Untracked 
| 371|0x00000000e0f00000, 0x00000000e0f00000, 0x00000000e1000000|  0%| F|  |TAMS 0x00000000e0f00000, 0x00000000e0f00000| Untracked 
| 372|0x00000000e1000000, 0x00000000e1000000, 0x00000000e1100000|  0%| F|  |TAMS 0x00000000e1000000, 0x00000000e1000000| Untracked 
| 373|0x00000000e1100000, 0x00000000e1100000, 0x00000000e1200000|  0%| F|  |TAMS 0x00000000e1100000, 0x00000000e1100000| Untracked 
| 374|0x00000000e1200000, 0x00000000e1200000, 0x00000000e1300000|  0%| F|  |TAMS 0x00000000e1200000, 0x00000000e1200000| Untracked 
| 375|0x00000000e1300000, 0x00000000e1300000, 0x00000000e1400000|  0%| F|  |TAMS 0x00000000e1300000, 0x00000000e1300000| Untracked 
| 376|0x00000000e1400000, 0x00000000e1400000, 0x00000000e1500000|  0%| F|  |TAMS 0x00000000e1400000, 0x00000000e1400000| Untracked 
| 377|0x00000000e1500000, 0x00000000e1500000, 0x00000000e1600000|  0%| F|  |TAMS 0x00000000e1500000, 0x00000000e1500000| Untracked 
| 378|0x00000000e1600000, 0x00000000e1600000, 0x00000000e1700000|  0%| F|  |TAMS 0x00000000e1600000, 0x00000000e1600000| Untracked 
| 379|0x00000000e1700000, 0x00000000e1700000, 0x00000000e1800000|  0%| F|  |TAMS 0x00000000e1700000, 0x00000000e1700000| Untracked 
| 380|0x00000000e1800000, 0x00000000e1800000, 0x00000000e1900000|  0%| F|  |TAMS 0x00000000e1800000, 0x00000000e1800000| Untracked 
| 381|0x00000000e1900000, 0x00000000e1900000, 0x00000000e1a00000|  0%| F|  |TAMS 0x00000000e1900000, 0x00000000e1900000| Untracked 
| 382|0x00000000e1a00000, 0x00000000e1a00000, 0x00000000e1b00000|  0%| F|  |TAMS 0x00000000e1a00000, 0x00000000e1a00000| Untracked 
| 383|0x00000000e1b00000, 0x00000000e1b00000, 0x00000000e1c00000|  0%| F|  |TAMS 0x00000000e1b00000, 0x00000000e1b00000| Untracked 
| 384|0x00000000e1c00000, 0x00000000e1c00000, 0x00000000e1d00000|  0%| F|  |TAMS 0x00000000e1c00000, 0x00000000e1c00000| Untracked 
| 385|0x00000000e1d00000, 0x00000000e1d00000, 0x00000000e1e00000|  0%| F|  |TAMS 0x00000000e1d00000, 0x00000000e1d00000| Untracked 
| 386|0x00000000e1e00000, 0x00000000e1e00000, 0x00000000e1f00000|  0%| F|  |TAMS 0x00000000e1e00000, 0x00000000e1e00000| Untracked 
| 387|0x00000000e1f00000, 0x00000000e1f00000, 0x00000000e2000000|  0%| F|  |TAMS 0x00000000e1f00000, 0x00000000e1f00000| Untracked 
| 388|0x00000000e2000000, 0x00000000e2000000, 0x00000000e2100000|  0%| F|  |TAMS 0x00000000e2000000, 0x00000000e2000000| Untracked 
| 389|0x00000000e2100000, 0x00000000e2100000, 0x00000000e2200000|  0%| F|  |TAMS 0x00000000e2100000, 0x00000000e2100000| Untracked 
| 390|0x00000000e2200000, 0x00000000e2200000, 0x00000000e2300000|  0%| F|  |TAMS 0x00000000e2200000, 0x00000000e2200000| Untracked 
| 391|0x00000000e2300000, 0x00000000e2300000, 0x00000000e2400000|  0%| F|  |TAMS 0x00000000e2300000, 0x00000000e2300000| Untracked 
| 392|0x00000000e2400000, 0x00000000e2400000, 0x00000000e2500000|  0%| F|  |TAMS 0x00000000e2400000, 0x00000000e2400000| Untracked 
| 393|0x00000000e2500000, 0x00000000e2500000, 0x00000000e2600000|  0%| F|  |TAMS 0x00000000e2500000, 0x00000000e2500000| Untracked 
| 394|0x00000000e2600000, 0x00000000e2600000, 0x00000000e2700000|  0%| F|  |TAMS 0x00000000e2600000, 0x00000000e2600000| Untracked 
| 395|0x00000000e2700000, 0x00000000e2700000, 0x00000000e2800000|  0%| F|  |TAMS 0x00000000e2700000, 0x00000000e2700000| Untracked 
| 396|0x00000000e2800000, 0x00000000e2800000, 0x00000000e2900000|  0%| F|  |TAMS 0x00000000e2800000, 0x00000000e2800000| Untracked 
| 397|0x00000000e2900000, 0x00000000e2900000, 0x00000000e2a00000|  0%| F|  |TAMS 0x00000000e2900000, 0x00000000e2900000| Untracked 
| 398|0x00000000e2a00000, 0x00000000e2a00000, 0x00000000e2b00000|  0%| F|  |TAMS 0x00000000e2a00000, 0x00000000e2a00000| Untracked 
| 399|0x00000000e2b00000, 0x00000000e2b00000, 0x00000000e2c00000|  0%| F|  |TAMS 0x00000000e2b00000, 0x00000000e2b00000| Untracked 
| 400|0x00000000e2c00000, 0x00000000e2c00000, 0x00000000e2d00000|  0%| F|  |TAMS 0x00000000e2c00000, 0x00000000e2c00000| Untracked 
| 401|0x00000000e2d00000, 0x00000000e2d00000, 0x00000000e2e00000|  0%| F|  |TAMS 0x00000000e2d00000, 0x00000000e2d00000| Untracked 
| 402|0x00000000e2e00000, 0x00000000e2e00000, 0x00000000e2f00000|  0%| F|  |TAMS 0x00000000e2e00000, 0x00000000e2e00000| Untracked 
| 403|0x00000000e2f00000, 0x00000000e2f00000, 0x00000000e3000000|  0%| F|  |TAMS 0x00000000e2f00000, 0x00000000e2f00000| Untracked 
| 404|0x00000000e3000000, 0x00000000e3000000, 0x00000000e3100000|  0%| F|  |TAMS 0x00000000e3000000, 0x00000000e3000000| Untracked 
| 405|0x00000000e3100000, 0x00000000e3100000, 0x00000000e3200000|  0%| F|  |TAMS 0x00000000e3100000, 0x00000000e3100000| Untracked 
| 406|0x00000000e3200000, 0x00000000e3200000, 0x00000000e3300000|  0%| F|  |TAMS 0x00000000e3200000, 0x00000000e3200000| Untracked 
| 407|0x00000000e3300000, 0x00000000e3300000, 0x00000000e3400000|  0%| F|  |TAMS 0x00000000e3300000, 0x00000000e3300000| Untracked 
| 408|0x00000000e3400000, 0x00000000e3400000, 0x00000000e3500000|  0%| F|  |TAMS 0x00000000e3400000, 0x00000000e3400000| Untracked 
| 409|0x00000000e3500000, 0x00000000e3500000, 0x00000000e3600000|  0%| F|  |TAMS 0x00000000e3500000, 0x00000000e3500000| Untracked 
| 410|0x00000000e3600000, 0x00000000e3600000, 0x00000000e3700000|  0%| F|  |TAMS 0x00000000e3600000, 0x00000000e3600000| Untracked 
| 411|0x00000000e3700000, 0x00000000e3700000, 0x00000000e3800000|  0%| F|  |TAMS 0x00000000e3700000, 0x00000000e3700000| Untracked 
| 412|0x00000000e3800000, 0x00000000e3800000, 0x00000000e3900000|  0%| F|  |TAMS 0x00000000e3800000, 0x00000000e3800000| Untracked 
| 413|0x00000000e3900000, 0x00000000e3900000, 0x00000000e3a00000|  0%| F|  |TAMS 0x00000000e3900000, 0x00000000e3900000| Untracked 
| 414|0x00000000e3a00000, 0x00000000e3a00000, 0x00000000e3b00000|  0%| F|  |TAMS 0x00000000e3a00000, 0x00000000e3a00000| Untracked 
| 415|0x00000000e3b00000, 0x00000000e3b00000, 0x00000000e3c00000|  0%| F|  |TAMS 0x00000000e3b00000, 0x00000000e3b00000| Untracked 
| 416|0x00000000e3c00000, 0x00000000e3c00000, 0x00000000e3d00000|  0%| F|  |TAMS 0x00000000e3c00000, 0x00000000e3c00000| Untracked 
| 417|0x00000000e3d00000, 0x00000000e3d00000, 0x00000000e3e00000|  0%| F|  |TAMS 0x00000000e3d00000, 0x00000000e3d00000| Untracked 
| 418|0x00000000e3e00000, 0x00000000e3e00000, 0x00000000e3f00000|  0%| F|  |TAMS 0x00000000e3e00000, 0x00000000e3e00000| Untracked 
| 419|0x00000000e3f00000, 0x00000000e3f00000, 0x00000000e4000000|  0%| F|  |TAMS 0x00000000e3f00000, 0x00000000e3f00000| Untracked 
| 420|0x00000000e4000000, 0x00000000e4000000, 0x00000000e4100000|  0%| F|  |TAMS 0x00000000e4000000, 0x00000000e4000000| Untracked 
| 421|0x00000000e4100000, 0x00000000e4100000, 0x00000000e4200000|  0%| F|  |TAMS 0x00000000e4100000, 0x00000000e4100000| Untracked 

Card table byte_map: [0x00000290f9700000,0x00000290f98c0000] _byte_map_base: 0x00000290f90b2000

Marking Bits (Prev, Next): (CMBitMap*) 0x00000290f1c643f0, (CMBitMap*) 0x00000290f1c64430
 Prev Bits: [0x00000290f9a80000, 0x00000290fa810000)
 Next Bits: [0x00000290fa810000, 0x00000290fb5a0000)

Polling page: 0x00000290f1d00000

Metaspace:

Usage:
  Non-class:     39.21 MB used.
      Class:      5.53 MB used.
       Both:     44.74 MB used.

Virtual space:
  Non-class space:       40.00 MB reserved,      39.38 MB ( 98%) committed,  5 nodes.
      Class space:        1.00 GB reserved,       5.69 MB ( <1%) committed,  1 nodes.
             Both:        1.04 GB reserved,      45.06 MB (  4%) committed. 

Chunk freelists:
   Non-Class:  400.00 KB
       Class:  2.20 MB
        Both:  2.59 MB

MaxMetaspaceSize: unlimited
CompressedClassSpaceSize: 1.00 GB
Initial GC threshold: 21.00 MB
Current GC threshold: 75.12 MB
CDS: off
MetaspaceReclaimPolicy: balanced
 - commit_granule_bytes: 65536.
 - commit_granule_words: 8192.
 - virtual_space_node_default_size: 1048576.
 - enlarge_chunks_in_place: 1.
 - new_chunks_are_fully_committed: 0.
 - uncommit_free_chunks: 1.
 - use_allocation_guard: 0.
 - handle_deallocations: 1.


Internal statistics:

num_allocs_failed_limit: 3.
num_arena_births: 384.
num_arena_deaths: 0.
num_vsnodes_births: 6.
num_vsnodes_deaths: 0.
num_space_committed: 721.
num_space_uncommitted: 0.
num_chunks_returned_to_freelist: 3.
num_chunks_taken_from_freelist: 1728.
num_chunk_merges: 3.
num_chunk_splits: 1255.
num_chunks_enlarged: 1022.
num_purges: 0.
num_inconsistent_stats: 0.

CodeCache: size=49152Kb used=10043Kb max_used=10043Kb free=39108Kb
 bounds [0x00000290f6090000, 0x00000290f6a60000, 0x00000290f9090000]
 total_blobs=5591 nmethods=5018 adapters=499
 compilation: enabled
              stopped_count=0, restarted_count=0
 full_count=0

Compilation events (20 events):
Event: 28.430 Thread 0x00000290fdba5b30 5012       1       com.google.gson.stream.JsonWriter::value (155 bytes)
Event: 28.431 Thread 0x00000290fdba5b30 nmethod 5012 0x00000290f6a5b610 code [0x00000290f6a5b920, 0x00000290f6a5c308]
Event: 28.431 Thread 0x00000290fdba5b30 5013       1       com.google.gson.stream.JsonWriter::isTrustedNumberType (66 bytes)
Event: 28.432 Thread 0x00000290fdba5b30 nmethod 5013 0x00000290f6a5c810 code [0x00000290f6a5c9a0, 0x00000290f6a5cb18]
Event: 28.432 Thread 0x00000290fdba5b30 5017       1       java.lang.Integer::toString (55 bytes)
Event: 28.432 Thread 0x00000290fdba5b30 nmethod 5017 0x00000290f6a5cb90 code [0x00000290f6a5cd40, 0x00000290f6a5cf58]
Event: 28.432 Thread 0x00000290fdba5b30 5016       1       java.lang.Integer::toString (8 bytes)
Event: 28.432 Thread 0x00000290fdba5b30 nmethod 5016 0x00000290f6a5d010 code [0x00000290f6a5d1a0, 0x00000290f6a5d288]
Event: 28.432 Thread 0x00000290fdba5b30 5019       1       jdk.internal.reflect.UnsafeIntegerFieldAccessorImpl::get (9 bytes)
Event: 28.433 Thread 0x00000290fdba5b30 nmethod 5019 0x00000290f6a5d310 code [0x00000290f6a5d4e0, 0x00000290f6a5d818]
Event: 28.433 Thread 0x00000290fdba5b30 5018       1       com.google.gson.JsonObject::<init> (16 bytes)
Event: 28.433 Thread 0x00000290fdba5b30 nmethod 5018 0x00000290f6a5da90 code [0x00000290f6a5dc40, 0x00000290f6a5dde8]
Event: 28.434 Thread 0x00000290fdba5b30 5015       1       com.google.gson.internal.bind.TypeAdapters$15::write (7 bytes)
Event: 28.434 Thread 0x00000290fdba5b30 nmethod 5015 0x00000290f6a5de90 code [0x00000290f6a5e020, 0x00000290f6a5e108]
Event: 28.434 Thread 0x00000290fdba5b30 5020       1       org.eclipse.lsp4j.jsonrpc.messages.Either::getLeft (5 bytes)
Event: 28.434 Thread 0x00000290fdba5b30 nmethod 5020 0x00000290f6a5e190 code [0x00000290f6a5e320, 0x00000290f6a5e3f8]
Event: 28.443 Thread 0x00000290fdba5b30 5021       1       java.lang.invoke.DirectMethodHandle$Holder::invokeStatic (14 bytes)
Event: 28.443 Thread 0x00000290fdba5b30 nmethod 5021 0x00000290f6a5e490 code [0x00000290f6a5e640, 0x00000290f6a5e758]
Event: 28.447 Thread 0x00000290fdba5b30 5022       1       java.net.URI::hash (33 bytes)
Event: 28.448 Thread 0x00000290fdba5b30 nmethod 5022 0x00000290f6a5e810 code [0x00000290f6a5e9e0, 0x00000290f6a5ebb8]

GC Heap History (20 events):
Event: 22.186 GC heap after
{Heap after GC invocations=32 (full 0):
 garbage-first heap   total 320512K, used 158106K [0x00000000c9c00000, 0x0000000100000000)
  region size 1024K, 13 young (13312K), 13 survivors (13312K)
 Metaspace       used 42479K, committed 42816K, reserved 1089536K
  class space    used 5279K, committed 5440K, reserved 1048576K
}
Event: 23.524 GC heap before
{Heap before GC invocations=33 (full 0):
 garbage-first heap   total 384000K, used 262554K [0x00000000c9c00000, 0x0000000100000000)
  region size 1024K, 116 young (118784K), 13 survivors (13312K)
 Metaspace       used 42978K, committed 43328K, reserved 1089536K
  class space    used 5345K, committed 5504K, reserved 1048576K
}
Event: 23.559 GC heap after
{Heap after GC invocations=34 (full 0):
 garbage-first heap   total 384000K, used 163830K [0x00000000c9c00000, 0x0000000100000000)
  region size 1024K, 12 young (12288K), 12 survivors (12288K)
 Metaspace       used 42978K, committed 43328K, reserved 1089536K
  class space    used 5345K, committed 5504K, reserved 1048576K
}
Event: 23.667 GC heap before
{Heap before GC invocations=34 (full 0):
 garbage-first heap   total 384000K, used 168950K [0x00000000c9c00000, 0x0000000100000000)
  region size 1024K, 18 young (18432K), 12 survivors (12288K)
 Metaspace       used 42978K, committed 43328K, reserved 1089536K
  class space    used 5345K, committed 5504K, reserved 1048576K
}
Event: 23.693 GC heap after
{Heap after GC invocations=35 (full 0):
 garbage-first heap   total 384000K, used 161800K [0x00000000c9c00000, 0x0000000100000000)
  region size 1024K, 2 young (2048K), 2 survivors (2048K)
 Metaspace       used 42978K, committed 43328K, reserved 1089536K
  class space    used 5345K, committed 5504K, reserved 1048576K
}
Event: 25.032 GC heap before
{Heap before GC invocations=35 (full 0):
 garbage-first heap   total 384000K, used 318472K [0x00000000c9c00000, 0x0000000100000000)
  region size 1024K, 156 young (159744K), 2 survivors (2048K)
 Metaspace       used 43569K, committed 43968K, reserved 1089536K
  class space    used 5416K, committed 5632K, reserved 1048576K
}
Event: 25.042 GC heap after
{Heap after GC invocations=36 (full 0):
 garbage-first heap   total 384000K, used 168005K [0x00000000c9c00000, 0x0000000100000000)
  region size 1024K, 8 young (8192K), 8 survivors (8192K)
 Metaspace       used 43569K, committed 43968K, reserved 1089536K
  class space    used 5416K, committed 5632K, reserved 1048576K
}
Event: 25.902 GC heap before
{Heap before GC invocations=36 (full 0):
 garbage-first heap   total 384000K, used 320581K [0x00000000c9c00000, 0x0000000100000000)
  region size 1024K, 158 young (161792K), 8 survivors (8192K)
 Metaspace       used 44958K, committed 45312K, reserved 1089536K
  class space    used 5552K, committed 5760K, reserved 1048576K
}
Event: 25.926 GC heap after
{Heap after GC invocations=37 (full 0):
 garbage-first heap   total 384000K, used 175537K [0x00000000c9c00000, 0x0000000100000000)
  region size 1024K, 15 young (15360K), 15 survivors (15360K)
 Metaspace       used 44958K, committed 45312K, reserved 1089536K
  class space    used 5552K, committed 5760K, reserved 1048576K
}
Event: 26.848 GC heap before
{Heap before GC invocations=37 (full 0):
 garbage-first heap   total 384000K, used 322993K [0x00000000c9c00000, 0x0000000100000000)
  region size 1024K, 160 young (163840K), 15 survivors (15360K)
 Metaspace       used 45370K, committed 45760K, reserved 1089536K
  class space    used 5606K, committed 5760K, reserved 1048576K
}
Event: 26.928 GC heap after
{Heap after GC invocations=38 (full 0):
 garbage-first heap   total 384000K, used 184069K [0x00000000c9c00000, 0x0000000100000000)
  region size 1024K, 16 young (16384K), 16 survivors (16384K)
 Metaspace       used 45370K, committed 45760K, reserved 1089536K
  class space    used 5606K, committed 5760K, reserved 1048576K
}
Event: 27.912 GC heap before
{Heap before GC invocations=38 (full 0):
 garbage-first heap   total 384000K, used 324357K [0x00000000c9c00000, 0x0000000100000000)
  region size 1024K, 154 young (157696K), 16 survivors (16384K)
 Metaspace       used 45570K, committed 45952K, reserved 1089536K
  class space    used 5626K, committed 5824K, reserved 1048576K
}
Event: 27.955 GC heap after
{Heap after GC invocations=39 (full 0):
 garbage-first heap   total 384000K, used 191491K [0x00000000c9c00000, 0x0000000100000000)
  region size 1024K, 16 young (16384K), 16 survivors (16384K)
 Metaspace       used 45570K, committed 45952K, reserved 1089536K
  class space    used 5626K, committed 5824K, reserved 1048576K
}
Event: 28.832 GC heap before
{Heap before GC invocations=39 (full 0):
 garbage-first heap   total 384000K, used 324611K [0x00000000c9c00000, 0x0000000100000000)
  region size 1024K, 147 young (150528K), 16 survivors (16384K)
 Metaspace       used 45815K, committed 46144K, reserved 1089536K
  class space    used 5664K, committed 5824K, reserved 1048576K
}
Event: 28.935 GC heap after
{Heap after GC invocations=40 (full 0):
 garbage-first heap   total 384000K, used 197772K [0x00000000c9c00000, 0x0000000100000000)
  region size 1024K, 14 young (14336K), 14 survivors (14336K)
 Metaspace       used 45815K, committed 46144K, reserved 1089536K
  class space    used 5664K, committed 5824K, reserved 1048576K
}
Event: 31.067 GC heap before
{Heap before GC invocations=41 (full 0):
 garbage-first heap   total 432128K, used 320652K [0x00000000c9c00000, 0x0000000100000000)
  region size 1024K, 135 young (138240K), 14 survivors (14336K)
 Metaspace       used 45815K, committed 46144K, reserved 1089536K
  class space    used 5664K, committed 5824K, reserved 1048576K
}
Event: 31.101 GC heap after
{Heap after GC invocations=42 (full 0):
 garbage-first heap   total 432128K, used 205788K [0x00000000c9c00000, 0x0000000100000000)
  region size 1024K, 14 young (14336K), 14 survivors (14336K)
 Metaspace       used 45815K, committed 46144K, reserved 1089536K
  class space    used 5664K, committed 5824K, reserved 1048576K
}
Event: 31.128 GC heap before
{Heap before GC invocations=42 (full 0):
 garbage-first heap   total 432128K, used 211932K [0x00000000c9c00000, 0x0000000100000000)
  region size 1024K, 21 young (21504K), 14 survivors (14336K)
 Metaspace       used 45815K, committed 46144K, reserved 1089536K
  class space    used 5664K, committed 5824K, reserved 1048576K
}
Event: 31.161 GC heap after
{Heap after GC invocations=43 (full 0):
 garbage-first heap   total 432128K, used 204083K [0x00000000c9c00000, 0x0000000100000000)
  region size 1024K, 2 young (2048K), 2 survivors (2048K)
 Metaspace       used 45815K, committed 46144K, reserved 1089536K
  class space    used 5664K, committed 5824K, reserved 1048576K
}
Event: 32.431 GC heap before
{Heap before GC invocations=43 (full 0):
 garbage-first heap   total 432128K, used 362803K [0x00000000c9c00000, 0x0000000100000000)
  region size 1024K, 158 young (161792K), 2 survivors (2048K)
 Metaspace       used 45815K, committed 46144K, reserved 1089536K
  class space    used 5664K, committed 5824K, reserved 1048576K
}

Deoptimization events (12 events):
Event: 6.078 Thread 0x00000290f1c2adb0 DEOPT PACKING pc=0x00000290f642f699 sp=0x000000ef399fd750
Event: 6.078 Thread 0x00000290f1c2adb0 DEOPT UNPACKING pc=0x00000290f60e2b43 sp=0x000000ef399fcc30 mode 3
Event: 10.139 Thread 0x00000290806a8050 DEOPT PACKING pc=0x00000290f65e952b sp=0x000000ef3affe900
Event: 10.139 Thread 0x00000290806a8050 DEOPT UNPACKING pc=0x00000290f60e2b43 sp=0x000000ef3affde48 mode 3
Event: 10.692 Thread 0x00000290807877c0 DEOPT PACKING pc=0x00000290f642ba81 sp=0x000000ef3b4fecb0
Event: 10.692 Thread 0x00000290807877c0 DEOPT UNPACKING pc=0x00000290f60e2b43 sp=0x000000ef3b4fe140 mode 3
Event: 11.610 Thread 0x0000029080f455c0 DEOPT PACKING pc=0x00000290f67413b5 sp=0x000000ef3bbfd250
Event: 11.610 Thread 0x0000029080f455c0 DEOPT UNPACKING pc=0x00000290f60e2b43 sp=0x000000ef3bbfc768 mode 3
Event: 25.329 Thread 0x0000029080f49450 DEOPT PACKING pc=0x00000290f68e95ee sp=0x000000ef3c3fda40
Event: 25.329 Thread 0x0000029080f49450 DEOPT UNPACKING pc=0x00000290f60e2b43 sp=0x000000ef3c3fcf38 mode 3
Event: 27.886 Thread 0x0000029080f49450 DEOPT PACKING pc=0x00000290f69b0844 sp=0x000000ef3c3fe3a0
Event: 27.886 Thread 0x0000029080f49450 DEOPT UNPACKING pc=0x00000290f60e2b43 sp=0x000000ef3c3fd890 mode 3

Classes unloaded (0 events):
No events

Classes redefined (0 events):
No events

Internal exceptions (20 events):
Event: 27.856 Thread 0x00000290807877c0 Exception <a 'sun/nio/fs/WindowsException'{0x00000000da1fe320}> (0x00000000da1fe320) 
thrown [s\src\hotspot\share\prims\jni.cpp, line 516]
Event: 27.859 Thread 0x00000290807877c0 Exception <a 'sun/nio/fs/WindowsException'{0x00000000d91c6f58}> (0x00000000d91c6f58) 
thrown [s\src\hotspot\share\prims\jni.cpp, line 516]
Event: 27.859 Thread 0x00000290807877c0 Exception <a 'sun/nio/fs/WindowsException'{0x00000000d91c73b8}> (0x00000000d91c73b8) 
thrown [s\src\hotspot\share\prims\jni.cpp, line 516]
Event: 27.859 Thread 0x00000290807872f0 Exception <a 'sun/nio/fs/WindowsException'{0x00000000d90b0080}> (0x00000000d90b0080) 
thrown [s\src\hotspot\share\prims\jni.cpp, line 516]
Event: 27.860 Thread 0x0000029080784bf0 Exception <a 'sun/nio/fs/WindowsException'{0x00000000d9065b58}> (0x00000000d9065b58) 
thrown [s\src\hotspot\share\prims\jni.cpp, line 516]
Event: 27.860 Thread 0x00000290807872f0 Exception <a 'sun/nio/fs/WindowsException'{0x00000000d90b04d0}> (0x00000000d90b04d0) 
thrown [s\src\hotspot\share\prims\jni.cpp, line 516]
Event: 27.860 Thread 0x0000029080784bf0 Exception <a 'sun/nio/fs/WindowsException'{0x00000000d9065fa8}> (0x00000000d9065fa8) 
thrown [s\src\hotspot\share\prims\jni.cpp, line 516]
Event: 27.863 Thread 0x000002908077d7d0 Exception <a 'sun/nio/fs/WindowsException'{0x00000000d92a7648}> (0x00000000d92a7648) 
thrown [s\src\hotspot\share\prims\jni.cpp, line 516]
Event: 27.863 Thread 0x000002908077d7d0 Exception <a 'sun/nio/fs/WindowsException'{0x00000000d92a7a98}> (0x00000000d92a7a98) 
thrown [s\src\hotspot\share\prims\jni.cpp, line 516]
Event: 27.886 Thread 0x0000029080f49450 Implicit null exception at 0x00000290f69b0290 to 0x00000290f69b083f
Event: 28.132 Thread 0x0000029080784bf0 Exception <a 'sun/nio/fs/WindowsException'{0x00000000df1e45d8}> (0x00000000df1e45d8) 
thrown [s\src\hotspot\share\prims\jni.cpp, line 516]
Event: 28.132 Thread 0x0000029080784bf0 Exception <a 'sun/nio/fs/WindowsException'{0x00000000df1e4a58}> (0x00000000df1e4a58) 
thrown [s\src\hotspot\share\prims\jni.cpp, line 516]
Event: 31.327 Thread 0x00000290807872f0 Exception <a 'sun/nio/fs/WindowsException'{0x00000000e200d1b0}> (0x00000000e200d1b0) 
thrown [s\src\hotspot\share\prims\jni.cpp, line 516]
Event: 31.327 Thread 0x00000290807872f0 Exception <a 'sun/nio/fs/WindowsException'{0x00000000e200d658}> (0x00000000e200d658) 
thrown [s\src\hotspot\share\prims\jni.cpp, line 516]
Event: 31.515 Thread 0x000002908077d7d0 Exception <a 'sun/nio/fs/WindowsException'{0x00000000e11fbea0}> (0x00000000e11fbea0) 
thrown [s\src\hotspot\share\prims\jni.cpp, line 516]
Event: 31.515 Thread 0x000002908077d7d0 Exception <a 'sun/nio/fs/WindowsException'{0x00000000e11fc330}> (0x00000000e11fc330) 
thrown [s\src\hotspot\share\prims\jni.cpp, line 516]
Event: 31.515 Thread 0x000002908077d7d0 Exception <a 'sun/nio/fs/WindowsException'{0x00000000e11fcf78}> (0x00000000e11fcf78) 
thrown [s\src\hotspot\share\prims\jni.cpp, line 516]
Event: 31.515 Thread 0x000002908077d7d0 Exception <a 'sun/nio/fs/WindowsException'{0x00000000e11fd3e0}> (0x00000000e11fd3e0) 
thrown [s\src\hotspot\share\prims\jni.cpp, line 516]
Event: 31.580 Thread 0x0000029080784720 Exception <a 'sun/nio/fs/WindowsException'{0x00000000e05aba30}> (0x00000000e05aba30) 
thrown [s\src\hotspot\share\prims\jni.cpp, line 516]
Event: 31.580 Thread 0x0000029080784720 Exception <a 'sun/nio/fs/WindowsException'{0x00000000e05abf10}> (0x00000000e05abf10) 
thrown [s\src\hotspot\share\prims\jni.cpp, line 516]

VM Operations (20 events):
Event: 26.930 Executing VM operation: G1CollectForAllocation done
Event: 27.041 Executing VM operation: HandshakeAllThreads
Event: 27.041 Executing VM operation: HandshakeAllThreads done
Event: 27.885 Executing VM operation: ICBufferFull
Event: 27.885 Executing VM operation: ICBufferFull done
Event: 27.903 Executing VM operation: G1CollectForAllocation
Event: 27.912 Executing VM operation: G1CollectForAllocation done
Event: 27.912 Executing VM operation: G1CollectForAllocation
Event: 27.961 Executing VM operation: G1CollectForAllocation done
Event: 28.832 Executing VM operation: G1CollectForAllocation
Event: 28.948 Executing VM operation: G1CollectForAllocation done
Event: 30.065 Executing VM operation: G1Concurrent
Event: 30.093 Executing VM operation: G1Concurrent done
Event: 30.247 Executing VM operation: G1Concurrent
Event: 30.250 Executing VM operation: G1Concurrent done
Event: 31.067 Executing VM operation: G1CollectForAllocation
Event: 31.101 Executing VM operation: G1CollectForAllocation done
Event: 31.128 Executing VM operation: G1CollectForAllocation
Event: 31.164 Executing VM operation: G1CollectForAllocation done
Event: 32.431 Executing VM operation: G1CollectForAllocation

Events (20 events):
Event: 25.968 loading class java/util/stream/SliceOps$1$1
Event: 25.968 loading class java/util/stream/SliceOps$1$1 done
Event: 26.119 loading class java/util/Hashtable$ValueCollection
Event: 26.125 loading class java/util/Hashtable$ValueCollection done
Event: 27.636 loading class java/util/stream/ReferencePipeline$4
Event: 27.671 loading class java/util/stream/ReferencePipeline$4 done
Event: 27.678 loading class java/util/stream/Nodes$IntFixedNodeBuilder
Event: 27.679 loading class java/util/stream/Node$Builder$OfInt
Event: 27.686 loading class java/util/stream/Node$Builder$OfInt done
Event: 27.686 loading class java/util/stream/Nodes$IntArrayNode
Event: 27.688 loading class java/util/stream/Nodes$IntArrayNode done
Event: 27.690 loading class java/util/stream/Nodes$IntFixedNodeBuilder done
Event: 27.690 loading class java/util/stream/ReferencePipeline$4$1
Event: 27.691 loading class java/util/stream/ReferencePipeline$4$1 done
Event: 28.407 loading class jdk/internal/reflect/UnsafeQualifiedObjectFieldAccessorImpl
Event: 28.408 loading class jdk/internal/reflect/UnsafeQualifiedObjectFieldAccessorImpl done
Event: 28.414 loading class jdk/internal/reflect/UnsafeQualifiedLongFieldAccessorImpl
Event: 28.414 loading class jdk/internal/reflect/UnsafeQualifiedLongFieldAccessorImpl done
Event: 28.443 loading class java/io/FileOutputStream$1
Event: 28.443 loading class java/io/FileOutputStream$1 done


Dynamic libraries:
0x00007ff612320000 - 0x00007ff61232e000 	c:\Users\DELL\.vscode\extensions\redhat.java-1.11.0-win32-x64\jre\17.0.4.1-win32-x86_64\bin\java.exe
0x00007fffd1120000 - 0x00007fffd1329000 	C:\WINDOWS\SYSTEM32\ntdll.dll
0x00007fffcfdf0000 - 0x00007fffcfead000 	C:\WINDOWS\System32\KERNEL32.DLL
0x00007fffce9d0000 - 0x00007fffced4c000 	C:\WINDOWS\System32\KERNELBASE.dll
0x00007fffce6d0000 - 0x00007fffce7e1000 	C:\WINDOWS\System32\ucrtbase.dll
0x00007fffc1790000 - 0x00007fffc17a8000 	c:\Users\DELL\.vscode\extensions\redhat.java-1.11.0-win32-x64\jre\17.0.4.1-win32-x86_64\bin\jli.dll
0x00007fffd0b80000 - 0x00007fffd0d2d000 	C:\WINDOWS\System32\USER32.dll
0x00007fffce600000 - 0x00007fffce626000 	C:\WINDOWS\System32\win32u.dll
0x00007fffd0280000 - 0x00007fffd02a9000 	C:\WINDOWS\System32\GDI32.dll
0x00007fffced50000 - 0x00007fffcee69000 	C:\WINDOWS\System32\gdi32full.dll
0x00007fffce630000 - 0x00007fffce6cd000 	C:\WINDOWS\System32\msvcp_win.dll
0x00007fffc1430000 - 0x00007fffc1449000 	c:\Users\DELL\.vscode\extensions\redhat.java-1.11.0-win32-x64\jre\17.0.4.1-win32-x86_64\bin\VCRUNTIME140.dll
0x00007fffbadb0000 - 0x00007fffbb055000 	C:\WINDOWS\WinSxS\amd64_microsoft.windows.common-controls_6595b64144ccf1df_6.0.22000.120_none_9d947278b86cc467\COMCTL32.dll
0x00007fffd0460000 - 0x00007fffd0503000 	C:\WINDOWS\System32\msvcrt.dll
0x00007fffcfa20000 - 0x00007fffcfa51000 	C:\WINDOWS\System32\IMM32.DLL
0x00007fffc8290000 - 0x00007fffc829c000 	c:\Users\DELL\.vscode\extensions\redhat.java-1.11.0-win32-x64\jre\17.0.4.1-win32-x86_64\bin\vcruntime140_1.dll
0x00007fff9feb0000 - 0x00007fff9ff41000 	c:\Users\DELL\.vscode\extensions\redhat.java-1.11.0-win32-x64\jre\17.0.4.1-win32-x86_64\bin\msvcp140.dll
0x00007fff85c60000 - 0x00007fff868a6000 	c:\Users\DELL\.vscode\extensions\redhat.java-1.11.0-win32-x64\jre\17.0.4.1-win32-x86_64\bin\server\jvm.dll
0x00007fffd01d0000 - 0x00007fffd027e000 	C:\WINDOWS\System32\ADVAPI32.dll
0x00007fffcf8a0000 - 0x00007fffcf93e000 	C:\WINDOWS\System32\sechost.dll
0x00007fffd00b0000 - 0x00007fffd01d0000 	C:\WINDOWS\System32\RPCRT4.dll
0x00007fffcfde0000 - 0x00007fffcfde8000 	C:\WINDOWS\System32\PSAPI.DLL
0x00007fff75b70000 - 0x00007fff75b79000 	C:\WINDOWS\SYSTEM32\WSOCK32.dll
0x00007fffd03f0000 - 0x00007fffd045f000 	C:\WINDOWS\System32\WS2_32.dll
0x00007fffc7ed0000 - 0x00007fffc7f03000 	C:\WINDOWS\SYSTEM32\WINMM.dll
0x00007fffc60b0000 - 0x00007fffc60ba000 	C:\WINDOWS\SYSTEM32\VERSION.dll
0x00007fffcd6d0000 - 0x00007fffcd6e8000 	C:\WINDOWS\SYSTEM32\kernel.appcore.dll
0x00007fffc81d0000 - 0x00007fffc81da000 	c:\Users\DELL\.vscode\extensions\redhat.java-1.11.0-win32-x64\jre\17.0.4.1-win32-x86_64\bin\jimage.dll
0x00007fffc3490000 - 0x00007fffc36b1000 	C:\WINDOWS\SYSTEM32\DBGHELP.DLL
0x00007fffbc710000 - 0x00007fffbc741000 	C:\WINDOWS\SYSTEM32\dbgcore.DLL
0x00007fffcef30000 - 0x00007fffcefaf000 	C:\WINDOWS\System32\bcryptPrimitives.dll
0x00007fffc80f0000 - 0x00007fffc8115000 	c:\Users\DELL\.vscode\extensions\redhat.java-1.11.0-win32-x64\jre\17.0.4.1-win32-x86_64\bin\java.dll
0x00007fffc1530000 - 0x00007fffc1548000 	c:\Users\DELL\.vscode\extensions\redhat.java-1.11.0-win32-x64\jre\17.0.4.1-win32-x86_64\bin\zip.dll
0x00007fffcf010000 - 0x00007fffcf7c8000 	C:\WINDOWS\System32\SHELL32.dll
0x00007fffcc720000 - 0x00007fffccf88000 	C:\WINDOWS\SYSTEM32\windows.storage.dll
0x00007fffcfa60000 - 0x00007fffcfdd9000 	C:\WINDOWS\System32\combase.dll
0x00007fffcc5b0000 - 0x00007fffcc716000 	C:\WINDOWS\SYSTEM32\wintypes.dll
0x00007fffcfeb0000 - 0x00007fffcff9a000 	C:\WINDOWS\System32\SHCORE.dll
0x00007fffcefb0000 - 0x00007fffcf00d000 	C:\WINDOWS\System32\shlwapi.dll
0x00007fffce530000 - 0x00007fffce551000 	C:\WINDOWS\SYSTEM32\profapi.dll
0x00007fffc13e0000 - 0x00007fffc13f9000 	C:\Users\DELL\.vscode\extensions\redhat.java-1.11.0-win32-x64\jre\17.0.4.1-win32-x86_64\bin\net.dll
0x00007fffc71f0000 - 0x00007fffc72fc000 	C:\WINDOWS\SYSTEM32\WINHTTP.dll
0x00007fffcdb20000 - 0x00007fffcdb87000 	C:\WINDOWS\system32\mswsock.dll
0x00007fffbd880000 - 0x00007fffbd895000 	C:\Users\DELL\.vscode\extensions\redhat.java-1.11.0-win32-x64\jre\17.0.4.1-win32-x86_64\bin\nio.dll
0x00007fffc80e0000 - 0x00007fffc80f0000 	c:\Users\DELL\.vscode\extensions\redhat.java-1.11.0-win32-x64\jre\17.0.4.1-win32-x86_64\bin\verify.dll
0x00007fffc1520000 - 0x00007fffc1529000 	C:\Users\DELL\.vscode\extensions\redhat.java-1.11.0-win32-x64\jre\17.0.4.1-win32-x86_64\bin\management.dll
0x00007fffc1420000 - 0x00007fffc142b000 	C:\Users\DELL\.vscode\extensions\redhat.java-1.11.0-win32-x64\jre\17.0.4.1-win32-x86_64\bin\management_ext.dll
0x00007fffb1800000 - 0x00007fffb1817000 	C:\WINDOWS\system32\napinsp.dll
0x00007fffb17e0000 - 0x00007fffb17fb000 	C:\WINDOWS\system32\pnrpnsp.dll
0x00007fffcd260000 - 0x00007fffcd348000 	C:\WINDOWS\SYSTEM32\DNSAPI.dll
0x00007fffcd1f0000 - 0x00007fffcd21d000 	C:\WINDOWS\SYSTEM32\IPHLPAPI.DLL
0x00007fffd0b50000 - 0x00007fffd0b59000 	C:\WINDOWS\System32\NSI.dll
0x00007fffb17c0000 - 0x00007fffb17d2000 	C:\WINDOWS\System32\winrnr.dll
0x00007fffb17a0000 - 0x00007fffb17b5000 	C:\WINDOWS\system32\wshbth.dll
0x00007fffb1780000 - 0x00007fffb179f000 	C:\WINDOWS\system32\nlansp_c.dll
0x00007fffc3200000 - 0x00007fffc320a000 	C:\Windows\System32\rasadhlp.dll
0x00007fffc3360000 - 0x00007fffc33e1000 	C:\WINDOWS\System32\fwpuclnt.dll
0x00007fffcdd70000 - 0x00007fffcdd88000 	C:\WINDOWS\SYSTEM32\CRYPTSP.dll
0x00007fffcd620000 - 0x00007fffcd655000 	C:\WINDOWS\system32\rsaenh.dll
0x00007fffcdc10000 - 0x00007fffcdc39000 	C:\WINDOWS\SYSTEM32\USERENV.dll
0x00007fffcdf60000 - 0x00007fffcdf87000 	C:\WINDOWS\SYSTEM32\bcrypt.dll
0x00007fffcdd60000 - 0x00007fffcdd6c000 	C:\WINDOWS\SYSTEM32\CRYPTBASE.dll
0x00007fffc6f40000 - 0x00007fffc6f59000 	C:\WINDOWS\SYSTEM32\dhcpcsvc6.DLL
0x00007fffc7570000 - 0x00007fffc758e000 	C:\WINDOWS\SYSTEM32\dhcpcsvc.DLL

dbghelp: loaded successfully - version: 4.0.5 - missing functions: none
symbol engine: initialized successfully - sym options: 0x614 - pdb path: .;c:\Users\DELL\.vscode\extensions\redhat.java-1.11.0-win32-x64\jre\17.0.4.1-win32-x86_64\bin;C:\WINDOWS\SYSTEM32;C:\WINDOWS\WinSxS\amd64_microsoft.windows.common-controls_6595b64144ccf1df_6.0.22000.120_none_9d947278b86cc467;c:\Users\DELL\.vscode\extensions\redhat.java-1.11.0-win32-x64\jre\17.0.4.1-win32-x86_64\bin\server

VM Arguments:
jvm_args: -Dsts.lsp.client=vscode -Dsts.log.file=/dev/null -XX:TieredStopAtLevel=1 -Xlog:jni+resolve=off -Dspring.config.location=file:c:\Users\DELL\.vscode\extensions\pivotal.vscode-spring-boot-1.39.0\language-server\BOOT-INF\classes\application.properties 
java_command: org.springframework.ide.vscode.boot.app.BootLanguageServerBootApp
java_class_path (initial): c:\Users\DELL\.vscode\extensions\pivotal.vscode-spring-boot-1.39.0\language-server\BOOT-INF\classes;c:\Users\DELL\.vscode\extensions\pivotal.vscode-spring-boot-1.39.0\language-server\BOOT-INF\lib\annotations-23.0.0.jar;c:\Users\DELL\.vscode\extensions\pivotal.vscode-spring-boot-1.39.0\language-server\BOOT-INF\lib\antlr-runtime-3.5.2.jar;c:\Users\DELL\.vscode\extensions\pivotal.vscode-spring-boot-1.39.0\language-server\BOOT-INF\lib\antlr4-4.9.3.jar;c:\Users\DELL\.vscode\extensions\pivotal.vscode-spring-boot-1.39.0\language-server\BOOT-INF\lib\antlr4-runtime-4.9.3.jar;c:\Users\DELL\.vscode\extensions\pivotal.vscode-spring-boot-1.39.0\language-server\BOOT-INF\lib\asm-9.3.jar;c:\Users\DELL\.vscode\extensions\pivotal.vscode-spring-boot-1.39.0\language-server\BOOT-INF\lib\asm-analysis-9.3.jar;c:\Users\DELL\.vscode\extensions\pivotal.vscode-spring-boot-1.39.0\language-server\BOOT-INF\lib\asm-tree-9.3.jar;c:\Users\DELL\.vscode\extensions\pivotal.vscode-spring-boot-1.39.0\language-server\BOOT-INF\lib\asm-util-9.3.jar;c:\Users\DELL\.vscode\extensions\pivotal.vscode-spring-boot-1.39.0\language-server\BOOT-INF\lib\byte-buddy-1.12.13.jar;c:\Users\DELL\.vscode\extensions\pivotal.vscode-spring-boot-1.39.0\language-server\BOOT-INF\lib\caffeine-2.9.3.jar;c:\Users\DELL\.vscode\extensions\pivotal.vscode-spring-boot-1.39.0\language-server\BOOT-INF\lib\checker-qual-3.12.0.jar;c:\Users\DELL\.vscode\extensions\pivotal.vscode-spring-boot-1.39.0\language-server\BOOT-INF\lib\classgraph-4.8.149.jar;c:\Users\DELL\.vscode\extensions\pivotal.vscode-spring-boot-1.39.0\language-server\BOOT-INF\lib\commons-codec-1.15.jar;c:\Users\DELL\.vscode\extensions\pivotal.vscode-spring-boot-1.39.0\language-server\BOOT-INF\lib\commons-compress-1.21.jar;c:\Users\DELL\.vscode\extensions\pivotal.vscode-spring-boot-1.39.0\language-server\BOOT-INF\lib\commons-exec-1.3.jar;c:\Users\DELL\.vscode\extensions\pivotal.vscode-spring-boot-1.39.0\language-server\BOOT-INF\lib\commons-io-2.4.jar;c
Launcher Type: SUN_STANDARD

[Global flags]
     intx CICompilerCount                          = 3                                         {product} {ergonomic}
     uint ConcGCThreads                            = 1                                         {product} {ergonomic}
     uint G1ConcRefinementThreads                  = 4                                         {product} {ergonomic}
   size_t G1HeapRegionSize                         = 1048576                                   {product} {ergonomic}
    uintx GCDrainStackTargetSize                   = 64                                        {product} {ergonomic}
   size_t InitialHeapSize                          = 58720256                                  {product} {ergonomic}
   size_t MarkStackSize                            = 4194304                                   {product} {ergonomic}
   size_t MaxHeapSize                              = 910163968                                 {product} {ergonomic}
   size_t MaxNewSize                               = 545259520                                 {product} {ergonomic}
   size_t MinHeapDeltaBytes                        = 1048576                                   {product} {ergonomic}
   size_t MinHeapSize                              = 8388608                                   {product} {ergonomic}
    uintx NonProfiledCodeHeapSize                  = 0                                      {pd product} {ergonomic}
     bool ProfileInterpreter                       = false                                  {pd product} {command line}
    uintx ProfiledCodeHeapSize                     = 0                                      {pd product} {ergonomic}
   size_t SoftMaxHeapSize                          = 910163968                              {manageable} {ergonomic}
     intx TieredStopAtLevel                        = 1                                         {product} {command line}
     bool UseCompressedClassPointers               = true                           {product lp64_product} {ergonomic}
     bool UseCompressedOops                        = true                           {product lp64_product} {ergonomic}
     bool UseG1GC                                  = true                                      {product} {ergonomic}
     bool UseLargePagesIndividualAllocation        = false                                  {pd product} {ergonomic}

Logging:
Log output configuration:
 #0: stdout all=warning,jni+resolve=off uptime,level,tags
 #1: stderr all=off uptime,level,tags

Environment Variables:
JAVA_HOME=C:\Program Files\Java\jdk1.8.0_202
PATH=C:\Program Files\Docker\Docker\resources\bin;C:\Program Files (x86)\Common Files\Oracle\Java\javapath;C:\WINDOWS\system32;C:\WINDOWS;C:\WINDOWS\System32\Wbem;C:\WINDOWS\System32\WindowsPowerShell\v1.0\;C:\WINDOWS\System32\OpenSSH\;C:\Program Files\dotnet\;C:\Program Files\Git\cmd;C:\Program Files\Java\jdk1.8.0_202\bin;C:\Program Files\apache-maven-3.8.6-bin\apache-maven-3.8.6\bin;C:\Program Files\nodejs\;%AppData%\npm;C:\ProgramData\DockerDesktop\version-bin;C:\Program Files\MySQL\MySQL Shell 8.0\bin\;C:\Users\DELL\AppData\Local\Microsoft\WindowsApps;C:\Users\DELL\AppData\Local\Programs\Microsoft VS Code\bin;C:\Users\DELL\AppData\Roaming\npm
USERNAME=DELL
OS=Windows_NT
PROCESSOR_IDENTIFIER=AMD64 Family 23 Model 24 Stepping 1, AuthenticAMD
TMP=C:\Users\DELL\AppData\Local\Temp
TEMP=C:\Users\DELL\AppData\Local\Temp



---------------  S Y S T E M  ---------------

OS:
 Windows 11 , 64 bit Build 22000 (10.0.22000.708)
OS uptime: 0 days 5:03 hours
Hyper-V role detected

CPU: total 4 (initial active 4) (4 cores per cpu, 2 threads per core) family 23 model 24 stepping 1 microcode 0x0, cx8, cmov, fxsr, ht, mmx, 3dnowpref, sse, sse2, sse3, ssse3, sse4a, sse4.1, sse4.2, popcnt, lzcnt, tsc, tscinvbit, avx, avx2, aes, clmul, bmi1, bmi2, adx, sha, fma, vzeroupper, clflush, clflushopt, hv

Memory: 4k page, system-wide physical 3470M (50M free)
TotalPageFile size 14222M (AvailPageFile size 61M)
current process WorkingSet (physical memory assigned to process): 447M, peak: 457M
current process commit charge ("private bytes"): 574M, peak: 683M

vm_info: OpenJDK 64-Bit Server VM (17.0.4.1+1) for windows-amd64 JRE (17.0.4.1+1), built on Aug 17 2022 07:42:43 by "temurin" with MS VC++ 16.7 (VS2019)

END.
